#
# There is insufficient memory for the Java Runtime Environment to continue.
# Native memory allocation (malloc) failed to allocate 1073616 bytes for Chunk::new
# Possible reasons:
#   The system is out of physical RAM or swap space
#   The process is running with CompressedOops enabled, and the Java Heap may be blocking the growth of the native heap
# Possible solutions:
#   Reduce memory load on the system
#   Increase physical memory or swap space
#   Check if swap backing store is full
#   Decrease Java heap size (-Xmx/-Xms)
#   Decrease number of Java threads
#   Decrease Java thread stack sizes (-Xss)
#   Set larger code cache with -XX:ReservedCodeCacheSize=
#   JVM is running with Unscaled Compressed Oops mode in which the Java heap is
#     placed in the first 4GB address space. The Java Heap base address is the
#     maximum limit for the native heap growth. Please use -XX:HeapBaseMinAddress
#     to set the Java Heap base and to place the Java Heap above 4GB virtual address.
# This output file may be truncated or incomplete.
#
#  Out of Memory Error (./src/hotspot/share/memory/arena.cpp:197), pid=18980, tid=17580
#
# JRE version: OpenJDK Runtime Environment (11.0.13) (build 11.0.13+0-b1751.21-8125866)
# Java VM: OpenJDK 64-Bit Server VM (11.0.13+0-b1751.21-8125866, mixed mode, tiered, compressed oops, g1 gc, windows-amd64)
# No core dump will be written. Minidumps are not enabled by default on client versions of Windows
#

---------------  S U M M A R Y ------------

Command Line: --add-opens=java.base/java.util=ALL-UNNAMED --add-opens=java.base/java.lang=ALL-UNNAMED --add-opens=java.base/java.lang.invoke=ALL-UNNAMED --add-opens=java.base/java.util=ALL-UNNAMED --add-opens=java.prefs/java.util.prefs=ALL-UNNAMED --add-opens=java.prefs/java.util.prefs=ALL-UNNAMED --add-opens=java.base/java.nio.charset=ALL-UNNAMED --add-opens=java.base/java.net=ALL-UNNAMED --add-opens=java.base/java.util.concurrent.atomic=ALL-UNNAMED -Xmx2048m -Dfile.encoding=UTF-8 -Duser.country=ID -Duser.language=en -Duser.variant org.gradle.launcher.daemon.bootstrap.GradleDaemon 7.4

Host: AMD Ryzen 5 3550H with Radeon Vega Mobile Gfx  , 8 cores, 15G,  Windows 10 , 64 bit Build 19041 (10.0.19041.3393)
Time: Thu Oct 12 10:53:46 2023 SE Asia Standard Time elapsed time: 49.460938 seconds (0d 0h 0m 49s)

---------------  T H R E A D  ---------------

Current thread (0x00000224ab382000):  JavaThread "C2 CompilerThread0" daemon [_thread_in_native, id=17580, stack(0x000000633e300000,0x000000633e400000)]


Current CompileTask:
C2:  49461 5176       4       org.objectweb.asm.ClassReader::readCode (5109 bytes)

Stack: [0x000000633e300000,0x000000633e400000]
Native frames: (J=compiled Java code, j=interpreted, Vv=VM code, C=native code)
V  [jvm.dll+0x6100fa]
V  [jvm.dll+0x747090]
V  [jvm.dll+0x7486ad]
V  [jvm.dll+0x748d83]
V  [jvm.dll+0x24ab48]
V  [jvm.dll+0xc04dc]
V  [jvm.dll+0xc0a0c]
V  [jvm.dll+0x2bfab4]
V  [jvm.dll+0x524238]
V  [jvm.dll+0x204a21]
V  [jvm.dll+0x2023c2]
V  [jvm.dll+0x188e01]
V  [jvm.dll+0x21106b]
V  [jvm.dll+0x20f8c1]
V  [jvm.dll+0x70de0f]
V  [jvm.dll+0x706a75]
V  [jvm.dll+0x60ed66]
C  [ucrtbase.dll+0x21bb2]
C  [KERNEL32.DLL+0x17344]
C  [ntdll.dll+0x526b1]


---------------  P R O C E S S  ---------------

Threads class SMR info:
_java_thread_list=0x00000224b5115090, length=40, elements={
0x000002248e66d800, 0x00000224ab330000, 0x00000224ab333000, 0x00000224ab328800,
0x00000224ab32a000, 0x00000224ab37f800, 0x00000224ab382000, 0x00000224ab383000,
0x00000224ab386000, 0x00000224ab501800, 0x00000224ada99000, 0x00000224ace29000,
0x00000224ae0f9800, 0x00000224adae3800, 0x00000224aea88000, 0x00000224acbca800,
0x00000224ac990800, 0x00000224ad956800, 0x00000224ae82e800, 0x00000224adaf4800,
0x00000224acb6f000, 0x00000224acb6c000, 0x00000224acb6d000, 0x00000224acb6d800,
0x00000224acb6a800, 0x00000224acb70000, 0x00000224acb71000, 0x00000224acb6b000,
0x00000224acb6e800, 0x00000224acf6a800, 0x00000224acf6a000, 0x00000224acf6b800,
0x00000224acf66000, 0x00000224acf6c800, 0x00000224acf66800, 0x00000224acf69000,
0x00000224acf6d000, 0x00000224acf67800, 0x00000224acf6e000, 0x00000224ab8f0800
}

Java Threads: ( => current thread )
  0x000002248e66d800 JavaThread "main" [_thread_blocked, id=13120, stack(0x000000633d700000,0x000000633d800000)]
  0x00000224ab330000 JavaThread "Reference Handler" daemon [_thread_blocked, id=16516, stack(0x000000633de00000,0x000000633df00000)]
  0x00000224ab333000 JavaThread "Finalizer" daemon [_thread_blocked, id=14796, stack(0x000000633df00000,0x000000633e000000)]
  0x00000224ab328800 JavaThread "Signal Dispatcher" daemon [_thread_blocked, id=9840, stack(0x000000633e000000,0x000000633e100000)]
  0x00000224ab32a000 JavaThread "Attach Listener" daemon [_thread_blocked, id=10876, stack(0x000000633e100000,0x000000633e200000)]
  0x00000224ab37f800 JavaThread "Service Thread" daemon [_thread_blocked, id=18996, stack(0x000000633e200000,0x000000633e300000)]
=>0x00000224ab382000 JavaThread "C2 CompilerThread0" daemon [_thread_in_native, id=17580, stack(0x000000633e300000,0x000000633e400000)]
  0x00000224ab383000 JavaThread "C1 CompilerThread0" daemon [_thread_in_native, id=21628, stack(0x000000633e400000,0x000000633e500000)]
  0x00000224ab386000 JavaThread "Sweeper thread" daemon [_thread_blocked, id=19096, stack(0x000000633e500000,0x000000633e600000)]
  0x00000224ab501800 JavaThread "Common-Cleaner" daemon [_thread_blocked, id=11012, stack(0x000000633e600000,0x000000633e700000)]
  0x00000224ada99000 JavaThread "Daemon health stats" [_thread_blocked, id=9900, stack(0x000000633ee00000,0x000000633ef00000)]
  0x00000224ace29000 JavaThread "Incoming local TCP Connector on port 62742" [_thread_in_native, id=23068, stack(0x000000633ec00000,0x000000633ed00000)]
  0x00000224ae0f9800 JavaThread "Daemon periodic checks" [_thread_blocked, id=23064, stack(0x000000633ed00000,0x000000633ee00000)]
  0x00000224adae3800 JavaThread "Daemon" [_thread_blocked, id=20544, stack(0x000000633ef00000,0x000000633f000000)]
  0x00000224aea88000 JavaThread "Handler for socket connection from /127.0.0.1:62742 to /127.0.0.1:62743" [_thread_in_native, id=16096, stack(0x000000633f000000,0x000000633f100000)]
  0x00000224acbca800 JavaThread "Cancel handler" [_thread_blocked, id=13436, stack(0x000000633f100000,0x000000633f200000)]
  0x00000224ac990800 JavaThread "Daemon worker" [_thread_in_Java, id=21800, stack(0x000000633f200000,0x000000633f300000)]
  0x00000224ad956800 JavaThread "Asynchronous log dispatcher for DefaultDaemonConnection: socket connection from /127.0.0.1:62742 to /127.0.0.1:62743" [_thread_blocked, id=22008, stack(0x000000633f300000,0x000000633f400000)]
  0x00000224ae82e800 JavaThread "Stdin handler" [_thread_blocked, id=15864, stack(0x000000633f400000,0x000000633f500000)]
  0x00000224adaf4800 JavaThread "Daemon client event forwarder" [_thread_blocked, id=7216, stack(0x000000633f500000,0x000000633f600000)]
  0x00000224acb6f000 JavaThread "Cache worker for journal cache (C:\Users\TUF\.gradle\caches\journal-1)" [_thread_blocked, id=17724, stack(0x000000633f600000,0x000000633f700000)]
  0x00000224acb6c000 JavaThread "File lock request listener" [_thread_in_native, id=10576, stack(0x000000633f700000,0x000000633f800000)]
  0x00000224acb6d000 JavaThread "Cache worker for file hash cache (C:\Users\TUF\.gradle\caches\7.4\fileHashes)" [_thread_blocked, id=18324, stack(0x000000633fc00000,0x000000633fd00000)]
  0x00000224acb6d800 JavaThread "File watcher server" daemon [_thread_in_native, id=1116, stack(0x000000633fe00000,0x000000633ff00000)]
  0x00000224acb6a800 JavaThread "File watcher consumer" daemon [_thread_blocked, id=12352, stack(0x000000633ff00000,0x0000006340000000)]
  0x00000224acb70000 JavaThread "jar transforms" [_thread_blocked, id=16532, stack(0x0000006340000000,0x0000006340100000)]
  0x00000224acb71000 JavaThread "jar transforms Thread 2" [_thread_blocked, id=21916, stack(0x0000006340100000,0x0000006340200000)]
  0x00000224acb6b000 JavaThread "jar transforms Thread 3" [_thread_blocked, id=7584, stack(0x0000006340200000,0x0000006340300000)]
  0x00000224acb6e800 JavaThread "jar transforms Thread 4" [_thread_blocked, id=16468, stack(0x0000006340300000,0x0000006340400000)]
  0x00000224acf6a800 JavaThread "jar transforms Thread 5" [_thread_blocked, id=14976, stack(0x0000006340400000,0x0000006340500000)]
  0x00000224acf6a000 JavaThread "jar transforms Thread 6" [_thread_blocked, id=2996, stack(0x0000006340500000,0x0000006340600000)]
  0x00000224acf6b800 JavaThread "jar transforms Thread 7" [_thread_blocked, id=23884, stack(0x0000006340600000,0x0000006340700000)]
  0x00000224acf66000 JavaThread "jar transforms Thread 8" [_thread_blocked, id=20452, stack(0x0000006340700000,0x0000006340800000)]
  0x00000224acf6c800 JavaThread "Cache worker for checksums cache (C:\Users\TUF\AndroidStudioProjects\MyAbsent\.gradle\7.4\checksums)" [_thread_blocked, id=9380, stack(0x000000633fd00000,0x000000633fe00000)]
  0x00000224acf66800 JavaThread "Cache worker for cache directory md-rule (C:\Users\TUF\.gradle\caches\7.4\md-rule)" [_thread_blocked, id=8600, stack(0x0000006340800000,0x0000006340900000)]
  0x00000224acf69000 JavaThread "Cache worker for file hash cache (C:\Users\TUF\AndroidStudioProjects\MyAbsent\.gradle\7.4\fileHashes)" [_thread_blocked, id=13080, stack(0x0000006340900000,0x0000006340a00000)]
  0x00000224acf6d000 JavaThread "Cache worker for cache directory md-supplier (C:\Users\TUF\.gradle\caches\7.4\md-supplier)" [_thread_blocked, id=24364, stack(0x0000006340a00000,0x0000006340b00000)]
  0x00000224acf67800 JavaThread "Cache worker for execution history cache (C:\Users\TUF\.gradle\caches\7.4\executionHistory)" [_thread_blocked, id=9460, stack(0x0000006340b00000,0x0000006340c00000)]
  0x00000224acf6e000 JavaThread "Cache worker for file content cache (C:\Users\TUF\.gradle\caches\7.4\fileContent)" [_thread_blocked, id=8752, stack(0x0000006340f00000,0x0000006341000000)]
  0x00000224ab8f0800 JavaThread "C2 CompilerThread1" daemon [_thread_in_native, id=1028, stack(0x000000633d500000,0x000000633d600000)]

Other Threads:
  0x00000224ab319800 VMThread "VM Thread" [stack: 0x000000633dd00000,0x000000633de00000] [id=18936]
  0x00000224ab562800 WatcherThread [stack: 0x000000633e700000,0x000000633e800000] [id=10540]
  0x000002248e687000 GCTaskThread "GC Thread#0" [stack: 0x000000633d800000,0x000000633d900000] [id=23928]
  0x00000224ab5fc800 GCTaskThread "GC Thread#1" [stack: 0x000000633e800000,0x000000633e900000] [id=5152]
  0x00000224ac3ea800 GCTaskThread "GC Thread#2" [stack: 0x000000633e900000,0x000000633ea00000] [id=20396]
  0x00000224ac240000 GCTaskThread "GC Thread#3" [stack: 0x000000633ea00000,0x000000633eb00000] [id=23908]
  0x00000224ac1d1000 GCTaskThread "GC Thread#4" [stack: 0x000000633eb00000,0x000000633ec00000] [id=7472]
  0x00000224abc3e800 GCTaskThread "GC Thread#5" [stack: 0x000000633f800000,0x000000633f900000] [id=12164]
  0x00000224ace2c000 GCTaskThread "GC Thread#6" [stack: 0x000000633f900000,0x000000633fa00000] [id=13012]
  0x00000224ac52c800 GCTaskThread "GC Thread#7" [stack: 0x000000633fa00000,0x000000633fb00000] [id=18944]
  0x000002248e6b8000 ConcurrentGCThread "G1 Main Marker" [stack: 0x000000633d900000,0x000000633da00000] [id=16268]
  0x000002248e6b9800 ConcurrentGCThread "G1 Conc#0" [stack: 0x000000633da00000,0x000000633db00000] [id=18864]
  0x00000224ac0d0800 ConcurrentGCThread "G1 Conc#1" [stack: 0x000000633fb00000,0x000000633fc00000] [id=1144]
  0x00000224aa968800 ConcurrentGCThread "G1 Refine#0" [stack: 0x000000633db00000,0x000000633dc00000] [id=5136]
  0x00000224aa96c000 ConcurrentGCThread "G1 Young RemSet Sampling" [stack: 0x000000633dc00000,0x000000633dd00000] [id=17460]

Threads with active compile tasks:
C2 CompilerThread0  49517 5176       4       org.objectweb.asm.ClassReader::readCode (5109 bytes)
C1 CompilerThread0  49517 5266       3       org.codehaus.groovy.util.ReferenceType$2::createReference (11 bytes)
C2 CompilerThread1  49517 5232       4       java.util.StringJoiner::toString (181 bytes)

VM state:not at safepoint (normal execution)

VM Mutex/Monitor currently owned by a thread: None

Heap address: 0x0000000080000000, size: 2048 MB, Compressed Oops mode: 32-bit
Narrow klass base: 0x0000000000000000, Narrow klass shift: 3
Compressed class space size: 1073741824 Address: 0x0000000100000000

Heap:
 garbage-first heap   total 366592K, used 289341K [0x0000000080000000, 0x0000000100000000)
  region size 1024K, 199 young (203776K), 12 survivors (12288K)
 Metaspace       used 44810K, capacity 45974K, committed 46256K, reserved 1089536K
  class space    used 5669K, capacity 6089K, committed 6144K, reserved 1048576K
Heap Regions: E=young(eden), S=young(survivor), O=old, HS=humongous(starts), HC=humongous(continues), CS=collection set, F=free, A=archive, TAMS=top-at-mark-start (previous, next)
|   0|0x0000000080000000, 0x0000000080100000, 0x0000000080100000|100%|HS|  |TAMS 0x0000000080100000, 0x0000000080000000| Complete 
|   1|0x0000000080100000, 0x0000000080200000, 0x0000000080200000|100%|HC|  |TAMS 0x0000000080200000, 0x0000000080100000| Complete 
|   2|0x0000000080200000, 0x0000000080300000, 0x0000000080300000|100%| O|  |TAMS 0x0000000080300000, 0x0000000080200000| Untracked 
|   3|0x0000000080300000, 0x0000000080400000, 0x0000000080400000|100%|HS|  |TAMS 0x0000000080400000, 0x0000000080300000| Complete 
|   4|0x0000000080400000, 0x0000000080500000, 0x0000000080500000|100%|HC|  |TAMS 0x0000000080500000, 0x0000000080400000| Complete 
|   5|0x0000000080500000, 0x0000000080600000, 0x0000000080600000|100%|HC|  |TAMS 0x0000000080600000, 0x0000000080500000| Complete 
|   6|0x0000000080600000, 0x0000000080700000, 0x0000000080700000|100%| O|  |TAMS 0x0000000080700000, 0x0000000080600000| Untracked 
|   7|0x0000000080700000, 0x0000000080800000, 0x0000000080800000|100%| O|  |TAMS 0x0000000080800000, 0x0000000080700000| Untracked 
|   8|0x0000000080800000, 0x0000000080900000, 0x0000000080900000|100%| O|  |TAMS 0x0000000080900000, 0x0000000080800000| Untracked 
|   9|0x0000000080900000, 0x0000000080a00000, 0x0000000080a00000|100%| O|  |TAMS 0x0000000080a00000, 0x0000000080900000| Untracked 
|  10|0x0000000080a00000, 0x0000000080b00000, 0x0000000080b00000|100%|HS|  |TAMS 0x0000000080b00000, 0x0000000080a00000| Complete 
|  11|0x0000000080b00000, 0x0000000080c00000, 0x0000000080c00000|100%|HC|  |TAMS 0x0000000080c00000, 0x0000000080b00000| Complete 
|  12|0x0000000080c00000, 0x0000000080d00000, 0x0000000080d00000|100%|HC|  |TAMS 0x0000000080d00000, 0x0000000080c00000| Complete 
|  13|0x0000000080d00000, 0x0000000080e00000, 0x0000000080e00000|100%| O|  |TAMS 0x0000000080e00000, 0x0000000080d00000| Untracked 
|  14|0x0000000080e00000, 0x0000000080f00000, 0x0000000080f00000|100%| O|  |TAMS 0x0000000080f00000, 0x0000000080e00000| Untracked 
|  15|0x0000000080f00000, 0x0000000081000000, 0x0000000081000000|100%| O|  |TAMS 0x0000000081000000, 0x0000000080f00000| Untracked 
|  16|0x0000000081000000, 0x0000000081100000, 0x0000000081100000|100%| O|  |TAMS 0x0000000081100000, 0x0000000081000000| Untracked 
|  17|0x0000000081100000, 0x0000000081200000, 0x0000000081200000|100%| O|  |TAMS 0x0000000081200000, 0x0000000081100000| Untracked 
|  18|0x0000000081200000, 0x0000000081300000, 0x0000000081300000|100%| O|  |TAMS 0x0000000081300000, 0x0000000081200000| Untracked 
|  19|0x0000000081300000, 0x0000000081400000, 0x0000000081400000|100%| O|  |TAMS 0x0000000081400000, 0x0000000081300000| Untracked 
|  20|0x0000000081400000, 0x0000000081500000, 0x0000000081500000|100%| O|  |TAMS 0x0000000081500000, 0x0000000081400000| Untracked 
|  21|0x0000000081500000, 0x0000000081600000, 0x0000000081600000|100%| O|  |TAMS 0x000000008150c800, 0x0000000081500000| Untracked 
|  22|0x0000000081600000, 0x0000000081700000, 0x0000000081700000|100%|HS|  |TAMS 0x0000000081700000, 0x0000000081600000| Complete 
|  23|0x0000000081700000, 0x0000000081800000, 0x0000000081800000|100%|HC|  |TAMS 0x0000000081800000, 0x0000000081700000| Complete 
|  24|0x0000000081800000, 0x0000000081900000, 0x0000000081900000|100%|HC|  |TAMS 0x0000000081900000, 0x0000000081800000| Complete 
|  25|0x0000000081900000, 0x0000000081a00000, 0x0000000081a00000|100%|HS|  |TAMS 0x0000000081a00000, 0x0000000081900000| Complete 
|  26|0x0000000081a00000, 0x0000000081b00000, 0x0000000081b00000|100%|HC|  |TAMS 0x0000000081b00000, 0x0000000081a00000| Complete 
|  27|0x0000000081b00000, 0x0000000081c00000, 0x0000000081c00000|100%|HC|  |TAMS 0x0000000081c00000, 0x0000000081b00000| Complete 
|  28|0x0000000081c00000, 0x0000000081d00000, 0x0000000081d00000|100%|HC|  |TAMS 0x0000000081d00000, 0x0000000081c00000| Complete 
|  29|0x0000000081d00000, 0x0000000081e00000, 0x0000000081e00000|100%|HS|  |TAMS 0x0000000081e00000, 0x0000000081d00000| Complete 
|  30|0x0000000081e00000, 0x0000000081f00000, 0x0000000081f00000|100%|HC|  |TAMS 0x0000000081f00000, 0x0000000081e00000| Complete 
|  31|0x0000000081f00000, 0x0000000082000000, 0x0000000082000000|100%|HC|  |TAMS 0x0000000082000000, 0x0000000081f00000| Complete 
|  32|0x0000000082000000, 0x0000000082100000, 0x0000000082100000|100%|HC|  |TAMS 0x0000000082100000, 0x0000000082000000| Complete 
|  33|0x0000000082100000, 0x0000000082200000, 0x0000000082200000|100%|HC|  |TAMS 0x0000000082200000, 0x0000000082100000| Complete 
|  34|0x0000000082200000, 0x0000000082300000, 0x0000000082300000|100%| O|  |TAMS 0x0000000082200000, 0x0000000082200000| Untracked 
|  35|0x0000000082300000, 0x0000000082400000, 0x0000000082400000|100%| O|  |TAMS 0x0000000082300000, 0x0000000082300000| Untracked 
|  36|0x0000000082400000, 0x0000000082500000, 0x0000000082500000|100%| O|  |TAMS 0x0000000082400000, 0x0000000082400000| Untracked 
|  37|0x0000000082500000, 0x0000000082600000, 0x0000000082600000|100%| O|  |TAMS 0x0000000082500000, 0x0000000082500000| Untracked 
|  38|0x0000000082600000, 0x0000000082700000, 0x0000000082700000|100%| O|  |TAMS 0x0000000082600000, 0x0000000082600000| Untracked 
|  39|0x0000000082700000, 0x0000000082800000, 0x0000000082800000|100%| O|  |TAMS 0x0000000082700000, 0x0000000082700000| Untracked 
|  40|0x0000000082800000, 0x0000000082900000, 0x0000000082900000|100%| O|  |TAMS 0x0000000082800000, 0x0000000082800000| Untracked 
|  41|0x0000000082900000, 0x0000000082a00000, 0x0000000082a00000|100%| O|  |TAMS 0x0000000082900000, 0x0000000082900000| Untracked 
|  42|0x0000000082a00000, 0x0000000082b00000, 0x0000000082b00000|100%| O|  |TAMS 0x0000000082a00000, 0x0000000082a00000| Untracked 
|  43|0x0000000082b00000, 0x0000000082c00000, 0x0000000082c00000|100%| O|  |TAMS 0x0000000082b00000, 0x0000000082b00000| Untracked 
|  44|0x0000000082c00000, 0x0000000082d00000, 0x0000000082d00000|100%| O|  |TAMS 0x0000000082c00000, 0x0000000082c00000| Untracked 
|  45|0x0000000082d00000, 0x0000000082e00000, 0x0000000082e00000|100%| O|  |TAMS 0x0000000082d00000, 0x0000000082d00000| Untracked 
|  46|0x0000000082e00000, 0x0000000082f00000, 0x0000000082f00000|100%| O|  |TAMS 0x0000000082e00000, 0x0000000082e00000| Untracked 
|  47|0x0000000082f00000, 0x0000000083000000, 0x0000000083000000|100%| O|  |TAMS 0x0000000082f00000, 0x0000000082f00000| Untracked 
|  48|0x0000000083000000, 0x0000000083100000, 0x0000000083100000|100%| O|  |TAMS 0x0000000083000000, 0x0000000083000000| Untracked 
|  49|0x0000000083100000, 0x0000000083200000, 0x0000000083200000|100%| O|  |TAMS 0x0000000083100000, 0x0000000083100000| Untracked 
|  50|0x0000000083200000, 0x0000000083300000, 0x0000000083300000|100%| O|  |TAMS 0x0000000083200000, 0x0000000083200000| Untracked 
|  51|0x0000000083300000, 0x0000000083400000, 0x0000000083400000|100%| O|  |TAMS 0x0000000083300000, 0x0000000083300000| Untracked 
|  52|0x0000000083400000, 0x0000000083500000, 0x0000000083500000|100%| O|  |TAMS 0x0000000083400000, 0x0000000083400000| Untracked 
|  53|0x0000000083500000, 0x0000000083600000, 0x0000000083600000|100%| O|  |TAMS 0x0000000083500000, 0x0000000083500000| Untracked 
|  54|0x0000000083600000, 0x0000000083700000, 0x0000000083700000|100%| O|  |TAMS 0x0000000083600000, 0x0000000083600000| Untracked 
|  55|0x0000000083700000, 0x0000000083800000, 0x0000000083800000|100%| O|  |TAMS 0x0000000083700000, 0x0000000083700000| Untracked 
|  56|0x0000000083800000, 0x0000000083900000, 0x0000000083900000|100%| O|  |TAMS 0x0000000083800000, 0x0000000083800000| Untracked 
|  57|0x0000000083900000, 0x0000000083a00000, 0x0000000083a00000|100%| O|  |TAMS 0x0000000083900000, 0x0000000083900000| Untracked 
|  58|0x0000000083a00000, 0x0000000083b00000, 0x0000000083b00000|100%| O|  |TAMS 0x0000000083a00000, 0x0000000083a00000| Untracked 
|  59|0x0000000083b00000, 0x0000000083c00000, 0x0000000083c00000|100%| O|  |TAMS 0x0000000083b00000, 0x0000000083b00000| Untracked 
|  60|0x0000000083c00000, 0x0000000083d00000, 0x0000000083d00000|100%| O|  |TAMS 0x0000000083c00000, 0x0000000083c00000| Untracked 
|  61|0x0000000083d00000, 0x0000000083e00000, 0x0000000083e00000|100%| O|  |TAMS 0x0000000083d00000, 0x0000000083d00000| Untracked 
|  62|0x0000000083e00000, 0x0000000083f00000, 0x0000000083f00000|100%| O|  |TAMS 0x0000000083e00000, 0x0000000083e00000| Untracked 
|  63|0x0000000083f00000, 0x0000000084000000, 0x0000000084000000|100%| O|  |TAMS 0x0000000083f00000, 0x0000000083f00000| Untracked 
|  64|0x0000000084000000, 0x0000000084100000, 0x0000000084100000|100%| O|  |TAMS 0x0000000084000000, 0x0000000084000000| Untracked 
|  65|0x0000000084100000, 0x0000000084200000, 0x0000000084200000|100%| O|  |TAMS 0x0000000084100000, 0x0000000084100000| Untracked 
|  66|0x0000000084200000, 0x0000000084300000, 0x0000000084300000|100%| O|  |TAMS 0x0000000084200000, 0x0000000084200000| Untracked 
|  67|0x0000000084300000, 0x0000000084300000, 0x0000000084400000|  0%| F|  |TAMS 0x0000000084300000, 0x0000000084300000| Untracked 
|  68|0x0000000084400000, 0x0000000084500000, 0x0000000084500000|100%|HS|  |TAMS 0x0000000084400000, 0x0000000084400000| Complete 
|  69|0x0000000084500000, 0x0000000084600000, 0x0000000084600000|100%|HC|  |TAMS 0x0000000084500000, 0x0000000084500000| Complete 
|  70|0x0000000084600000, 0x0000000084700000, 0x0000000084700000|100%|HC|  |TAMS 0x0000000084600000, 0x0000000084600000| Complete 
|  71|0x0000000084700000, 0x0000000084800000, 0x0000000084800000|100%|HC|  |TAMS 0x0000000084700000, 0x0000000084700000| Complete 
|  72|0x0000000084800000, 0x0000000084900000, 0x0000000084900000|100%|HS|  |TAMS 0x0000000084800000, 0x0000000084800000| Complete 
|  73|0x0000000084900000, 0x0000000084a00000, 0x0000000084a00000|100%|HC|  |TAMS 0x0000000084900000, 0x0000000084900000| Complete 
|  74|0x0000000084a00000, 0x0000000084b00000, 0x0000000084b00000|100%|HC|  |TAMS 0x0000000084a00000, 0x0000000084a00000| Complete 
|  75|0x0000000084b00000, 0x0000000084c00000, 0x0000000084c00000|100%|HC|  |TAMS 0x0000000084b00000, 0x0000000084b00000| Complete 
|  76|0x0000000084c00000, 0x0000000084d00000, 0x0000000084d00000|100%|HS|  |TAMS 0x0000000084c00000, 0x0000000084c00000| Complete 
|  77|0x0000000084d00000, 0x0000000084e00000, 0x0000000084e00000|100%|HC|  |TAMS 0x0000000084d00000, 0x0000000084d00000| Complete 
|  78|0x0000000084e00000, 0x0000000084f00000, 0x0000000084f00000|100%|HC|  |TAMS 0x0000000084e00000, 0x0000000084e00000| Complete 
|  79|0x0000000084f00000, 0x0000000085000000, 0x0000000085000000|100%|HS|  |TAMS 0x0000000084f00000, 0x0000000084f00000| Complete 
|  80|0x0000000085000000, 0x0000000085100000, 0x0000000085100000|100%|HC|  |TAMS 0x0000000085000000, 0x0000000085000000| Complete 
|  81|0x0000000085100000, 0x0000000085200000, 0x0000000085200000|100%|HS|  |TAMS 0x0000000085100000, 0x0000000085100000| Complete 
|  82|0x0000000085200000, 0x0000000085300000, 0x0000000085300000|100%|HC|  |TAMS 0x0000000085200000, 0x0000000085200000| Complete 
|  83|0x0000000085300000, 0x0000000085400000, 0x0000000085400000|100%|HC|  |TAMS 0x0000000085300000, 0x0000000085300000| Complete 
|  84|0x0000000085400000, 0x0000000085400000, 0x0000000085500000|  0%| F|  |TAMS 0x0000000085400000, 0x0000000085400000| Untracked 
|  85|0x0000000085500000, 0x0000000085500000, 0x0000000085600000|  0%| F|  |TAMS 0x0000000085500000, 0x0000000085500000| Untracked 
|  86|0x0000000085600000, 0x0000000085600000, 0x0000000085700000|  0%| F|  |TAMS 0x0000000085600000, 0x0000000085600000| Untracked 
|  87|0x0000000085700000, 0x0000000085800000, 0x0000000085800000|100%| O|  |TAMS 0x0000000085700000, 0x0000000085700000| Untracked 
|  88|0x0000000085800000, 0x000000008588f600, 0x0000000085900000| 56%| O|  |TAMS 0x0000000085800000, 0x0000000085800000| Untracked 
|  89|0x0000000085900000, 0x0000000085900000, 0x0000000085a00000|  0%| F|  |TAMS 0x0000000085900000, 0x0000000085900000| Untracked 
|  90|0x0000000085a00000, 0x0000000085a00000, 0x0000000085b00000|  0%| F|  |TAMS 0x0000000085a00000, 0x0000000085a00000| Untracked 
|  91|0x0000000085b00000, 0x0000000085b00000, 0x0000000085c00000|  0%| F|  |TAMS 0x0000000085b00000, 0x0000000085b00000| Untracked 
|  92|0x0000000085c00000, 0x0000000085c00000, 0x0000000085d00000|  0%| F|  |TAMS 0x0000000085c00000, 0x0000000085c00000| Untracked 
|  93|0x0000000085d00000, 0x0000000085d00000, 0x0000000085e00000|  0%| F|  |TAMS 0x0000000085d00000, 0x0000000085d00000| Untracked 
|  94|0x0000000085e00000, 0x0000000085e00000, 0x0000000085f00000|  0%| F|  |TAMS 0x0000000085e00000, 0x0000000085e00000| Untracked 
|  95|0x0000000085f00000, 0x0000000085f00000, 0x0000000086000000|  0%| F|  |TAMS 0x0000000085f00000, 0x0000000085f00000| Untracked 
|  96|0x0000000086000000, 0x0000000086000000, 0x0000000086100000|  0%| F|  |TAMS 0x0000000086000000, 0x0000000086000000| Untracked 
|  97|0x0000000086100000, 0x0000000086100000, 0x0000000086200000|  0%| F|  |TAMS 0x0000000086100000, 0x0000000086100000| Untracked 
|  98|0x0000000086200000, 0x0000000086200000, 0x0000000086300000|  0%| F|  |TAMS 0x0000000086200000, 0x0000000086200000| Untracked 
|  99|0x0000000086300000, 0x0000000086300000, 0x0000000086400000|  0%| F|  |TAMS 0x0000000086300000, 0x0000000086300000| Untracked 
| 100|0x0000000086400000, 0x0000000086400000, 0x0000000086500000|  0%| F|  |TAMS 0x0000000086400000, 0x0000000086400000| Untracked 
| 101|0x0000000086500000, 0x0000000086500000, 0x0000000086600000|  0%| F|  |TAMS 0x0000000086500000, 0x0000000086500000| Untracked 
| 102|0x0000000086600000, 0x0000000086600000, 0x0000000086700000|  0%| F|  |TAMS 0x0000000086600000, 0x0000000086600000| Untracked 
| 103|0x0000000086700000, 0x0000000086700000, 0x0000000086800000|  0%| F|  |TAMS 0x0000000086700000, 0x0000000086700000| Untracked 
| 104|0x0000000086800000, 0x0000000086800000, 0x0000000086900000|  0%| F|  |TAMS 0x0000000086800000, 0x0000000086800000| Untracked 
| 105|0x0000000086900000, 0x0000000086900000, 0x0000000086a00000|  0%| F|  |TAMS 0x0000000086900000, 0x0000000086900000| Untracked 
| 106|0x0000000086a00000, 0x0000000086a00000, 0x0000000086b00000|  0%| F|  |TAMS 0x0000000086a00000, 0x0000000086a00000| Untracked 
| 107|0x0000000086b00000, 0x0000000086b00000, 0x0000000086c00000|  0%| F|  |TAMS 0x0000000086b00000, 0x0000000086b00000| Untracked 
| 108|0x0000000086c00000, 0x0000000086c00000, 0x0000000086d00000|  0%| F|  |TAMS 0x0000000086c00000, 0x0000000086c00000| Untracked 
| 109|0x0000000086d00000, 0x0000000086d00000, 0x0000000086e00000|  0%| F|  |TAMS 0x0000000086d00000, 0x0000000086d00000| Untracked 
| 110|0x0000000086e00000, 0x0000000086e00000, 0x0000000086f00000|  0%| F|  |TAMS 0x0000000086e00000, 0x0000000086e00000| Untracked 
| 111|0x0000000086f00000, 0x0000000086f00000, 0x0000000087000000|  0%| F|  |TAMS 0x0000000086f00000, 0x0000000086f00000| Untracked 
| 112|0x0000000087000000, 0x0000000087000000, 0x0000000087100000|  0%| F|  |TAMS 0x0000000087000000, 0x0000000087000000| Untracked 
| 113|0x0000000087100000, 0x0000000087100000, 0x0000000087200000|  0%| F|  |TAMS 0x0000000087100000, 0x0000000087100000| Untracked 
| 114|0x0000000087200000, 0x0000000087200000, 0x0000000087300000|  0%| F|  |TAMS 0x0000000087200000, 0x0000000087200000| Untracked 
| 115|0x0000000087300000, 0x0000000087300000, 0x0000000087400000|  0%| F|  |TAMS 0x0000000087300000, 0x0000000087300000| Untracked 
| 116|0x0000000087400000, 0x0000000087400000, 0x0000000087500000|  0%| F|  |TAMS 0x0000000087400000, 0x0000000087400000| Untracked 
| 117|0x0000000087500000, 0x0000000087500000, 0x0000000087600000|  0%| F|  |TAMS 0x0000000087500000, 0x0000000087500000| Untracked 
| 118|0x0000000087600000, 0x0000000087600000, 0x0000000087700000|  0%| F|  |TAMS 0x0000000087600000, 0x0000000087600000| Untracked 
| 119|0x0000000087700000, 0x0000000087700000, 0x0000000087800000|  0%| F|  |TAMS 0x0000000087700000, 0x0000000087700000| Untracked 
| 120|0x0000000087800000, 0x0000000087800000, 0x0000000087900000|  0%| F|  |TAMS 0x0000000087800000, 0x0000000087800000| Untracked 
| 121|0x0000000087900000, 0x0000000087900000, 0x0000000087a00000|  0%| F|  |TAMS 0x0000000087900000, 0x0000000087900000| Untracked 
| 122|0x0000000087a00000, 0x0000000087a00000, 0x0000000087b00000|  0%| F|  |TAMS 0x0000000087a00000, 0x0000000087a00000| Untracked 
| 123|0x0000000087b00000, 0x0000000087b00000, 0x0000000087c00000|  0%| F|  |TAMS 0x0000000087b00000, 0x0000000087b00000| Untracked 
| 124|0x0000000087c00000, 0x0000000087c00000, 0x0000000087d00000|  0%| F|  |TAMS 0x0000000087c00000, 0x0000000087c00000| Untracked 
| 125|0x0000000087d00000, 0x0000000087d00000, 0x0000000087e00000|  0%| F|  |TAMS 0x0000000087d00000, 0x0000000087d00000| Untracked 
| 126|0x0000000087e00000, 0x0000000087e00000, 0x0000000087f00000|  0%| F|  |TAMS 0x0000000087e00000, 0x0000000087e00000| Untracked 
| 127|0x0000000087f00000, 0x0000000087f00000, 0x0000000088000000|  0%| F|  |TAMS 0x0000000087f00000, 0x0000000087f00000| Untracked 
| 128|0x0000000088000000, 0x0000000088000000, 0x0000000088100000|  0%| F|  |TAMS 0x0000000088000000, 0x0000000088000000| Untracked 
| 129|0x0000000088100000, 0x0000000088100000, 0x0000000088200000|  0%| F|  |TAMS 0x0000000088100000, 0x0000000088100000| Untracked 
| 130|0x0000000088200000, 0x0000000088200000, 0x0000000088300000|  0%| F|  |TAMS 0x0000000088200000, 0x0000000088200000| Untracked 
| 131|0x0000000088300000, 0x0000000088300000, 0x0000000088400000|  0%| F|  |TAMS 0x0000000088300000, 0x0000000088300000| Untracked 
| 132|0x0000000088400000, 0x0000000088500000, 0x0000000088500000|100%| S|CS|TAMS 0x0000000088400000, 0x0000000088400000| Complete 
| 133|0x0000000088500000, 0x0000000088600000, 0x0000000088600000|100%| S|CS|TAMS 0x0000000088500000, 0x0000000088500000| Complete 
| 134|0x0000000088600000, 0x0000000088700000, 0x0000000088700000|100%| S|CS|TAMS 0x0000000088600000, 0x0000000088600000| Complete 
| 135|0x0000000088700000, 0x0000000088800000, 0x0000000088800000|100%| S|CS|TAMS 0x0000000088700000, 0x0000000088700000| Complete 
| 136|0x0000000088800000, 0x0000000088900000, 0x0000000088900000|100%| S|CS|TAMS 0x0000000088800000, 0x0000000088800000| Complete 
| 137|0x0000000088900000, 0x0000000088a00000, 0x0000000088a00000|100%| S|CS|TAMS 0x0000000088900000, 0x0000000088900000| Complete 
| 138|0x0000000088a00000, 0x0000000088b00000, 0x0000000088b00000|100%| S|CS|TAMS 0x0000000088a00000, 0x0000000088a00000| Complete 
| 139|0x0000000088b00000, 0x0000000088c00000, 0x0000000088c00000|100%| S|CS|TAMS 0x0000000088b00000, 0x0000000088b00000| Complete 
| 140|0x0000000088c00000, 0x0000000088d00000, 0x0000000088d00000|100%| S|CS|TAMS 0x0000000088c00000, 0x0000000088c00000| Complete 
| 141|0x0000000088d00000, 0x0000000088e00000, 0x0000000088e00000|100%| S|CS|TAMS 0x0000000088d00000, 0x0000000088d00000| Complete 
| 142|0x0000000088e00000, 0x0000000088f00000, 0x0000000088f00000|100%| S|CS|TAMS 0x0000000088e00000, 0x0000000088e00000| Complete 
| 143|0x0000000088f00000, 0x0000000089000000, 0x0000000089000000|100%| S|CS|TAMS 0x0000000088f00000, 0x0000000088f00000| Complete 
| 144|0x0000000089000000, 0x0000000089000000, 0x0000000089100000|  0%| F|  |TAMS 0x0000000089000000, 0x0000000089000000| Untracked 
| 145|0x0000000089100000, 0x0000000089100000, 0x0000000089200000|  0%| F|  |TAMS 0x0000000089100000, 0x0000000089100000| Untracked 
| 146|0x0000000089200000, 0x0000000089200000, 0x0000000089300000|  0%| F|  |TAMS 0x0000000089200000, 0x0000000089200000| Untracked 
| 147|0x0000000089300000, 0x0000000089300000, 0x0000000089400000|  0%| F|  |TAMS 0x0000000089300000, 0x0000000089300000| Untracked 
| 148|0x0000000089400000, 0x0000000089400000, 0x0000000089500000|  0%| F|  |TAMS 0x0000000089400000, 0x0000000089400000| Untracked 
| 149|0x0000000089500000, 0x0000000089500000, 0x0000000089600000|  0%| F|  |TAMS 0x0000000089500000, 0x0000000089500000| Untracked 
| 150|0x0000000089600000, 0x0000000089600000, 0x0000000089700000|  0%| F|  |TAMS 0x0000000089600000, 0x0000000089600000| Untracked 
| 151|0x0000000089700000, 0x0000000089700000, 0x0000000089800000|  0%| F|  |TAMS 0x0000000089700000, 0x0000000089700000| Untracked 
| 152|0x0000000089800000, 0x0000000089800000, 0x0000000089900000|  0%| F|  |TAMS 0x0000000089800000, 0x0000000089800000| Untracked 
| 153|0x0000000089900000, 0x0000000089900000, 0x0000000089a00000|  0%| F|  |TAMS 0x0000000089900000, 0x0000000089900000| Untracked 
| 154|0x0000000089a00000, 0x0000000089a00000, 0x0000000089b00000|  0%| F|  |TAMS 0x0000000089a00000, 0x0000000089a00000| Untracked 
| 155|0x0000000089b00000, 0x0000000089b00000, 0x0000000089c00000|  0%| F|  |TAMS 0x0000000089b00000, 0x0000000089b00000| Untracked 
| 156|0x0000000089c00000, 0x0000000089c00000, 0x0000000089d00000|  0%| F|  |TAMS 0x0000000089c00000, 0x0000000089c00000| Untracked 
| 157|0x0000000089d00000, 0x0000000089d00000, 0x0000000089e00000|  0%| F|  |TAMS 0x0000000089d00000, 0x0000000089d00000| Untracked 
| 158|0x0000000089e00000, 0x0000000089e00000, 0x0000000089f00000|  0%| F|  |TAMS 0x0000000089e00000, 0x0000000089e00000| Untracked 
| 159|0x0000000089f00000, 0x0000000089f00000, 0x000000008a000000|  0%| F|  |TAMS 0x0000000089f00000, 0x0000000089f00000| Untracked 
| 160|0x000000008a000000, 0x000000008a000000, 0x000000008a100000|  0%| F|  |TAMS 0x000000008a000000, 0x000000008a000000| Untracked 
| 161|0x000000008a100000, 0x000000008a100000, 0x000000008a200000|  0%| F|  |TAMS 0x000000008a100000, 0x000000008a100000| Untracked 
| 162|0x000000008a200000, 0x000000008a200000, 0x000000008a300000|  0%| F|  |TAMS 0x000000008a200000, 0x000000008a200000| Untracked 
| 163|0x000000008a300000, 0x000000008a300000, 0x000000008a400000|  0%| F|  |TAMS 0x000000008a300000, 0x000000008a300000| Untracked 
| 164|0x000000008a400000, 0x000000008a400000, 0x000000008a500000|  0%| F|  |TAMS 0x000000008a400000, 0x000000008a400000| Untracked 
| 165|0x000000008a500000, 0x000000008a500000, 0x000000008a600000|  0%| F|  |TAMS 0x000000008a500000, 0x000000008a500000| Untracked 
| 166|0x000000008a600000, 0x000000008a600000, 0x000000008a700000|  0%| F|  |TAMS 0x000000008a600000, 0x000000008a600000| Untracked 
| 167|0x000000008a700000, 0x000000008a700000, 0x000000008a800000|  0%| F|  |TAMS 0x000000008a700000, 0x000000008a700000| Untracked 
| 168|0x000000008a800000, 0x000000008a800000, 0x000000008a900000|  0%| F|  |TAMS 0x000000008a800000, 0x000000008a800000| Untracked 
| 169|0x000000008a900000, 0x000000008a900000, 0x000000008aa00000|  0%| F|  |TAMS 0x000000008a900000, 0x000000008a900000| Untracked 
| 170|0x000000008aa00000, 0x000000008aa00000, 0x000000008ab00000|  0%| F|  |TAMS 0x000000008aa00000, 0x000000008aa00000| Untracked 
| 171|0x000000008ab00000, 0x000000008ac00000, 0x000000008ac00000|100%| E|  |TAMS 0x000000008ab00000, 0x000000008ab00000| Complete 
| 172|0x000000008ac00000, 0x000000008ad00000, 0x000000008ad00000|100%| E|CS|TAMS 0x000000008ac00000, 0x000000008ac00000| Complete 
| 173|0x000000008ad00000, 0x000000008ae00000, 0x000000008ae00000|100%| E|CS|TAMS 0x000000008ad00000, 0x000000008ad00000| Complete 
| 174|0x000000008ae00000, 0x000000008af00000, 0x000000008af00000|100%| E|CS|TAMS 0x000000008ae00000, 0x000000008ae00000| Complete 
| 175|0x000000008af00000, 0x000000008b000000, 0x000000008b000000|100%| E|CS|TAMS 0x000000008af00000, 0x000000008af00000| Complete 
| 176|0x000000008b000000, 0x000000008b100000, 0x000000008b100000|100%| E|CS|TAMS 0x000000008b000000, 0x000000008b000000| Complete 
| 177|0x000000008b100000, 0x000000008b200000, 0x000000008b200000|100%| E|CS|TAMS 0x000000008b100000, 0x000000008b100000| Complete 
| 178|0x000000008b200000, 0x000000008b300000, 0x000000008b300000|100%| E|CS|TAMS 0x000000008b200000, 0x000000008b200000| Complete 
| 179|0x000000008b300000, 0x000000008b400000, 0x000000008b400000|100%| E|CS|TAMS 0x000000008b300000, 0x000000008b300000| Complete 
| 180|0x000000008b400000, 0x000000008b500000, 0x000000008b500000|100%| E|CS|TAMS 0x000000008b400000, 0x000000008b400000| Complete 
| 181|0x000000008b500000, 0x000000008b600000, 0x000000008b600000|100%| E|CS|TAMS 0x000000008b500000, 0x000000008b500000| Complete 
| 182|0x000000008b600000, 0x000000008b700000, 0x000000008b700000|100%| E|CS|TAMS 0x000000008b600000, 0x000000008b600000| Complete 
| 183|0x000000008b700000, 0x000000008b800000, 0x000000008b800000|100%| E|CS|TAMS 0x000000008b700000, 0x000000008b700000| Complete 
| 184|0x000000008b800000, 0x000000008b900000, 0x000000008b900000|100%| E|CS|TAMS 0x000000008b800000, 0x000000008b800000| Complete 
| 185|0x000000008b900000, 0x000000008ba00000, 0x000000008ba00000|100%| E|CS|TAMS 0x000000008b900000, 0x000000008b900000| Complete 
| 186|0x000000008ba00000, 0x000000008bb00000, 0x000000008bb00000|100%| E|CS|TAMS 0x000000008ba00000, 0x000000008ba00000| Complete 
| 187|0x000000008bb00000, 0x000000008bc00000, 0x000000008bc00000|100%| E|CS|TAMS 0x000000008bb00000, 0x000000008bb00000| Complete 
| 188|0x000000008bc00000, 0x000000008bd00000, 0x000000008bd00000|100%| E|CS|TAMS 0x000000008bc00000, 0x000000008bc00000| Complete 
| 189|0x000000008bd00000, 0x000000008be00000, 0x000000008be00000|100%| E|CS|TAMS 0x000000008bd00000, 0x000000008bd00000| Complete 
| 190|0x000000008be00000, 0x000000008bf00000, 0x000000008bf00000|100%| E|CS|TAMS 0x000000008be00000, 0x000000008be00000| Complete 
| 191|0x000000008bf00000, 0x000000008c000000, 0x000000008c000000|100%| E|CS|TAMS 0x000000008bf00000, 0x000000008bf00000| Complete 
| 192|0x000000008c000000, 0x000000008c100000, 0x000000008c100000|100%| E|CS|TAMS 0x000000008c000000, 0x000000008c000000| Complete 
| 193|0x000000008c100000, 0x000000008c200000, 0x000000008c200000|100%| E|CS|TAMS 0x000000008c100000, 0x000000008c100000| Complete 
| 194|0x000000008c200000, 0x000000008c300000, 0x000000008c300000|100%| E|CS|TAMS 0x000000008c200000, 0x000000008c200000| Complete 
| 195|0x000000008c300000, 0x000000008c400000, 0x000000008c400000|100%| E|CS|TAMS 0x000000008c300000, 0x000000008c300000| Complete 
| 196|0x000000008c400000, 0x000000008c500000, 0x000000008c500000|100%| E|CS|TAMS 0x000000008c400000, 0x000000008c400000| Complete 
| 197|0x000000008c500000, 0x000000008c600000, 0x000000008c600000|100%| E|CS|TAMS 0x000000008c500000, 0x000000008c500000| Complete 
| 198|0x000000008c600000, 0x000000008c700000, 0x000000008c700000|100%| E|CS|TAMS 0x000000008c600000, 0x000000008c600000| Complete 
| 199|0x000000008c700000, 0x000000008c800000, 0x000000008c800000|100%| E|CS|TAMS 0x000000008c700000, 0x000000008c700000| Complete 
| 200|0x000000008c800000, 0x000000008c900000, 0x000000008c900000|100%| E|CS|TAMS 0x000000008c800000, 0x000000008c800000| Complete 
| 201|0x000000008c900000, 0x000000008ca00000, 0x000000008ca00000|100%| E|CS|TAMS 0x000000008c900000, 0x000000008c900000| Complete 
| 202|0x000000008ca00000, 0x000000008cb00000, 0x000000008cb00000|100%| E|CS|TAMS 0x000000008ca00000, 0x000000008ca00000| Complete 
| 203|0x000000008cb00000, 0x000000008cc00000, 0x000000008cc00000|100%| E|CS|TAMS 0x000000008cb00000, 0x000000008cb00000| Complete 
| 204|0x000000008cc00000, 0x000000008cd00000, 0x000000008cd00000|100%| E|CS|TAMS 0x000000008cc00000, 0x000000008cc00000| Complete 
| 205|0x000000008cd00000, 0x000000008ce00000, 0x000000008ce00000|100%| E|CS|TAMS 0x000000008cd00000, 0x000000008cd00000| Complete 
| 206|0x000000008ce00000, 0x000000008cf00000, 0x000000008cf00000|100%| E|CS|TAMS 0x000000008ce00000, 0x000000008ce00000| Complete 
| 207|0x000000008cf00000, 0x000000008d000000, 0x000000008d000000|100%| E|CS|TAMS 0x000000008cf00000, 0x000000008cf00000| Complete 
| 208|0x000000008d000000, 0x000000008d100000, 0x000000008d100000|100%| E|CS|TAMS 0x000000008d000000, 0x000000008d000000| Complete 
| 209|0x000000008d100000, 0x000000008d200000, 0x000000008d200000|100%| E|CS|TAMS 0x000000008d100000, 0x000000008d100000| Complete 
| 210|0x000000008d200000, 0x000000008d300000, 0x000000008d300000|100%| E|CS|TAMS 0x000000008d200000, 0x000000008d200000| Complete 
| 211|0x000000008d300000, 0x000000008d400000, 0x000000008d400000|100%| E|CS|TAMS 0x000000008d300000, 0x000000008d300000| Complete 
| 212|0x000000008d400000, 0x000000008d500000, 0x000000008d500000|100%| E|CS|TAMS 0x000000008d400000, 0x000000008d400000| Complete 
| 213|0x000000008d500000, 0x000000008d600000, 0x000000008d600000|100%| E|CS|TAMS 0x000000008d500000, 0x000000008d500000| Complete 
| 214|0x000000008d600000, 0x000000008d700000, 0x000000008d700000|100%| E|CS|TAMS 0x000000008d600000, 0x000000008d600000| Complete 
| 215|0x000000008d700000, 0x000000008d800000, 0x000000008d800000|100%| E|CS|TAMS 0x000000008d700000, 0x000000008d700000| Complete 
| 216|0x000000008d800000, 0x000000008d900000, 0x000000008d900000|100%| E|CS|TAMS 0x000000008d800000, 0x000000008d800000| Complete 
| 217|0x000000008d900000, 0x000000008da00000, 0x000000008da00000|100%| E|CS|TAMS 0x000000008d900000, 0x000000008d900000| Complete 
| 218|0x000000008da00000, 0x000000008db00000, 0x000000008db00000|100%| E|CS|TAMS 0x000000008da00000, 0x000000008da00000| Complete 
| 219|0x000000008db00000, 0x000000008dc00000, 0x000000008dc00000|100%| E|CS|TAMS 0x000000008db00000, 0x000000008db00000| Complete 
| 220|0x000000008dc00000, 0x000000008dd00000, 0x000000008dd00000|100%| E|CS|TAMS 0x000000008dc00000, 0x000000008dc00000| Complete 
| 221|0x000000008dd00000, 0x000000008de00000, 0x000000008de00000|100%| E|CS|TAMS 0x000000008dd00000, 0x000000008dd00000| Complete 
| 222|0x000000008de00000, 0x000000008df00000, 0x000000008df00000|100%| E|CS|TAMS 0x000000008de00000, 0x000000008de00000| Complete 
| 223|0x000000008df00000, 0x000000008e000000, 0x000000008e000000|100%| E|CS|TAMS 0x000000008df00000, 0x000000008df00000| Complete 
| 224|0x000000008e000000, 0x000000008e100000, 0x000000008e100000|100%| E|CS|TAMS 0x000000008e000000, 0x000000008e000000| Complete 
| 225|0x000000008e100000, 0x000000008e200000, 0x000000008e200000|100%| E|CS|TAMS 0x000000008e100000, 0x000000008e100000| Complete 
| 226|0x000000008e200000, 0x000000008e300000, 0x000000008e300000|100%| E|CS|TAMS 0x000000008e200000, 0x000000008e200000| Complete 
| 227|0x000000008e300000, 0x000000008e400000, 0x000000008e400000|100%| E|CS|TAMS 0x000000008e300000, 0x000000008e300000| Complete 
| 228|0x000000008e400000, 0x000000008e500000, 0x000000008e500000|100%| E|CS|TAMS 0x000000008e400000, 0x000000008e400000| Complete 
| 229|0x000000008e500000, 0x000000008e600000, 0x000000008e600000|100%| E|CS|TAMS 0x000000008e500000, 0x000000008e500000| Complete 
| 230|0x000000008e600000, 0x000000008e700000, 0x000000008e700000|100%| E|CS|TAMS 0x000000008e600000, 0x000000008e600000| Complete 
| 231|0x000000008e700000, 0x000000008e800000, 0x000000008e800000|100%| E|CS|TAMS 0x000000008e700000, 0x000000008e700000| Complete 
| 232|0x000000008e800000, 0x000000008e900000, 0x000000008e900000|100%| E|CS|TAMS 0x000000008e800000, 0x000000008e800000| Complete 
| 233|0x000000008e900000, 0x000000008ea00000, 0x000000008ea00000|100%| E|CS|TAMS 0x000000008e900000, 0x000000008e900000| Complete 
| 234|0x000000008ea00000, 0x000000008eb00000, 0x000000008eb00000|100%| E|CS|TAMS 0x000000008ea00000, 0x000000008ea00000| Complete 
| 235|0x000000008eb00000, 0x000000008ec00000, 0x000000008ec00000|100%| E|CS|TAMS 0x000000008eb00000, 0x000000008eb00000| Complete 
| 236|0x000000008ec00000, 0x000000008ed00000, 0x000000008ed00000|100%| E|CS|TAMS 0x000000008ec00000, 0x000000008ec00000| Complete 
| 237|0x000000008ed00000, 0x000000008ee00000, 0x000000008ee00000|100%| E|CS|TAMS 0x000000008ed00000, 0x000000008ed00000| Complete 
| 238|0x000000008ee00000, 0x000000008ef00000, 0x000000008ef00000|100%| E|CS|TAMS 0x000000008ee00000, 0x000000008ee00000| Complete 
| 239|0x000000008ef00000, 0x000000008f000000, 0x000000008f000000|100%| E|CS|TAMS 0x000000008ef00000, 0x000000008ef00000| Complete 
| 240|0x000000008f000000, 0x000000008f100000, 0x000000008f100000|100%| E|CS|TAMS 0x000000008f000000, 0x000000008f000000| Complete 
| 241|0x000000008f100000, 0x000000008f200000, 0x000000008f200000|100%| E|CS|TAMS 0x000000008f100000, 0x000000008f100000| Complete 
| 242|0x000000008f200000, 0x000000008f300000, 0x000000008f300000|100%| E|CS|TAMS 0x000000008f200000, 0x000000008f200000| Complete 
| 243|0x000000008f300000, 0x000000008f400000, 0x000000008f400000|100%| E|CS|TAMS 0x000000008f300000, 0x000000008f300000| Complete 
| 244|0x000000008f400000, 0x000000008f500000, 0x000000008f500000|100%| E|CS|TAMS 0x000000008f400000, 0x000000008f400000| Complete 
| 245|0x000000008f500000, 0x000000008f600000, 0x000000008f600000|100%| E|CS|TAMS 0x000000008f500000, 0x000000008f500000| Complete 
| 246|0x000000008f600000, 0x000000008f700000, 0x000000008f700000|100%| E|CS|TAMS 0x000000008f600000, 0x000000008f600000| Complete 
| 247|0x000000008f700000, 0x000000008f800000, 0x000000008f800000|100%| E|CS|TAMS 0x000000008f700000, 0x000000008f700000| Complete 
| 248|0x000000008f800000, 0x000000008f900000, 0x000000008f900000|100%| E|CS|TAMS 0x000000008f800000, 0x000000008f800000| Complete 
| 249|0x000000008f900000, 0x000000008fa00000, 0x000000008fa00000|100%| E|CS|TAMS 0x000000008f900000, 0x000000008f900000| Complete 
| 250|0x000000008fa00000, 0x000000008fb00000, 0x000000008fb00000|100%| E|CS|TAMS 0x000000008fa00000, 0x000000008fa00000| Complete 
| 251|0x000000008fb00000, 0x000000008fc00000, 0x000000008fc00000|100%| E|CS|TAMS 0x000000008fb00000, 0x000000008fb00000| Complete 
| 252|0x000000008fc00000, 0x000000008fd00000, 0x000000008fd00000|100%| E|CS|TAMS 0x000000008fc00000, 0x000000008fc00000| Complete 
| 253|0x000000008fd00000, 0x000000008fe00000, 0x000000008fe00000|100%| E|CS|TAMS 0x000000008fd00000, 0x000000008fd00000| Complete 
| 254|0x000000008fe00000, 0x000000008ff00000, 0x000000008ff00000|100%| E|CS|TAMS 0x000000008fe00000, 0x000000008fe00000| Complete 
| 255|0x000000008ff00000, 0x0000000090000000, 0x0000000090000000|100%| E|CS|TAMS 0x000000008ff00000, 0x000000008ff00000| Complete 
| 256|0x0000000090000000, 0x0000000090100000, 0x0000000090100000|100%| E|CS|TAMS 0x0000000090000000, 0x0000000090000000| Complete 
| 257|0x0000000090100000, 0x0000000090200000, 0x0000000090200000|100%| E|CS|TAMS 0x0000000090100000, 0x0000000090100000| Complete 
| 258|0x0000000090200000, 0x0000000090300000, 0x0000000090300000|100%| E|CS|TAMS 0x0000000090200000, 0x0000000090200000| Complete 
| 259|0x0000000090300000, 0x0000000090400000, 0x0000000090400000|100%| E|CS|TAMS 0x0000000090300000, 0x0000000090300000| Complete 
| 260|0x0000000090400000, 0x0000000090500000, 0x0000000090500000|100%| E|CS|TAMS 0x0000000090400000, 0x0000000090400000| Complete 
| 261|0x0000000090500000, 0x0000000090600000, 0x0000000090600000|100%| E|CS|TAMS 0x0000000090500000, 0x0000000090500000| Complete 
| 262|0x0000000090600000, 0x0000000090700000, 0x0000000090700000|100%| E|CS|TAMS 0x0000000090600000, 0x0000000090600000| Complete 
| 263|0x0000000090700000, 0x0000000090800000, 0x0000000090800000|100%| E|CS|TAMS 0x0000000090700000, 0x0000000090700000| Complete 
| 264|0x0000000090800000, 0x0000000090900000, 0x0000000090900000|100%| E|CS|TAMS 0x0000000090800000, 0x0000000090800000| Complete 
| 265|0x0000000090900000, 0x0000000090a00000, 0x0000000090a00000|100%| E|CS|TAMS 0x0000000090900000, 0x0000000090900000| Complete 
| 266|0x0000000090a00000, 0x0000000090b00000, 0x0000000090b00000|100%| E|CS|TAMS 0x0000000090a00000, 0x0000000090a00000| Complete 
| 267|0x0000000090b00000, 0x0000000090c00000, 0x0000000090c00000|100%| E|CS|TAMS 0x0000000090b00000, 0x0000000090b00000| Complete 
| 268|0x0000000090c00000, 0x0000000090d00000, 0x0000000090d00000|100%| E|CS|TAMS 0x0000000090c00000, 0x0000000090c00000| Complete 
| 269|0x0000000090d00000, 0x0000000090e00000, 0x0000000090e00000|100%| E|CS|TAMS 0x0000000090d00000, 0x0000000090d00000| Complete 
| 270|0x0000000090e00000, 0x0000000090f00000, 0x0000000090f00000|100%| E|CS|TAMS 0x0000000090e00000, 0x0000000090e00000| Complete 
| 271|0x0000000090f00000, 0x0000000091000000, 0x0000000091000000|100%| E|CS|TAMS 0x0000000090f00000, 0x0000000090f00000| Complete 
| 272|0x0000000091000000, 0x0000000091100000, 0x0000000091100000|100%| E|CS|TAMS 0x0000000091000000, 0x0000000091000000| Complete 
| 273|0x0000000091100000, 0x0000000091200000, 0x0000000091200000|100%| E|CS|TAMS 0x0000000091100000, 0x0000000091100000| Complete 
| 274|0x0000000091200000, 0x0000000091300000, 0x0000000091300000|100%| E|CS|TAMS 0x0000000091200000, 0x0000000091200000| Complete 
| 275|0x0000000091300000, 0x0000000091400000, 0x0000000091400000|100%| E|CS|TAMS 0x0000000091300000, 0x0000000091300000| Complete 
| 276|0x0000000091400000, 0x0000000091500000, 0x0000000091500000|100%| E|CS|TAMS 0x0000000091400000, 0x0000000091400000| Complete 
| 277|0x0000000091500000, 0x0000000091600000, 0x0000000091600000|100%| E|CS|TAMS 0x0000000091500000, 0x0000000091500000| Complete 
| 278|0x0000000091600000, 0x0000000091700000, 0x0000000091700000|100%| E|CS|TAMS 0x0000000091600000, 0x0000000091600000| Complete 
| 279|0x0000000091700000, 0x0000000091800000, 0x0000000091800000|100%| E|CS|TAMS 0x0000000091700000, 0x0000000091700000| Complete 
| 280|0x0000000091800000, 0x0000000091900000, 0x0000000091900000|100%| E|CS|TAMS 0x0000000091800000, 0x0000000091800000| Complete 
| 281|0x0000000091900000, 0x0000000091a00000, 0x0000000091a00000|100%| E|CS|TAMS 0x0000000091900000, 0x0000000091900000| Complete 
| 282|0x0000000091a00000, 0x0000000091b00000, 0x0000000091b00000|100%| E|CS|TAMS 0x0000000091a00000, 0x0000000091a00000| Complete 
| 283|0x0000000091b00000, 0x0000000091c00000, 0x0000000091c00000|100%| E|CS|TAMS 0x0000000091b00000, 0x0000000091b00000| Complete 
| 284|0x0000000091c00000, 0x0000000091d00000, 0x0000000091d00000|100%| E|CS|TAMS 0x0000000091c00000, 0x0000000091c00000| Complete 
| 285|0x0000000091d00000, 0x0000000091e00000, 0x0000000091e00000|100%| E|CS|TAMS 0x0000000091d00000, 0x0000000091d00000| Complete 
| 286|0x0000000091e00000, 0x0000000091f00000, 0x0000000091f00000|100%| E|CS|TAMS 0x0000000091e00000, 0x0000000091e00000| Complete 
| 287|0x0000000091f00000, 0x0000000092000000, 0x0000000092000000|100%| E|CS|TAMS 0x0000000091f00000, 0x0000000091f00000| Complete 
| 288|0x0000000092000000, 0x0000000092100000, 0x0000000092100000|100%| E|CS|TAMS 0x0000000092000000, 0x0000000092000000| Complete 
| 289|0x0000000092100000, 0x0000000092200000, 0x0000000092200000|100%| E|CS|TAMS 0x0000000092100000, 0x0000000092100000| Complete 
| 290|0x0000000092200000, 0x0000000092300000, 0x0000000092300000|100%| E|CS|TAMS 0x0000000092200000, 0x0000000092200000| Complete 
| 291|0x0000000092300000, 0x0000000092400000, 0x0000000092400000|100%| E|CS|TAMS 0x0000000092300000, 0x0000000092300000| Complete 
| 292|0x0000000092400000, 0x0000000092500000, 0x0000000092500000|100%| E|CS|TAMS 0x0000000092400000, 0x0000000092400000| Complete 
| 293|0x0000000092500000, 0x0000000092600000, 0x0000000092600000|100%| E|CS|TAMS 0x0000000092500000, 0x0000000092500000| Complete 
| 294|0x0000000092600000, 0x0000000092700000, 0x0000000092700000|100%| E|CS|TAMS 0x0000000092600000, 0x0000000092600000| Complete 
| 295|0x0000000092700000, 0x0000000092800000, 0x0000000092800000|100%| E|CS|TAMS 0x0000000092700000, 0x0000000092700000| Complete 
| 296|0x0000000092800000, 0x0000000092900000, 0x0000000092900000|100%| E|CS|TAMS 0x0000000092800000, 0x0000000092800000| Complete 
| 297|0x0000000092900000, 0x0000000092a00000, 0x0000000092a00000|100%| E|CS|TAMS 0x0000000092900000, 0x0000000092900000| Complete 
| 298|0x0000000092a00000, 0x0000000092b00000, 0x0000000092b00000|100%| E|CS|TAMS 0x0000000092a00000, 0x0000000092a00000| Complete 
| 299|0x0000000092b00000, 0x0000000092c00000, 0x0000000092c00000|100%| E|CS|TAMS 0x0000000092b00000, 0x0000000092b00000| Complete 
| 300|0x0000000092c00000, 0x0000000092d00000, 0x0000000092d00000|100%| E|CS|TAMS 0x0000000092c00000, 0x0000000092c00000| Complete 
| 301|0x0000000092d00000, 0x0000000092e00000, 0x0000000092e00000|100%| E|CS|TAMS 0x0000000092d00000, 0x0000000092d00000| Complete 
| 302|0x0000000092e00000, 0x0000000092f00000, 0x0000000092f00000|100%| E|CS|TAMS 0x0000000092e00000, 0x0000000092e00000| Complete 
| 303|0x0000000092f00000, 0x0000000093000000, 0x0000000093000000|100%| E|CS|TAMS 0x0000000092f00000, 0x0000000092f00000| Complete 
| 304|0x0000000093000000, 0x0000000093100000, 0x0000000093100000|100%| E|CS|TAMS 0x0000000093000000, 0x0000000093000000| Complete 
| 305|0x0000000093100000, 0x0000000093200000, 0x0000000093200000|100%| E|CS|TAMS 0x0000000093100000, 0x0000000093100000| Complete 
| 306|0x0000000093200000, 0x0000000093300000, 0x0000000093300000|100%| E|CS|TAMS 0x0000000093200000, 0x0000000093200000| Complete 
| 307|0x0000000093300000, 0x0000000093400000, 0x0000000093400000|100%| E|CS|TAMS 0x0000000093300000, 0x0000000093300000| Complete 
| 308|0x0000000093400000, 0x0000000093500000, 0x0000000093500000|100%| E|CS|TAMS 0x0000000093400000, 0x0000000093400000| Complete 
| 309|0x0000000093500000, 0x0000000093600000, 0x0000000093600000|100%| E|CS|TAMS 0x0000000093500000, 0x0000000093500000| Complete 
| 310|0x0000000093600000, 0x0000000093700000, 0x0000000093700000|100%| E|CS|TAMS 0x0000000093600000, 0x0000000093600000| Complete 
| 311|0x0000000093700000, 0x0000000093800000, 0x0000000093800000|100%| E|CS|TAMS 0x0000000093700000, 0x0000000093700000| Complete 
| 312|0x0000000093800000, 0x0000000093900000, 0x0000000093900000|100%| E|CS|TAMS 0x0000000093800000, 0x0000000093800000| Complete 
| 313|0x0000000093900000, 0x0000000093a00000, 0x0000000093a00000|100%| E|CS|TAMS 0x0000000093900000, 0x0000000093900000| Complete 
| 314|0x0000000093a00000, 0x0000000093b00000, 0x0000000093b00000|100%| E|CS|TAMS 0x0000000093a00000, 0x0000000093a00000| Complete 
| 315|0x0000000093b00000, 0x0000000093c00000, 0x0000000093c00000|100%| E|CS|TAMS 0x0000000093b00000, 0x0000000093b00000| Complete 
| 316|0x0000000093c00000, 0x0000000093d00000, 0x0000000093d00000|100%| E|CS|TAMS 0x0000000093c00000, 0x0000000093c00000| Complete 
| 317|0x0000000093d00000, 0x0000000093e00000, 0x0000000093e00000|100%| E|CS|TAMS 0x0000000093d00000, 0x0000000093d00000| Complete 
| 318|0x0000000093e00000, 0x0000000093f00000, 0x0000000093f00000|100%| E|CS|TAMS 0x0000000093e00000, 0x0000000093e00000| Complete 
| 319|0x0000000093f00000, 0x0000000094000000, 0x0000000094000000|100%| E|CS|TAMS 0x0000000093f00000, 0x0000000093f00000| Complete 
| 320|0x0000000094000000, 0x0000000094100000, 0x0000000094100000|100%| E|CS|TAMS 0x0000000094000000, 0x0000000094000000| Complete 
| 321|0x0000000094100000, 0x0000000094200000, 0x0000000094200000|100%| E|CS|TAMS 0x0000000094100000, 0x0000000094100000| Complete 
| 322|0x0000000094200000, 0x0000000094300000, 0x0000000094300000|100%| E|CS|TAMS 0x0000000094200000, 0x0000000094200000| Complete 
| 323|0x0000000094300000, 0x0000000094400000, 0x0000000094400000|100%| E|CS|TAMS 0x0000000094300000, 0x0000000094300000| Complete 
| 324|0x0000000094400000, 0x0000000094500000, 0x0000000094500000|100%| E|CS|TAMS 0x0000000094400000, 0x0000000094400000| Complete 
| 325|0x0000000094500000, 0x0000000094600000, 0x0000000094600000|100%| E|CS|TAMS 0x0000000094500000, 0x0000000094500000| Complete 
| 326|0x0000000094600000, 0x0000000094700000, 0x0000000094700000|100%| E|CS|TAMS 0x0000000094600000, 0x0000000094600000| Complete 
| 327|0x0000000094700000, 0x0000000094800000, 0x0000000094800000|100%| E|CS|TAMS 0x0000000094700000, 0x0000000094700000| Complete 
| 328|0x0000000094800000, 0x0000000094900000, 0x0000000094900000|100%| E|CS|TAMS 0x0000000094800000, 0x0000000094800000| Complete 
| 329|0x0000000094900000, 0x0000000094a00000, 0x0000000094a00000|100%| E|CS|TAMS 0x0000000094900000, 0x0000000094900000| Complete 
| 330|0x0000000094a00000, 0x0000000094b00000, 0x0000000094b00000|100%| E|CS|TAMS 0x0000000094a00000, 0x0000000094a00000| Complete 
| 331|0x0000000094b00000, 0x0000000094c00000, 0x0000000094c00000|100%| E|CS|TAMS 0x0000000094b00000, 0x0000000094b00000| Complete 
| 332|0x0000000094c00000, 0x0000000094d00000, 0x0000000094d00000|100%| E|CS|TAMS 0x0000000094c00000, 0x0000000094c00000| Complete 
| 333|0x0000000094d00000, 0x0000000094e00000, 0x0000000094e00000|100%| E|CS|TAMS 0x0000000094d00000, 0x0000000094d00000| Complete 
| 334|0x0000000094e00000, 0x0000000094f00000, 0x0000000094f00000|100%| E|CS|TAMS 0x0000000094e00000, 0x0000000094e00000| Complete 
| 335|0x0000000094f00000, 0x0000000095000000, 0x0000000095000000|100%| E|CS|TAMS 0x0000000094f00000, 0x0000000094f00000| Complete 
| 336|0x0000000095000000, 0x0000000095100000, 0x0000000095100000|100%| E|CS|TAMS 0x0000000095000000, 0x0000000095000000| Complete 
| 337|0x0000000095100000, 0x0000000095200000, 0x0000000095200000|100%| E|CS|TAMS 0x0000000095100000, 0x0000000095100000| Complete 
| 338|0x0000000095200000, 0x0000000095300000, 0x0000000095300000|100%| E|CS|TAMS 0x0000000095200000, 0x0000000095200000| Complete 
| 339|0x0000000095300000, 0x0000000095400000, 0x0000000095400000|100%| E|CS|TAMS 0x0000000095300000, 0x0000000095300000| Complete 
| 340|0x0000000095400000, 0x0000000095500000, 0x0000000095500000|100%| E|CS|TAMS 0x0000000095400000, 0x0000000095400000| Complete 
| 341|0x0000000095500000, 0x0000000095600000, 0x0000000095600000|100%| E|CS|TAMS 0x0000000095500000, 0x0000000095500000| Complete 
| 342|0x0000000095600000, 0x0000000095700000, 0x0000000095700000|100%| E|CS|TAMS 0x0000000095600000, 0x0000000095600000| Complete 
| 343|0x0000000095700000, 0x0000000095800000, 0x0000000095800000|100%| E|CS|TAMS 0x0000000095700000, 0x0000000095700000| Complete 
| 344|0x0000000095800000, 0x0000000095900000, 0x0000000095900000|100%| E|CS|TAMS 0x0000000095800000, 0x0000000095800000| Complete 
| 345|0x0000000095900000, 0x0000000095a00000, 0x0000000095a00000|100%| E|CS|TAMS 0x0000000095900000, 0x0000000095900000| Complete 
| 346|0x0000000095a00000, 0x0000000095b00000, 0x0000000095b00000|100%| E|CS|TAMS 0x0000000095a00000, 0x0000000095a00000| Complete 
| 347|0x0000000095b00000, 0x0000000095c00000, 0x0000000095c00000|100%| E|CS|TAMS 0x0000000095b00000, 0x0000000095b00000| Complete 
| 348|0x0000000095c00000, 0x0000000095d00000, 0x0000000095d00000|100%| E|CS|TAMS 0x0000000095c00000, 0x0000000095c00000| Complete 
| 349|0x0000000095d00000, 0x0000000095e00000, 0x0000000095e00000|100%| E|CS|TAMS 0x0000000095d00000, 0x0000000095d00000| Complete 
| 350|0x0000000095e00000, 0x0000000095f00000, 0x0000000095f00000|100%| E|CS|TAMS 0x0000000095e00000, 0x0000000095e00000| Complete 
| 351|0x0000000095f00000, 0x0000000096000000, 0x0000000096000000|100%| E|CS|TAMS 0x0000000095f00000, 0x0000000095f00000| Complete 
| 352|0x0000000096000000, 0x0000000096100000, 0x0000000096100000|100%| E|CS|TAMS 0x0000000096000000, 0x0000000096000000| Complete 
| 353|0x0000000096100000, 0x0000000096200000, 0x0000000096200000|100%| E|CS|TAMS 0x0000000096100000, 0x0000000096100000| Complete 
| 354|0x0000000096200000, 0x0000000096300000, 0x0000000096300000|100%| E|CS|TAMS 0x0000000096200000, 0x0000000096200000| Complete 
| 355|0x0000000096300000, 0x0000000096400000, 0x0000000096400000|100%| E|CS|TAMS 0x0000000096300000, 0x0000000096300000| Complete 
| 356|0x0000000096400000, 0x0000000096500000, 0x0000000096500000|100%| E|CS|TAMS 0x0000000096400000, 0x0000000096400000| Complete 
| 357|0x0000000096500000, 0x0000000096600000, 0x0000000096600000|100%| E|CS|TAMS 0x0000000096500000, 0x0000000096500000| Complete 

Card table byte_map: [0x00000224a37e0000,0x00000224a3be0000] _byte_map_base: 0x00000224a33e0000

Marking Bits (Prev, Next): (CMBitMap*) 0x000002248e6af508, (CMBitMap*) 0x000002248e6af540
 Prev Bits: [0x00000224a3fe0000, 0x00000224a5fe0000)
 Next Bits: [0x00000224a5fe0000, 0x00000224a7fe0000)

Polling page: 0x000002248e750000

Metaspace:

Usage:
  Non-class:     39.03 MB capacity,    38.25 MB ( 98%) used,   678.10 KB (  2%) free+waste,   114.94 KB ( <1%) overhead. 
      Class:      5.95 MB capacity,     5.54 MB ( 93%) used,   365.55 KB (  6%) free+waste,    55.38 KB ( <1%) overhead. 
       Both:     44.98 MB capacity,    43.80 MB ( 97%) used,     1.02 MB (  2%) free+waste,   170.31 KB ( <1%) overhead. 

Virtual space:
  Non-class space:       40.00 MB reserved,      39.17 MB ( 98%) committed 
      Class space:        1.00 GB reserved,       6.00 MB ( <1%) committed 
             Both:        1.04 GB reserved,      45.17 MB (  4%) committed 

Chunk freelists:
   Non-Class:  18.00 KB
       Class:  0 bytes
        Both:  18.00 KB

MaxMetaspaceSize: 17179869184.00 GB
CompressedClassSpaceSize: 1.00 GB
Initial GC threshold: 20.80 MB
Current GC threshold: 58.41 MB
CDS: off

CodeHeap 'non-profiled nmethods': size=120000Kb used=5925Kb max_used=5925Kb free=114075Kb
 bounds [0x000002249b430000, 0x000002249ba00000, 0x00000224a2960000]
CodeHeap 'profiled nmethods': size=120000Kb used=12196Kb max_used=12196Kb free=107803Kb
 bounds [0x0000022493f00000, 0x0000022494af0000, 0x000002249b430000]
CodeHeap 'non-nmethods': size=5760Kb used=2281Kb max_used=2360Kb free=3478Kb
 bounds [0x0000022493960000, 0x0000022493bd0000, 0x0000022493f00000]
 total_blobs=5978 nmethods=5198 adapters=692
 compilation: enabled
              stopped_count=0, restarted_count=0
 full_count=0

Compilation events (20 events):
Event: 49.438 Thread 0x00000224ab383000 5215       3       java.lang.reflect.Proxy$ProxyBuilder::addElementType (19 bytes)
Event: 49.439 Thread 0x00000224ab383000 nmethod 5215 0x0000022494abc910 code [0x0000022494abcb20, 0x0000022494abd0a8]
Event: 49.439 Thread 0x00000224ab383000 5217       3       java.lang.reflect.Proxy::<init> (15 bytes)
Event: 49.439 Thread 0x00000224ab383000 nmethod 5217 0x0000022494abd290 code [0x0000022494abd460, 0x0000022494abd768]
Event: 49.449 Thread 0x00000224ab383000 5218       1       com.google.common.collect.MapMakerInternalMap$AbstractStrongKeyEntry::getNext (5 bytes)
Event: 49.449 Thread 0x00000224ab383000 nmethod 5218 0x000002249b9f5810 code [0x000002249b9f59c0, 0x000002249b9f5a78]
Event: 49.452 Thread 0x00000224ab8f0800 nmethod 5194 0x000002249b9f5b10 code [0x000002249b9f5d60, 0x000002249b9f6fc0]
Event: 49.452 Thread 0x00000224ab8f0800 5207       4       java.util.concurrent.atomic.AtomicReferenceArray::length (6 bytes)
Event: 49.452 Thread 0x00000224ab8f0800 nmethod 5207 0x000002249b9f7790 code [0x000002249b9f7920, 0x000002249b9f7998]
Event: 49.453 Thread 0x00000224ab8f0800 5212       4       jdk.internal.org.objectweb.asm.MethodWriter::visitEnd (1 bytes)
Event: 49.453 Thread 0x00000224ab8f0800 nmethod 5212 0x000002249b9f7a90 code [0x000002249b9f7c20, 0x000002249b9f7c78]
Event: 49.455 Thread 0x00000224ab383000 5219       3       groovyjarjarasm.asm.Symbol::<init> (38 bytes)
Event: 49.455 Thread 0x00000224ab383000 nmethod 5219 0x0000022494abd890 code [0x0000022494abda40, 0x0000022494abdcd8]
Event: 49.455 Thread 0x00000224ab383000 5220       3       groovyjarjarasm.asm.SymbolTable::put (150 bytes)
Event: 49.455 Thread 0x00000224ab383000 nmethod 5220 0x0000022494abde10 code [0x0000022494abe020, 0x0000022494abe878]
Event: 49.455 Thread 0x00000224ab383000 5221       3       groovyjarjarasm.asm.ByteVector::putUTF8 (144 bytes)
Event: 49.457 Thread 0x00000224ab383000 nmethod 5221 0x0000022494abeb90 code [0x0000022494abee20, 0x0000022494abf908]
Event: 49.457 Thread 0x00000224ab383000 5222       3       groovyjarjarasm.asm.SymbolTable$Entry::<init> (17 bytes)
Event: 49.457 Thread 0x00000224ab383000 nmethod 5222 0x0000022494abfe10 code [0x0000022494abffc0, 0x0000022494ac0128]
Event: 49.457 Thread 0x00000224ab383000 5223       3       groovyjarjarasm.asm.SymbolTable::addConstantUtf8 (98 bytes)

GC Heap History (20 events):
Event: 45.251 GC heap before
{Heap before GC invocations=27 (full 0):
 garbage-first heap   total 253952K, used 218497K [0x0000000080000000, 0x0000000100000000)
  region size 1024K, 138 young (141312K), 10 survivors (10240K)
 Metaspace       used 44488K, capacity 45631K, committed 45744K, reserved 1089536K
  class space    used 5626K, capacity 6064K, committed 6144K, reserved 1048576K
}
Event: 45.257 GC heap after
{Heap after GC invocations=28 (full 0):
 garbage-first heap   total 253952K, used 87070K [0x0000000080000000, 0x0000000100000000)
  region size 1024K, 11 young (11264K), 11 survivors (11264K)
 Metaspace       used 44488K, capacity 45631K, committed 45744K, reserved 1089536K
  class space    used 5626K, capacity 6064K, committed 6144K, reserved 1048576K
}
Event: 45.380 GC heap before
{Heap before GC invocations=28 (full 0):
 garbage-first heap   total 253952K, used 217118K [0x0000000080000000, 0x0000000100000000)
  region size 1024K, 137 young (140288K), 11 survivors (11264K)
 Metaspace       used 44488K, capacity 45631K, committed 45744K, reserved 1089536K
  class space    used 5626K, capacity 6064K, committed 6144K, reserved 1048576K
}
Event: 45.389 GC heap after
{Heap after GC invocations=29 (full 0):
 garbage-first heap   total 305152K, used 88241K [0x0000000080000000, 0x0000000100000000)
  region size 1024K, 11 young (11264K), 11 survivors (11264K)
 Metaspace       used 44488K, capacity 45631K, committed 45744K, reserved 1089536K
  class space    used 5626K, capacity 6064K, committed 6144K, reserved 1048576K
}
Event: 45.570 GC heap before
{Heap before GC invocations=29 (full 0):
 garbage-first heap   total 305152K, used 249009K [0x0000000080000000, 0x0000000100000000)
  region size 1024K, 168 young (172032K), 11 survivors (11264K)
 Metaspace       used 44488K, capacity 45631K, committed 45744K, reserved 1089536K
  class space    used 5626K, capacity 6064K, committed 6144K, reserved 1048576K
}
Event: 45.576 GC heap after
{Heap after GC invocations=30 (full 0):
 garbage-first heap   total 305152K, used 89522K [0x0000000080000000, 0x0000000100000000)
  region size 1024K, 13 young (13312K), 13 survivors (13312K)
 Metaspace       used 44488K, capacity 45631K, committed 45744K, reserved 1089536K
  class space    used 5626K, capacity 6064K, committed 6144K, reserved 1048576K
}
Event: 45.745 GC heap before
{Heap before GC invocations=30 (full 0):
 garbage-first heap   total 305152K, used 252338K [0x0000000080000000, 0x0000000100000000)
  region size 1024K, 172 young (176128K), 13 survivors (13312K)
 Metaspace       used 44490K, capacity 45631K, committed 45744K, reserved 1089536K
  class space    used 5626K, capacity 6064K, committed 6144K, reserved 1048576K
}
Event: 45.751 GC heap after
{Heap after GC invocations=31 (full 0):
 garbage-first heap   total 305152K, used 90886K [0x0000000080000000, 0x0000000100000000)
  region size 1024K, 13 young (13312K), 13 survivors (13312K)
 Metaspace       used 44490K, capacity 45631K, committed 45744K, reserved 1089536K
  class space    used 5626K, capacity 6064K, committed 6144K, reserved 1048576K
}
Event: 45.951 GC heap before
{Heap before GC invocations=31 (full 0):
 garbage-first heap   total 305152K, used 259846K [0x0000000080000000, 0x0000000100000000)
  region size 1024K, 178 young (182272K), 13 survivors (13312K)
 Metaspace       used 44490K, capacity 45631K, committed 45744K, reserved 1089536K
  class space    used 5626K, capacity 6064K, committed 6144K, reserved 1048576K
}
Event: 45.959 GC heap after
{Heap after GC invocations=32 (full 0):
 garbage-first heap   total 305152K, used 93427K [0x0000000080000000, 0x0000000100000000)
  region size 1024K, 15 young (15360K), 15 survivors (15360K)
 Metaspace       used 44490K, capacity 45631K, committed 45744K, reserved 1089536K
  class space    used 5626K, capacity 6064K, committed 6144K, reserved 1048576K
}
Event: 46.176 GC heap before
{Heap before GC invocations=32 (full 0):
 garbage-first heap   total 305152K, used 267507K [0x0000000080000000, 0x0000000100000000)
  region size 1024K, 176 young (180224K), 15 survivors (15360K)
 Metaspace       used 44493K, capacity 45695K, committed 46000K, reserved 1089536K
  class space    used 5626K, capacity 6064K, committed 6144K, reserved 1048576K
}
Event: 46.184 GC heap after
{Heap after GC invocations=33 (full 0):
 garbage-first heap   total 366592K, used 86589K [0x0000000080000000, 0x0000000100000000)
  region size 1024K, 9 young (9216K), 9 survivors (9216K)
 Metaspace       used 44493K, capacity 45695K, committed 46000K, reserved 1089536K
  class space    used 5626K, capacity 6064K, committed 6144K, reserved 1048576K
}
Event: 46.574 GC heap before
{Heap before GC invocations=33 (full 0):
 garbage-first heap   total 366592K, used 295485K [0x0000000080000000, 0x0000000100000000)
  region size 1024K, 213 young (218112K), 9 survivors (9216K)
 Metaspace       used 44493K, capacity 45695K, committed 46000K, reserved 1089536K
  class space    used 5626K, capacity 6064K, committed 6144K, reserved 1048576K
}
Event: 46.582 GC heap after
{Heap after GC invocations=34 (full 0):
 garbage-first heap   total 366592K, used 87844K [0x0000000080000000, 0x0000000100000000)
  region size 1024K, 11 young (11264K), 11 survivors (11264K)
 Metaspace       used 44493K, capacity 45695K, committed 46000K, reserved 1089536K
  class space    used 5626K, capacity 6064K, committed 6144K, reserved 1048576K
}
Event: 46.834 GC heap before
{Heap before GC invocations=34 (full 0):
 garbage-first heap   total 366592K, used 295716K [0x0000000080000000, 0x0000000100000000)
  region size 1024K, 214 young (219136K), 11 survivors (11264K)
 Metaspace       used 44493K, capacity 45695K, committed 46000K, reserved 1089536K
  class space    used 5626K, capacity 6064K, committed 6144K, reserved 1048576K
}
Event: 46.840 GC heap after
{Heap after GC invocations=35 (full 0):
 garbage-first heap   total 366592K, used 89588K [0x0000000080000000, 0x0000000100000000)
  region size 1024K, 12 young (12288K), 12 survivors (12288K)
 Metaspace       used 44493K, capacity 45695K, committed 46000K, reserved 1089536K
  class space    used 5626K, capacity 6064K, committed 6144K, reserved 1048576K
}
Event: 47.279 GC heap before
{Heap before GC invocations=35 (full 0):
 garbage-first heap   total 366592K, used 296436K [0x0000000080000000, 0x0000000100000000)
  region size 1024K, 214 young (219136K), 12 survivors (12288K)
 Metaspace       used 44494K, capacity 45695K, committed 46000K, reserved 1089536K
  class space    used 5626K, capacity 6064K, committed 6144K, reserved 1048576K
}
Event: 47.286 GC heap after
{Heap after GC invocations=36 (full 0):
 garbage-first heap   total 366592K, used 84816K [0x0000000080000000, 0x0000000100000000)
  region size 1024K, 11 young (11264K), 11 survivors (11264K)
 Metaspace       used 44494K, capacity 45695K, committed 46000K, reserved 1089536K
  class space    used 5626K, capacity 6064K, committed 6144K, reserved 1048576K
}
Event: 47.744 GC heap before
{Heap before GC invocations=36 (full 0):
 garbage-first heap   total 366592K, used 292688K [0x0000000080000000, 0x0000000100000000)
  region size 1024K, 214 young (219136K), 11 survivors (11264K)
 Metaspace       used 44494K, capacity 45695K, committed 46000K, reserved 1089536K
  class space    used 5626K, capacity 6064K, committed 6144K, reserved 1048576K
}
Event: 47.752 GC heap after
{Heap after GC invocations=37 (full 0):
 garbage-first heap   total 366592K, used 86589K [0x0000000080000000, 0x0000000100000000)
  region size 1024K, 12 young (12288K), 12 survivors (12288K)
 Metaspace       used 44494K, capacity 45695K, committed 46000K, reserved 1089536K
  class space    used 5626K, capacity 6064K, committed 6144K, reserved 1048576K
}

Deoptimization events (20 events):
Event: 49.330 Thread 0x00000224acf6a000 Uncommon trap: trap_request=0xffffff4d fr.pc=0x000002249b9c6674 relative=0x00000000000000b4
Event: 49.330 Thread 0x00000224acf6a000 Uncommon trap: reason=unstable_if action=reinterpret pc=0x000002249b9c6674 method=org.gradle.internal.classpath.InstrumentingTransformer$InstrumentingVisitor.visitEnd()V @ 4 c2
Event: 49.330 Thread 0x00000224acf6a000 DEOPT PACKING pc=0x000002249b9c6674 sp=0x00000063405fe510
Event: 49.330 Thread 0x00000224acf6a000 DEOPT UNPACKING pc=0x00000224939aa1af sp=0x00000063405fe4a8 mode 2
Event: 49.331 Thread 0x00000224acf6a000 Uncommon trap: trap_request=0xffffffde fr.pc=0x000002249b8f07a0 relative=0x00000000000077e0
Event: 49.331 Thread 0x00000224acf6a000 Uncommon trap: reason=class_check action=maybe_recompile pc=0x000002249b8f07a0 method=org.objectweb.asm.ClassReader.readCode(Lorg/objectweb/asm/MethodVisitor;Lorg/objectweb/asm/Context;I)V @ 3876 c2
Event: 49.331 Thread 0x00000224acf6a000 DEOPT PACKING pc=0x000002249b8f07a0 sp=0x00000063405fe320
Event: 49.332 Thread 0x00000224acf6a000 DEOPT UNPACKING pc=0x00000224939aa1af sp=0x00000063405fe288 mode 2
Event: 49.335 Thread 0x00000224acf6a000 Uncommon trap: trap_request=0xffffffde fr.pc=0x000002249b78ab68 relative=0x0000000000003fc8
Event: 49.335 Thread 0x00000224acf6a000 Uncommon trap: reason=class_check action=maybe_recompile pc=0x000002249b78ab68 method=org.objectweb.asm.ClassReader.readCode(Lorg/objectweb/asm/MethodVisitor;Lorg/objectweb/asm/Context;I)V @ 3876 c2
Event: 49.335 Thread 0x00000224acf6a000 DEOPT PACKING pc=0x000002249b78ab68 sp=0x00000063405fe340
Event: 49.335 Thread 0x00000224acf6a000 DEOPT UNPACKING pc=0x00000224939aa1af sp=0x00000063405fe288 mode 2
Event: 49.338 Thread 0x00000224acf6a000 Uncommon trap: trap_request=0xffffff7e fr.pc=0x000002249b97f21c relative=0x00000000000002bc
Event: 49.338 Thread 0x00000224acf6a000 Uncommon trap: reason=predicate action=maybe_recompile pc=0x000002249b97f21c method=org.objectweb.asm.Label.accept(Lorg/objectweb/asm/MethodVisitor;Z)V @ 44 c2
Event: 49.338 Thread 0x00000224acf6a000 DEOPT PACKING pc=0x000002249b97f21c sp=0x00000063405fe250
Event: 49.338 Thread 0x00000224acf6a000 DEOPT UNPACKING pc=0x00000224939aa1af sp=0x00000063405fe200 mode 2
Event: 49.402 Thread 0x00000224ac990800 Uncommon trap: trap_request=0xffffff4d fr.pc=0x000002249b5b7ea0 relative=0x0000000000004e80
Event: 49.402 Thread 0x00000224ac990800 Uncommon trap: reason=unstable_if action=reinterpret pc=0x000002249b5b7ea0 method=java.lang.StringLatin1.regionMatchesCI([BI[BII)Z @ 66 c2
Event: 49.403 Thread 0x00000224ac990800 DEOPT PACKING pc=0x000002249b5b7ea0 sp=0x000000633f2f7540
Event: 49.403 Thread 0x00000224ac990800 DEOPT UNPACKING pc=0x00000224939aa1af sp=0x000000633f2f72f0 mode 2

Classes redefined (0 events):
No events

Internal exceptions (20 events):
Event: 44.461 Thread 0x00000224acf6a800 Exception <a 'sun/nio/fs/WindowsException'{0x000000008ceb0ce8}> (0x000000008ceb0ce8) thrown at [./src/hotspot/share/prims/jni.cpp, line 616]
Event: 44.592 Thread 0x00000224acb6b000 Exception <a 'sun/nio/fs/WindowsException'{0x0000000089731e30}> (0x0000000089731e30) thrown at [./src/hotspot/share/prims/jni.cpp, line 616]
Event: 44.597 Thread 0x00000224acb6b000 Exception <a 'sun/nio/fs/WindowsException'{0x0000000089731f90}> (0x0000000089731f90) thrown at [./src/hotspot/share/prims/jni.cpp, line 616]
Event: 46.085 Thread 0x00000224acb71000 Exception <a 'sun/nio/fs/WindowsException'{0x000000008c348da8}> (0x000000008c348da8) thrown at [./src/hotspot/share/prims/jni.cpp, line 616]
Event: 46.087 Thread 0x00000224acb71000 Exception <a 'sun/nio/fs/WindowsException'{0x000000008c348f50}> (0x000000008c348f50) thrown at [./src/hotspot/share/prims/jni.cpp, line 616]
Event: 46.866 Thread 0x00000224acf66000 Exception <a 'sun/nio/fs/WindowsException'{0x0000000094b726c8}> (0x0000000094b726c8) thrown at [./src/hotspot/share/prims/jni.cpp, line 616]
Event: 46.866 Thread 0x00000224acf66000 Exception <a 'sun/nio/fs/WindowsException'{0x0000000094b72850}> (0x0000000094b72850) thrown at [./src/hotspot/share/prims/jni.cpp, line 616]
Event: 48.106 Thread 0x00000224acf6b800 Exception <a 'sun/nio/fs/WindowsException'{0x000000008b6f2160}> (0x000000008b6f2160) thrown at [./src/hotspot/share/prims/jni.cpp, line 616]
Event: 48.107 Thread 0x00000224acf6b800 Exception <a 'sun/nio/fs/WindowsException'{0x000000008b6f22d8}> (0x000000008b6f22d8) thrown at [./src/hotspot/share/prims/jni.cpp, line 616]
Event: 49.326 Thread 0x00000224acf6a000 Exception <a 'sun/nio/fs/WindowsException'{0x000000008b43ae90}> (0x000000008b43ae90) thrown at [./src/hotspot/share/prims/jni.cpp, line 616]
Event: 49.348 Thread 0x00000224acf6a000 Exception <a 'sun/nio/fs/WindowsException'{0x000000008b4bbe50}> (0x000000008b4bbe50) thrown at [./src/hotspot/share/prims/jni.cpp, line 616]
Event: 49.349 Thread 0x00000224acf6a000 Exception <a 'sun/nio/fs/WindowsException'{0x000000008b4bbfb0}> (0x000000008b4bbfb0) thrown at [./src/hotspot/share/prims/jni.cpp, line 616]
Event: 49.358 Thread 0x00000224ac990800 Exception <a 'java/lang/ClassNotFoundException'{0x000000008b4cae08}: ijinit_f2y98ed4dvqjc62jzj1t9rc96BeanInfo> (0x000000008b4cae08) thrown at [./src/hotspot/share/classfile/systemDictionary.cpp, line 231]
Event: 49.358 Thread 0x00000224ac990800 Exception <a 'java/lang/ClassNotFoundException'{0x000000008b4d7070}: ijinit_f2y98ed4dvqjc62jzj1t9rc96Customizer> (0x000000008b4d7070) thrown at [./src/hotspot/share/classfile/systemDictionary.cpp, line 231]
Event: 49.407 Thread 0x00000224ac990800 Exception <a 'java/lang/ClassNotFoundException'{0x000000008b1556b0}: org/gradle/api/internal/plugins/DefaultObjectConfigurationActionBeanInfo> (0x000000008b1556b0) thrown at [./src/hotspot/share/classfile/systemDictionary.cpp, line 231]
Event: 49.408 Thread 0x00000224ac990800 Exception <a 'java/lang/ClassNotFoundException'{0x000000008b182ec8}: org/gradle/api/internal/plugins/DefaultObjectConfigurationActionCustomizer> (0x000000008b182ec8) thrown at [./src/hotspot/share/classfile/systemDictionary.cpp, line 231]
Event: 49.442 Thread 0x00000224ac990800 Exception <a 'java/lang/ClassNotFoundException'{0x000000008b086718}: JetGradlePluginBeanInfo> (0x000000008b086718) thrown at [./src/hotspot/share/classfile/systemDictionary.cpp, line 231]
Event: 49.443 Thread 0x00000224ac990800 Exception <a 'java/lang/ClassNotFoundException'{0x000000008b0926f8}: JetGradlePluginCustomizer> (0x000000008b0926f8) thrown at [./src/hotspot/share/classfile/systemDictionary.cpp, line 231]
Event: 49.449 Thread 0x00000224ac990800 Exception <a 'java/lang/ClassNotFoundException'{0x000000008b0ed690}: groovy/lang/ReferenceBeanInfo> (0x000000008b0ed690) thrown at [./src/hotspot/share/classfile/systemDictionary.cpp, line 231]
Event: 49.451 Thread 0x00000224ac990800 Exception <a 'java/lang/ClassNotFoundException'{0x000000008af25bc8}: groovy/lang/ReferenceCustomizer> (0x000000008af25bc8) thrown at [./src/hotspot/share/classfile/systemDictionary.cpp, line 231]

Events (20 events):
Event: 49.448 loading class groovy/lang/ReferenceBeanInfo
Event: 49.448 loading class groovy/lang/ReferenceBeanInfo done
Event: 49.448 loading class groovy/lang/ReferenceBeanInfo
Event: 49.448 loading class groovy/lang/ReferenceBeanInfo done
Event: 49.449 loading class groovy/lang/ReferenceBeanInfo
Event: 49.449 loading class groovy/lang/ReferenceBeanInfo done
Event: 49.449 loading class groovy/lang/ReferenceCustomizer
Event: 49.449 loading class groovy/lang/ReferenceCustomizer done
Event: 49.450 loading class groovy/lang/ReferenceCustomizer
Event: 49.450 loading class groovy/lang/ReferenceCustomizer done
Event: 49.450 loading class groovy/lang/ReferenceCustomizer
Event: 49.450 loading class groovy/lang/ReferenceCustomizer done
Event: 49.451 loading class groovy/lang/ReferenceCustomizer
Event: 49.451 loading class groovy/lang/ReferenceCustomizer done
Event: 49.453 loading class org/codehaus/groovy/runtime/callsite/StaticMetaMethodSite
Event: 49.453 loading class org/codehaus/groovy/runtime/callsite/StaticMetaMethodSite done
Event: 49.456 loading class groovy/lang/GroovyRuntimeException
Event: 49.456 loading class groovy/lang/GroovyRuntimeException done
Event: 49.456 Executing VM operation: RevokeBias
Event: 49.456 Executing VM operation: RevokeBias done


Dynamic libraries:
0x00007ff7748c0000 - 0x00007ff7748ca000 	C:\Program Files\Android\Android Studio\jre\bin\java.exe
0x00007ff8a5d10000 - 0x00007ff8a5f08000 	C:\Windows\SYSTEM32\ntdll.dll
0x00007ff8a5880000 - 0x00007ff8a593d000 	C:\Windows\System32\KERNEL32.DLL
0x00007ff8a37f0000 - 0x00007ff8a3ae6000 	C:\Windows\System32\KERNELBASE.dll
0x00007ff8a3490000 - 0x00007ff8a3590000 	C:\Windows\System32\ucrtbase.dll
0x00007ff882110000 - 0x00007ff882127000 	C:\Program Files\Android\Android Studio\jre\bin\VCRUNTIME140.dll
0x00007ff8820f0000 - 0x00007ff882109000 	C:\Program Files\Android\Android Studio\jre\bin\jli.dll
0x00007ff8a3fc0000 - 0x00007ff8a415e000 	C:\Windows\System32\USER32.dll
0x00007ff8a3460000 - 0x00007ff8a3482000 	C:\Windows\System32\win32u.dll
0x00007ff8a56e0000 - 0x00007ff8a570c000 	C:\Windows\System32\GDI32.dll
0x00007ff8a3640000 - 0x00007ff8a375a000 	C:\Windows\System32\gdi32full.dll
0x00007ff8a3af0000 - 0x00007ff8a3b8d000 	C:\Windows\System32\msvcp_win.dll
0x00007ff891670000 - 0x00007ff89190a000 	C:\Windows\WinSxS\amd64_microsoft.windows.common-controls_6595b64144ccf1df_6.0.19041.1110_none_60b5254171f9507e\COMCTL32.dll
0x00007ff8a3e30000 - 0x00007ff8a3ece000 	C:\Windows\System32\msvcrt.dll
0x00007ff8a50d0000 - 0x00007ff8a5100000 	C:\Windows\System32\IMM32.DLL
0x00007ff8640f0000 - 0x00007ff86418d000 	C:\Program Files\Android\Android Studio\jre\bin\msvcp140.dll
0x00007ff838f80000 - 0x00007ff839a82000 	C:\Program Files\Android\Android Studio\jre\bin\server\jvm.dll
0x00007ff8a48d0000 - 0x00007ff8a497e000 	C:\Windows\System32\ADVAPI32.dll
0x00007ff8a5640000 - 0x00007ff8a56dc000 	C:\Windows\System32\sechost.dll
0x00007ff8a5940000 - 0x00007ff8a5a66000 	C:\Windows\System32\RPCRT4.dll
0x00007ff8a57e0000 - 0x00007ff8a57e8000 	C:\Windows\System32\PSAPI.DLL
0x00007ff88ad00000 - 0x00007ff88ad09000 	C:\Windows\SYSTEM32\WSOCK32.dll
0x00007ff8a3f50000 - 0x00007ff8a3fbb000 	C:\Windows\System32\WS2_32.dll
0x00007ff899910000 - 0x00007ff899937000 	C:\Windows\SYSTEM32\WINMM.dll
0x00007ff89bfe0000 - 0x00007ff89bfea000 	C:\Windows\SYSTEM32\VERSION.dll
0x00007ff8a1d60000 - 0x00007ff8a1d72000 	C:\Windows\SYSTEM32\kernel.appcore.dll
0x00007ff88e9e0000 - 0x00007ff88e9f1000 	C:\Program Files\Android\Android Studio\jre\bin\verify.dll
0x00007ff8a0fb0000 - 0x00007ff8a1194000 	C:\Windows\SYSTEM32\DBGHELP.DLL
0x00007ff88e5f0000 - 0x00007ff88e624000 	C:\Windows\SYSTEM32\dbgcore.DLL
0x00007ff8a3760000 - 0x00007ff8a37e2000 	C:\Windows\System32\bcryptPrimitives.dll
0x00007ff889660000 - 0x00007ff889689000 	C:\Program Files\Android\Android Studio\jre\bin\java.dll
0x00007ff89ec40000 - 0x00007ff89ec4b000 	C:\Program Files\Android\Android Studio\jre\bin\jimage.dll
0x00007ff88e8b0000 - 0x00007ff88e8c8000 	C:\Program Files\Android\Android Studio\jre\bin\zip.dll
0x00007ff8a4980000 - 0x00007ff8a50c5000 	C:\Windows\System32\SHELL32.dll
0x00007ff8a11a0000 - 0x00007ff8a193b000 	C:\Windows\SYSTEM32\windows.storage.dll
0x00007ff8a4160000 - 0x00007ff8a44b4000 	C:\Windows\System32\combase.dll
0x00007ff8a2d60000 - 0x00007ff8a2d8e000 	C:\Windows\SYSTEM32\Wldp.dll
0x00007ff8a5730000 - 0x00007ff8a57dd000 	C:\Windows\System32\SHCORE.dll
0x00007ff8a5c70000 - 0x00007ff8a5cc5000 	C:\Windows\System32\shlwapi.dll
0x00007ff8a3320000 - 0x00007ff8a3345000 	C:\Windows\SYSTEM32\profapi.dll
0x00007ff88e540000 - 0x00007ff88e55a000 	C:\Program Files\Android\Android Studio\jre\bin\net.dll
0x00007ff89b4d0000 - 0x00007ff89b5da000 	C:\Windows\SYSTEM32\WINHTTP.dll
0x00007ff8a2ac0000 - 0x00007ff8a2b2a000 	C:\Windows\system32\mswsock.dll
0x00007ff88d9c0000 - 0x00007ff88d9d4000 	C:\Program Files\Android\Android Studio\jre\bin\nio.dll
0x00007ff88eac0000 - 0x00007ff88eae7000 	C:\Users\TUF\.gradle\native\e1d6ef7f7dcc3fd88c89a11ec53ec762bb8ba0a96d01ffa2cd45eb1d1d8dd5c5\windows-amd64\native-platform.dll
0x00007ff85c850000 - 0x00007ff85c994000 	C:\Users\TUF\.gradle\native\0d407fdbe67a94daf76414ababcb853783967236a71b16ec16e742cd7a986fd3\windows-amd64\native-platform-file-events.dll
0x00007ff89ec20000 - 0x00007ff89ec2a000 	C:\Program Files\Android\Android Studio\jre\bin\management.dll
0x00007ff89a220000 - 0x00007ff89a22d000 	C:\Program Files\Android\Android Studio\jre\bin\management_ext.dll
0x00007ff8a2cc0000 - 0x00007ff8a2cd8000 	C:\Windows\SYSTEM32\CRYPTSP.dll
0x00007ff8a23d0000 - 0x00007ff8a2404000 	C:\Windows\system32\rsaenh.dll
0x00007ff8a3d40000 - 0x00007ff8a3d67000 	C:\Windows\System32\bcrypt.dll
0x00007ff8a32a0000 - 0x00007ff8a32ce000 	C:\Windows\SYSTEM32\USERENV.dll
0x00007ff8a2cb0000 - 0x00007ff8a2cbc000 	C:\Windows\SYSTEM32\CRYPTBASE.dll
0x00007ff8a27b0000 - 0x00007ff8a27eb000 	C:\Windows\SYSTEM32\IPHLPAPI.DLL
0x00007ff8a5c60000 - 0x00007ff8a5c68000 	C:\Windows\System32\NSI.dll
0x00007ff89c580000 - 0x00007ff89c597000 	C:\Windows\SYSTEM32\dhcpcsvc6.DLL
0x00007ff89c4d0000 - 0x00007ff89c4ed000 	C:\Windows\SYSTEM32\dhcpcsvc.DLL
0x00007ff8a27f0000 - 0x00007ff8a28ba000 	C:\Windows\SYSTEM32\DNSAPI.dll

dbghelp: loaded successfully - version: 4.0.5 - missing functions: none
symbol engine: initialized successfully - sym options: 0x614 - pdb path: .;C:\Program Files\Android\Android Studio\jre\bin;C:\Windows\SYSTEM32;C:\Windows\WinSxS\amd64_microsoft.windows.common-controls_6595b64144ccf1df_6.0.19041.1110_none_60b5254171f9507e;C:\Program Files\Android\Android Studio\jre\bin\server;C:\Users\TUF\.gradle\native\e1d6ef7f7dcc3fd88c89a11ec53ec762bb8ba0a96d01ffa2cd45eb1d1d8dd5c5\windows-amd64;C:\Users\TUF\.gradle\native\0d407fdbe67a94daf76414ababcb853783967236a71b16ec16e742cd7a986fd3\windows-amd64

VM Arguments:
jvm_args: --add-opens=java.base/java.util=ALL-UNNAMED --add-opens=java.base/java.lang=ALL-UNNAMED --add-opens=java.base/java.lang.invoke=ALL-UNNAMED --add-opens=java.base/java.util=ALL-UNNAMED --add-opens=java.prefs/java.util.prefs=ALL-UNNAMED --add-opens=java.prefs/java.util.prefs=ALL-UNNAMED --add-opens=java.base/java.nio.charset=ALL-UNNAMED --add-opens=java.base/java.net=ALL-UNNAMED --add-opens=java.base/java.util.concurrent.atomic=ALL-UNNAMED -Xmx2048m -Dfile.encoding=UTF-8 -Duser.country=ID -Duser.language=en -Duser.variant 
java_command: org.gradle.launcher.daemon.bootstrap.GradleDaemon 7.4
java_class_path (initial): C:\Users\TUF\.gradle\wrapper\dists\gradle-7.4-bin\c0gwcg53nkjbqw7r0h0umtfvt\gradle-7.4\lib\gradle-launcher-7.4.jar
Launcher Type: SUN_STANDARD

[Global flags]
     intx CICompilerCount                          = 4                                         {product} {ergonomic}
     uint ConcGCThreads                            = 2                                         {product} {ergonomic}
     uint G1ConcRefinementThreads                  = 8                                         {product} {ergonomic}
   size_t G1HeapRegionSize                         = 1048576                                   {product} {ergonomic}
    uintx GCDrainStackTargetSize                   = 64                                        {product} {ergonomic}
   size_t InitialHeapSize                          = 260046848                                 {product} {ergonomic}
   size_t MarkStackSize                            = 4194304                                   {product} {ergonomic}
   size_t MaxHeapSize                              = 2147483648                                {product} {command line}
   size_t MaxNewSize                               = 1287651328                                {product} {ergonomic}
   size_t MinHeapDeltaBytes                        = 1048576                                   {product} {ergonomic}
    uintx NonNMethodCodeHeapSize                   = 5836300                                {pd product} {ergonomic}
    uintx NonProfiledCodeHeapSize                  = 122910970                              {pd product} {ergonomic}
    uintx ProfiledCodeHeapSize                     = 122910970                              {pd product} {ergonomic}
    uintx ReservedCodeCacheSize                    = 251658240                              {pd product} {ergonomic}
     bool SegmentedCodeCache                       = true                                      {product} {ergonomic}
     bool UseCompressedClassPointers               = true                                 {lp64_product} {ergonomic}
     bool UseCompressedOops                        = true                                 {lp64_product} {ergonomic}
     bool UseG1GC                                  = true                                      {product} {ergonomic}
     bool UseLargePagesIndividualAllocation        = false                                  {pd product} {ergonomic}

Logging:
Log output configuration:
 #0: stdout all=warning uptime,level,tags
 #1: stderr all=off uptime,level,tags

Environment Variables:
JAVA_HOME=C:\Users\TUF\AppData\Local\Programs\Zulu Ver 11
PATH=C:\App\WINDOWS.X64_193000_db_home\bin;C:\Program Files (x86)\Common Files\Oracle\Java\javapath;C:\ProgramData\Oracle\Java\javapath;C:\Program Files (x86)\Common Files\Intel\Shared Libraries\redist\intel64\compiler;C:\Windows\system32;C:\Windows;C:\Windows\System32\Wbem;C:\Windows\System32\WindowsPowerShell\v1.0\;C:\Windows\System32\OpenSSH\;C:\Program Files (x86)\HP\Common\HPDestPlgIn\;C:\Program Files\Microsoft SQL Server\150\Tools\Binn\;C:\Program Files\dotnet\;C:\Program Files\NVIDIA Corporation\NVIDIA NvDLISR;C:\Users\TUF\AppData\Local\Programs\Zulu Ver 11\bin;C:\Program Files\Git\cmd;C:\Program Files (x86)\NVIDIA Corporation\PhysX\Common;C:\ProgramData\ComposerSetup\bin;C:\Program Files\nodejs\;C:\xampp\php;C:\Users\TUF\AppData\Local\Programs\Visual Studio Code\Microsoft VS Code\bin;C:\Program Files (x86)\HP\Common\HPDestPlgIn\;C:\Users\TUF\.dotnet\tools;D:\Hasil Unduhan\Program\SpeedTest Ookla;C:\Users\TUF\AppData\Roaming\Composer\vendor\bin;C:\Users\TUF\AppData\Roaming\npm
USERNAME=TUF
OS=Windows_NT
PROCESSOR_IDENTIFIER=AMD64 Family 23 Model 24 Stepping 1, AuthenticAMD



---------------  S Y S T E M  ---------------

OS: Windows 10 , 64 bit Build 19041 (10.0.19041.3393)
OS uptime: 1 days 0:30 hours

CPU:total 8 (initial active 8) (8 cores per cpu, 2 threads per core) family 23 model 24 stepping 1 microcode 0x0, cmov, cx8, fxsr, mmx, sse, sse2, sse3, ssse3, sse4.1, sse4.2, popcnt, avx, avx2, aes, clmul, mmxext, 3dnowpref, lzcnt, sse4a, ht, tsc, tscinvbit, tscinv, bmi1, bmi2, adx, sha, fma

Memory: 4k page, system-wide physical 15809M (5840M free)
TotalPageFile size 17857M (AvailPageFile size 4M)
current process WorkingSet (physical memory assigned to process): 554M, peak: 558M
current process commit charge ("private bytes"): 591M, peak: 597M

vm_info: OpenJDK 64-Bit Server VM (11.0.13+0-b1751.21-8125866) for windows-amd64 JRE (11.0.13+0-b1751.21-8125866), built on Feb  2 2022 03:00:22 by "builder" with MS VC++ 14.0 (VS2015)

END.
