#
# There is insufficient memory for the Java Runtime Environment to continue.
# Native memory allocation (malloc) failed to allocate 1377616 bytes for Chunk::new
# Possible reasons:
#   The system is out of physical RAM or swap space
#   The process is running with CompressedOops enabled, and the Java Heap may be blocking the growth of the native heap
# Possible solutions:
#   Reduce memory load on the system
#   Increase physical memory or swap space
#   Check if swap backing store is full
#   Decrease Java heap size (-Xmx/-Xms)
#   Decrease number of Java threads
#   Decrease Java thread stack sizes (-Xss)
#   Set larger code cache with -XX:ReservedCodeCacheSize=
#   JVM is running with Zero Based Compressed Oops mode in which the Java heap is
#     placed in the first 32GB address space. The Java Heap base address is the
#     maximum limit for the native heap growth. Please use -XX:HeapBaseMinAddress
#     to set the Java Heap base and to place the Java Heap above 32GB virtual address.
# This output file may be truncated or incomplete.
#
#  Out of Memory Error (./src/hotspot/share/memory/arena.cpp:197), pid=10432, tid=10220
#
# JRE version: OpenJDK Runtime Environment (11.0.13) (build 11.0.13+0-b1751.21-8125866)
# Java VM: OpenJDK 64-Bit Server VM (11.0.13+0-b1751.21-8125866, mixed mode, tiered, compressed oops, g1 gc, windows-amd64)
# No core dump will be written. Minidumps are not enabled by default on client versions of Windows
#

---------------  S U M M A R Y ------------

Command Line: org.jetbrains.kotlin.cli.jvm.K2JVMCompiler @C:\Users\TUF\AndroidStudioProjects\MyAbsent\app\build\20230329_13720030395444705949.compiler.options

Host: AMD Ryzen 5 3550H with Radeon Vega Mobile Gfx  , 8 cores, 15G,  Windows 10 , 64 bit Build 19041 (10.0.19041.2546)
Time: Wed Mar 29 10:19:34 2023 SE Asia Standard Time elapsed time: 12.976129 seconds (0d 0h 0m 12s)

---------------  T H R E A D  ---------------

Current thread (0x000001f260c3a000):  JavaThread "C2 CompilerThread2" daemon [_thread_in_native, id=10220, stack(0x000000339c500000,0x000000339c600000)]


Current CompileTask:
C2:  12976 7487       4       org.jetbrains.kotlin.utils.SmartSet::add (216 bytes)

Stack: [0x000000339c500000,0x000000339c600000]
Native frames: (J=compiled Java code, j=interpreted, Vv=VM code, C=native code)
V  [jvm.dll+0x6100fa]
V  [jvm.dll+0x747090]
V  [jvm.dll+0x7486ad]
V  [jvm.dll+0x748d83]
V  [jvm.dll+0x24ab48]
V  [jvm.dll+0xc04dc]
V  [jvm.dll+0xc0a0c]
V  [jvm.dll+0x35eb5b]
V  [jvm.dll+0x32b833]
V  [jvm.dll+0x32ad2a]
V  [jvm.dll+0x2032b2]
V  [jvm.dll+0x202437]
V  [jvm.dll+0x188e01]
V  [jvm.dll+0x21106b]
V  [jvm.dll+0x20f8c1]
V  [jvm.dll+0x70de0f]
V  [jvm.dll+0x706a75]
V  [jvm.dll+0x60ed66]
C  [ucrtbase.dll+0x21bb2]
C  [KERNEL32.DLL+0x17614]
C  [ntdll.dll+0x526a1]


---------------  P R O C E S S  ---------------

Threads class SMR info:
_java_thread_list=0x000001f2607bed20, length=12, elements={
0x000001f23f7bc000, 0x000001f25ebbd800, 0x000001f25ebbe800, 0x000001f25f464800,
0x000001f25f466000, 0x000001f25f467800, 0x000001f25f46c800, 0x000001f25f4dd800,
0x000001f25f4ef000, 0x000001f25f63e800, 0x000001f263c13000, 0x000001f260c3a000
}

Java Threads: ( => current thread )
  0x000001f23f7bc000 JavaThread "main" [_thread_in_Java, id=21692, stack(0x000000339ae00000,0x000000339af00000)]
  0x000001f25ebbd800 JavaThread "Reference Handler" daemon [_thread_blocked, id=8200, stack(0x000000339b500000,0x000000339b600000)]
  0x000001f25ebbe800 JavaThread "Finalizer" daemon [_thread_blocked, id=20308, stack(0x000000339b600000,0x000000339b700000)]
  0x000001f25f464800 JavaThread "Signal Dispatcher" daemon [_thread_blocked, id=24592, stack(0x000000339b700000,0x000000339b800000)]
  0x000001f25f466000 JavaThread "Attach Listener" daemon [_thread_blocked, id=28368, stack(0x000000339b800000,0x000000339b900000)]
  0x000001f25f467800 JavaThread "Service Thread" daemon [_thread_blocked, id=28488, stack(0x000000339b900000,0x000000339ba00000)]
  0x000001f25f46c800 JavaThread "C2 CompilerThread0" daemon [_thread_in_native, id=28492, stack(0x000000339ba00000,0x000000339bb00000)]
  0x000001f25f4dd800 JavaThread "C1 CompilerThread0" daemon [_thread_in_native, id=28444, stack(0x000000339bb00000,0x000000339bc00000)]
  0x000001f25f4ef000 JavaThread "Sweeper thread" daemon [_thread_blocked, id=28248, stack(0x000000339bc00000,0x000000339bd00000)]
  0x000001f25f63e800 JavaThread "Common-Cleaner" daemon [_thread_blocked, id=28252, stack(0x000000339be00000,0x000000339bf00000)]
  0x000001f263c13000 JavaThread "C2 CompilerThread1" daemon [_thread_in_native, id=6772, stack(0x000000339bf00000,0x000000339c000000)]
=>0x000001f260c3a000 JavaThread "C2 CompilerThread2" daemon [_thread_in_native, id=10220, stack(0x000000339c500000,0x000000339c600000)]

Other Threads:
  0x000001f25eb9a800 VMThread "VM Thread" [stack: 0x000000339b400000,0x000000339b500000] [id=9460]
  0x000001f25f63a000 WatcherThread [stack: 0x000000339bd00000,0x000000339be00000] [id=11484]
  0x000001f23f7d3800 GCTaskThread "GC Thread#0" [stack: 0x000000339af00000,0x000000339b000000] [id=20164]
  0x000001f25fe34000 GCTaskThread "GC Thread#1" [stack: 0x000000339c000000,0x000000339c100000] [id=13628]
  0x000001f25ff29800 GCTaskThread "GC Thread#2" [stack: 0x000000339c100000,0x000000339c200000] [id=21432]
  0x000001f25ff2a000 GCTaskThread "GC Thread#3" [stack: 0x000000339c200000,0x000000339c300000] [id=27968]
  0x000001f25ff35000 GCTaskThread "GC Thread#4" [stack: 0x000000339c300000,0x000000339c400000] [id=26964]
  0x000001f23f82d800 ConcurrentGCThread "G1 Main Marker" [stack: 0x000000339b000000,0x000000339b100000] [id=27748]
  0x000001f23f82f000 ConcurrentGCThread "G1 Conc#0" [stack: 0x000000339b100000,0x000000339b200000] [id=14772]
  0x000001f260a1a000 ConcurrentGCThread "G1 Conc#1" [stack: 0x000000339c400000,0x000000339c500000] [id=25196]
  0x000001f25ea6f800 ConcurrentGCThread "G1 Refine#0" [stack: 0x000000339b200000,0x000000339b300000] [id=27724]
  0x000001f262d29000 ConcurrentGCThread "G1 Refine#1" [stack: 0x000000339c600000,0x000000339c700000] [id=27660]
  0x000001f262d29800 ConcurrentGCThread "G1 Refine#2" [stack: 0x000000339c700000,0x000000339c800000] [id=16500]
  0x000001f262e96800 ConcurrentGCThread "G1 Refine#3" [stack: 0x000000339c800000,0x000000339c900000] [id=27756]
  0x000001f25ea71800 ConcurrentGCThread "G1 Young RemSet Sampling" [stack: 0x000000339b300000,0x000000339b400000] [id=27752]

Threads with active compile tasks:
C2 CompilerThread0  12997 7496       4       org.jetbrains.kotlin.cli.jvm.index.JvmDependenciesIndexImpl::search (379 bytes)
C1 CompilerThread0  12997 7605       3       org.jetbrains.kotlin.resolve.calls.tower.PSIKotlinCallImpl::<init> (140 bytes)
C2 CompilerThread1  12997 7523       4       org.jetbrains.kotlin.load.java.components.JavaAnnotationMapper::findMappedJavaAnnotation (134 bytes)
C2 CompilerThread2  12997 7487       4       org.jetbrains.kotlin.utils.SmartSet::add (216 bytes)

VM state:not at safepoint (normal execution)

VM Mutex/Monitor currently owned by a thread: None

Heap address: 0x0000000708e00000, size: 3954 MB, Compressed Oops mode: Zero based, Oop shift amount: 3
Narrow klass base: 0x0000000800000000, Narrow klass shift: 0
Compressed class space size: 1073741824 Address: 0x0000000800000000

Heap:
 garbage-first heap   total 305152K, used 63189K [0x0000000708e00000, 0x0000000800000000)
  region size 1024K, 18 young (18432K), 7 survivors (7168K)
 Metaspace       used 60500K, capacity 61172K, committed 61444K, reserved 1103872K
  class space    used 6809K, capacity 7072K, committed 7116K, reserved 1048576K
Heap Regions: E=young(eden), S=young(survivor), O=old, HS=humongous(starts), HC=humongous(continues), CS=collection set, F=free, A=archive, TAMS=top-at-mark-start (previous, next)
|   0|0x0000000708e00000, 0x0000000708f00000, 0x0000000708f00000|100%|HS|  |TAMS 0x0000000708f00000, 0x0000000708e00000| Complete 
|   1|0x0000000708f00000, 0x0000000709000000, 0x0000000709000000|100%|HC|  |TAMS 0x0000000709000000, 0x0000000708f00000| Complete 
|   2|0x0000000709000000, 0x0000000709100000, 0x0000000709100000|100%|HC|  |TAMS 0x0000000709100000, 0x0000000709000000| Complete 
|   3|0x0000000709100000, 0x0000000709200000, 0x0000000709200000|100%|HC|  |TAMS 0x0000000709200000, 0x0000000709100000| Complete 
|   4|0x0000000709200000, 0x0000000709300000, 0x0000000709300000|100%| O|  |TAMS 0x0000000709300000, 0x0000000709200000| Untracked 
|   5|0x0000000709300000, 0x0000000709400000, 0x0000000709400000|100%| O|  |TAMS 0x0000000709400000, 0x0000000709300000| Untracked 
|   6|0x0000000709400000, 0x0000000709500000, 0x0000000709500000|100%|HS|  |TAMS 0x0000000709500000, 0x0000000709400000| Complete 
|   7|0x0000000709500000, 0x0000000709600000, 0x0000000709600000|100%|HC|  |TAMS 0x0000000709600000, 0x0000000709500000| Complete 
|   8|0x0000000709600000, 0x0000000709700000, 0x0000000709700000|100%|HC|  |TAMS 0x0000000709700000, 0x0000000709600000| Complete 
|   9|0x0000000709700000, 0x0000000709800000, 0x0000000709800000|100%|HC|  |TAMS 0x0000000709800000, 0x0000000709700000| Complete 
|  10|0x0000000709800000, 0x0000000709900000, 0x0000000709900000|100%|HS|  |TAMS 0x0000000709900000, 0x0000000709800000| Complete 
|  11|0x0000000709900000, 0x0000000709a00000, 0x0000000709a00000|100%|HC|  |TAMS 0x0000000709a00000, 0x0000000709900000| Complete 
|  12|0x0000000709a00000, 0x0000000709b00000, 0x0000000709b00000|100%| O|  |TAMS 0x0000000709b00000, 0x0000000709a00000| Untracked 
|  13|0x0000000709b00000, 0x0000000709c00000, 0x0000000709c00000|100%| O|  |TAMS 0x0000000709c00000, 0x0000000709b00000| Untracked 
|  14|0x0000000709c00000, 0x0000000709d00000, 0x0000000709d00000|100%| O|  |TAMS 0x0000000709d00000, 0x0000000709c00000| Untracked 
|  15|0x0000000709d00000, 0x0000000709e00000, 0x0000000709e00000|100%| O|  |TAMS 0x0000000709e00000, 0x0000000709d00000| Untracked 
|  16|0x0000000709e00000, 0x0000000709f00000, 0x0000000709f00000|100%| O|  |TAMS 0x0000000709f00000, 0x0000000709e00000| Untracked 
|  17|0x0000000709f00000, 0x000000070a000000, 0x000000070a000000|100%| O|  |TAMS 0x000000070a000000, 0x0000000709f00000| Untracked 
|  18|0x000000070a000000, 0x000000070a100000, 0x000000070a100000|100%| O|  |TAMS 0x000000070a100000, 0x000000070a000000| Untracked 
|  19|0x000000070a100000, 0x000000070a200000, 0x000000070a200000|100%| O|  |TAMS 0x000000070a200000, 0x000000070a100000| Untracked 
|  20|0x000000070a200000, 0x000000070a300000, 0x000000070a300000|100%| O|  |TAMS 0x000000070a300000, 0x000000070a200000| Untracked 
|  21|0x000000070a300000, 0x000000070a400000, 0x000000070a400000|100%| O|  |TAMS 0x000000070a400000, 0x000000070a300000| Untracked 
|  22|0x000000070a400000, 0x000000070a500000, 0x000000070a500000|100%| O|  |TAMS 0x000000070a500000, 0x000000070a400000| Untracked 
|  23|0x000000070a500000, 0x000000070a600000, 0x000000070a600000|100%| O|  |TAMS 0x000000070a600000, 0x000000070a500000| Untracked 
|  24|0x000000070a600000, 0x000000070a700000, 0x000000070a700000|100%| O|  |TAMS 0x000000070a700000, 0x000000070a600000| Untracked 
|  25|0x000000070a700000, 0x000000070a800000, 0x000000070a800000|100%| O|  |TAMS 0x000000070a800000, 0x000000070a700000| Untracked 
|  26|0x000000070a800000, 0x000000070a900000, 0x000000070a900000|100%| O|  |TAMS 0x000000070a900000, 0x000000070a800000| Untracked 
|  27|0x000000070a900000, 0x000000070aa00000, 0x000000070aa00000|100%| O|  |TAMS 0x000000070aa00000, 0x000000070a900000| Untracked 
|  28|0x000000070aa00000, 0x000000070ab00000, 0x000000070ab00000|100%| O|  |TAMS 0x000000070ab00000, 0x000000070aa00000| Untracked 
|  29|0x000000070ab00000, 0x000000070ac00000, 0x000000070ac00000|100%| O|  |TAMS 0x000000070ac00000, 0x000000070ab00000| Untracked 
|  30|0x000000070ac00000, 0x000000070ad00000, 0x000000070ad00000|100%| O|  |TAMS 0x000000070ad00000, 0x000000070ac00000| Untracked 
|  31|0x000000070ad00000, 0x000000070ae00000, 0x000000070ae00000|100%| O|  |TAMS 0x000000070ae00000, 0x000000070ad00000| Untracked 
|  32|0x000000070ae00000, 0x000000070af00000, 0x000000070af00000|100%| O|  |TAMS 0x000000070af00000, 0x000000070ae00000| Untracked 
|  33|0x000000070af00000, 0x000000070b000000, 0x000000070b000000|100%| O|  |TAMS 0x000000070b000000, 0x000000070af00000| Untracked 
|  34|0x000000070b000000, 0x000000070b100000, 0x000000070b100000|100%| O|  |TAMS 0x000000070b100000, 0x000000070b000000| Untracked 
|  35|0x000000070b100000, 0x000000070b200000, 0x000000070b200000|100%| O|  |TAMS 0x000000070b200000, 0x000000070b100000| Untracked 
|  36|0x000000070b200000, 0x000000070b300000, 0x000000070b300000|100%| O|  |TAMS 0x000000070b300000, 0x000000070b200000| Untracked 
|  37|0x000000070b300000, 0x000000070b400000, 0x000000070b400000|100%| O|  |TAMS 0x000000070b400000, 0x000000070b300000| Untracked 
|  38|0x000000070b400000, 0x000000070b500000, 0x000000070b500000|100%| O|  |TAMS 0x000000070b500000, 0x000000070b400000| Untracked 
|  39|0x000000070b500000, 0x000000070b600000, 0x000000070b600000|100%| O|  |TAMS 0x000000070b600000, 0x000000070b500000| Untracked 
|  40|0x000000070b600000, 0x000000070b700000, 0x000000070b700000|100%| O|  |TAMS 0x000000070b700000, 0x000000070b600000| Untracked 
|  41|0x000000070b700000, 0x000000070b800000, 0x000000070b800000|100%| O|  |TAMS 0x000000070b800000, 0x000000070b700000| Untracked 
|  42|0x000000070b800000, 0x000000070b900000, 0x000000070b900000|100%| O|  |TAMS 0x000000070b900000, 0x000000070b800000| Untracked 
|  43|0x000000070b900000, 0x000000070ba00000, 0x000000070ba00000|100%| O|  |TAMS 0x000000070ba00000, 0x000000070b900000| Untracked 
|  44|0x000000070ba00000, 0x000000070bb00000, 0x000000070bb00000|100%| O|  |TAMS 0x000000070bb00000, 0x000000070ba00000| Untracked 
|  45|0x000000070bb00000, 0x000000070bb3b200, 0x000000070bc00000| 23%| O|  |TAMS 0x000000070bb3b200, 0x000000070bb00000| Untracked 
|  46|0x000000070bc00000, 0x000000070bc00000, 0x000000070bd00000|  0%| F|  |TAMS 0x000000070bc00000, 0x000000070bc00000| Untracked 
|  47|0x000000070bd00000, 0x000000070bd00000, 0x000000070be00000|  0%| F|  |TAMS 0x000000070bd00000, 0x000000070bd00000| Untracked 
|  48|0x000000070be00000, 0x000000070be00000, 0x000000070bf00000|  0%| F|  |TAMS 0x000000070be00000, 0x000000070be00000| Untracked 
|  49|0x000000070bf00000, 0x000000070bf00000, 0x000000070c000000|  0%| F|  |TAMS 0x000000070bf00000, 0x000000070bf00000| Untracked 
|  50|0x000000070c000000, 0x000000070c000000, 0x000000070c100000|  0%| F|  |TAMS 0x000000070c000000, 0x000000070c000000| Untracked 
|  51|0x000000070c100000, 0x000000070c100000, 0x000000070c200000|  0%| F|  |TAMS 0x000000070c100000, 0x000000070c100000| Untracked 
|  52|0x000000070c200000, 0x000000070c200000, 0x000000070c300000|  0%| F|  |TAMS 0x000000070c200000, 0x000000070c200000| Untracked 
|  53|0x000000070c300000, 0x000000070c300000, 0x000000070c400000|  0%| F|  |TAMS 0x000000070c300000, 0x000000070c300000| Untracked 
|  54|0x000000070c400000, 0x000000070c400000, 0x000000070c500000|  0%| F|  |TAMS 0x000000070c400000, 0x000000070c400000| Untracked 
|  55|0x000000070c500000, 0x000000070c500000, 0x000000070c600000|  0%| F|  |TAMS 0x000000070c500000, 0x000000070c500000| Untracked 
|  56|0x000000070c600000, 0x000000070c600000, 0x000000070c700000|  0%| F|  |TAMS 0x000000070c600000, 0x000000070c600000| Untracked 
|  57|0x000000070c700000, 0x000000070c700000, 0x000000070c800000|  0%| F|  |TAMS 0x000000070c700000, 0x000000070c700000| Untracked 
|  58|0x000000070c800000, 0x000000070c800000, 0x000000070c900000|  0%| F|  |TAMS 0x000000070c800000, 0x000000070c800000| Untracked 
|  59|0x000000070c900000, 0x000000070c900000, 0x000000070ca00000|  0%| F|  |TAMS 0x000000070c900000, 0x000000070c900000| Untracked 
|  60|0x000000070ca00000, 0x000000070ca00000, 0x000000070cb00000|  0%| F|  |TAMS 0x000000070ca00000, 0x000000070ca00000| Untracked 
|  61|0x000000070cb00000, 0x000000070cb00000, 0x000000070cc00000|  0%| F|  |TAMS 0x000000070cb00000, 0x000000070cb00000| Untracked 
|  62|0x000000070cc00000, 0x000000070cc00000, 0x000000070cd00000|  0%| F|  |TAMS 0x000000070cc00000, 0x000000070cc00000| Untracked 
|  63|0x000000070cd00000, 0x000000070cd00000, 0x000000070ce00000|  0%| F|  |TAMS 0x000000070cd00000, 0x000000070cd00000| Untracked 
|  64|0x000000070ce00000, 0x000000070ce00000, 0x000000070cf00000|  0%| F|  |TAMS 0x000000070ce00000, 0x000000070ce00000| Untracked 
|  65|0x000000070cf00000, 0x000000070cf00000, 0x000000070d000000|  0%| F|  |TAMS 0x000000070cf00000, 0x000000070cf00000| Untracked 
|  66|0x000000070d000000, 0x000000070d000000, 0x000000070d100000|  0%| F|  |TAMS 0x000000070d000000, 0x000000070d000000| Untracked 
|  67|0x000000070d100000, 0x000000070d100000, 0x000000070d200000|  0%| F|  |TAMS 0x000000070d100000, 0x000000070d100000| Untracked 
|  68|0x000000070d200000, 0x000000070d200000, 0x000000070d300000|  0%| F|  |TAMS 0x000000070d200000, 0x000000070d200000| Untracked 
|  69|0x000000070d300000, 0x000000070d300000, 0x000000070d400000|  0%| F|  |TAMS 0x000000070d300000, 0x000000070d300000| Untracked 
|  70|0x000000070d400000, 0x000000070d400000, 0x000000070d500000|  0%| F|  |TAMS 0x000000070d400000, 0x000000070d400000| Untracked 
|  71|0x000000070d500000, 0x000000070d500000, 0x000000070d600000|  0%| F|  |TAMS 0x000000070d500000, 0x000000070d500000| Untracked 
|  72|0x000000070d600000, 0x000000070d600000, 0x000000070d700000|  0%| F|  |TAMS 0x000000070d600000, 0x000000070d600000| Untracked 
|  73|0x000000070d700000, 0x000000070d700000, 0x000000070d800000|  0%| F|  |TAMS 0x000000070d700000, 0x000000070d700000| Untracked 
|  74|0x000000070d800000, 0x000000070d800000, 0x000000070d900000|  0%| F|  |TAMS 0x000000070d800000, 0x000000070d800000| Untracked 
|  75|0x000000070d900000, 0x000000070d900000, 0x000000070da00000|  0%| F|  |TAMS 0x000000070d900000, 0x000000070d900000| Untracked 
|  76|0x000000070da00000, 0x000000070da00000, 0x000000070db00000|  0%| F|  |TAMS 0x000000070da00000, 0x000000070da00000| Untracked 
|  77|0x000000070db00000, 0x000000070db00000, 0x000000070dc00000|  0%| F|  |TAMS 0x000000070db00000, 0x000000070db00000| Untracked 
|  78|0x000000070dc00000, 0x000000070dc00000, 0x000000070dd00000|  0%| F|  |TAMS 0x000000070dc00000, 0x000000070dc00000| Untracked 
|  79|0x000000070dd00000, 0x000000070dd00000, 0x000000070de00000|  0%| F|  |TAMS 0x000000070dd00000, 0x000000070dd00000| Untracked 
|  80|0x000000070de00000, 0x000000070de00000, 0x000000070df00000|  0%| F|  |TAMS 0x000000070de00000, 0x000000070de00000| Untracked 
|  81|0x000000070df00000, 0x000000070df00000, 0x000000070e000000|  0%| F|  |TAMS 0x000000070df00000, 0x000000070df00000| Untracked 
|  82|0x000000070e000000, 0x000000070e000000, 0x000000070e100000|  0%| F|  |TAMS 0x000000070e000000, 0x000000070e000000| Untracked 
|  83|0x000000070e100000, 0x000000070e100000, 0x000000070e200000|  0%| F|  |TAMS 0x000000070e100000, 0x000000070e100000| Untracked 
|  84|0x000000070e200000, 0x000000070e200000, 0x000000070e300000|  0%| F|  |TAMS 0x000000070e200000, 0x000000070e200000| Untracked 
|  85|0x000000070e300000, 0x000000070e300000, 0x000000070e400000|  0%| F|  |TAMS 0x000000070e300000, 0x000000070e300000| Untracked 
|  86|0x000000070e400000, 0x000000070e400000, 0x000000070e500000|  0%| F|  |TAMS 0x000000070e400000, 0x000000070e400000| Untracked 
|  87|0x000000070e500000, 0x000000070e500000, 0x000000070e600000|  0%| F|  |TAMS 0x000000070e500000, 0x000000070e500000| Untracked 
|  88|0x000000070e600000, 0x000000070e600000, 0x000000070e700000|  0%| F|  |TAMS 0x000000070e600000, 0x000000070e600000| Untracked 
|  89|0x000000070e700000, 0x000000070e700000, 0x000000070e800000|  0%| F|  |TAMS 0x000000070e700000, 0x000000070e700000| Untracked 
|  90|0x000000070e800000, 0x000000070e800000, 0x000000070e900000|  0%| F|  |TAMS 0x000000070e800000, 0x000000070e800000| Untracked 
|  91|0x000000070e900000, 0x000000070e900000, 0x000000070ea00000|  0%| F|  |TAMS 0x000000070e900000, 0x000000070e900000| Untracked 
|  92|0x000000070ea00000, 0x000000070ea00000, 0x000000070eb00000|  0%| F|  |TAMS 0x000000070ea00000, 0x000000070ea00000| Untracked 
|  93|0x000000070eb00000, 0x000000070eb00000, 0x000000070ec00000|  0%| F|  |TAMS 0x000000070eb00000, 0x000000070eb00000| Untracked 
|  94|0x000000070ec00000, 0x000000070ec00000, 0x000000070ed00000|  0%| F|  |TAMS 0x000000070ec00000, 0x000000070ec00000| Untracked 
|  95|0x000000070ed00000, 0x000000070ed00000, 0x000000070ee00000|  0%| F|  |TAMS 0x000000070ed00000, 0x000000070ed00000| Untracked 
|  96|0x000000070ee00000, 0x000000070ee00000, 0x000000070ef00000|  0%| F|  |TAMS 0x000000070ee00000, 0x000000070ee00000| Untracked 
|  97|0x000000070ef00000, 0x000000070ef00000, 0x000000070f000000|  0%| F|  |TAMS 0x000000070ef00000, 0x000000070ef00000| Untracked 
|  98|0x000000070f000000, 0x000000070f000000, 0x000000070f100000|  0%| F|  |TAMS 0x000000070f000000, 0x000000070f000000| Untracked 
|  99|0x000000070f100000, 0x000000070f100000, 0x000000070f200000|  0%| F|  |TAMS 0x000000070f100000, 0x000000070f100000| Untracked 
| 100|0x000000070f200000, 0x000000070f200000, 0x000000070f300000|  0%| F|  |TAMS 0x000000070f200000, 0x000000070f200000| Untracked 
| 101|0x000000070f300000, 0x000000070f300000, 0x000000070f400000|  0%| F|  |TAMS 0x000000070f300000, 0x000000070f300000| Untracked 
| 102|0x000000070f400000, 0x000000070f400000, 0x000000070f500000|  0%| F|  |TAMS 0x000000070f400000, 0x000000070f400000| Untracked 
| 103|0x000000070f500000, 0x000000070f500000, 0x000000070f600000|  0%| F|  |TAMS 0x000000070f500000, 0x000000070f500000| Untracked 
| 104|0x000000070f600000, 0x000000070f600000, 0x000000070f700000|  0%| F|  |TAMS 0x000000070f600000, 0x000000070f600000| Untracked 
| 105|0x000000070f700000, 0x000000070f700000, 0x000000070f800000|  0%| F|  |TAMS 0x000000070f700000, 0x000000070f700000| Untracked 
| 106|0x000000070f800000, 0x000000070f800000, 0x000000070f900000|  0%| F|  |TAMS 0x000000070f800000, 0x000000070f800000| Untracked 
| 107|0x000000070f900000, 0x000000070f900000, 0x000000070fa00000|  0%| F|  |TAMS 0x000000070f900000, 0x000000070f900000| Untracked 
| 108|0x000000070fa00000, 0x000000070fa00000, 0x000000070fb00000|  0%| F|  |TAMS 0x000000070fa00000, 0x000000070fa00000| Untracked 
| 109|0x000000070fb00000, 0x000000070fb00000, 0x000000070fc00000|  0%| F|  |TAMS 0x000000070fb00000, 0x000000070fb00000| Untracked 
| 110|0x000000070fc00000, 0x000000070fc00000, 0x000000070fd00000|  0%| F|  |TAMS 0x000000070fc00000, 0x000000070fc00000| Untracked 
| 111|0x000000070fd00000, 0x000000070fd00000, 0x000000070fe00000|  0%| F|  |TAMS 0x000000070fd00000, 0x000000070fd00000| Untracked 
| 112|0x000000070fe00000, 0x000000070fe00000, 0x000000070ff00000|  0%| F|  |TAMS 0x000000070fe00000, 0x000000070fe00000| Untracked 
| 113|0x000000070ff00000, 0x000000070ff00000, 0x0000000710000000|  0%| F|  |TAMS 0x000000070ff00000, 0x000000070ff00000| Untracked 
| 114|0x0000000710000000, 0x0000000710000000, 0x0000000710100000|  0%| F|  |TAMS 0x0000000710000000, 0x0000000710000000| Untracked 
| 115|0x0000000710100000, 0x0000000710100000, 0x0000000710200000|  0%| F|  |TAMS 0x0000000710100000, 0x0000000710100000| Untracked 
| 116|0x0000000710200000, 0x0000000710200000, 0x0000000710300000|  0%| F|  |TAMS 0x0000000710200000, 0x0000000710200000| Untracked 
| 117|0x0000000710300000, 0x0000000710300000, 0x0000000710400000|  0%| F|  |TAMS 0x0000000710300000, 0x0000000710300000| Untracked 
| 118|0x0000000710400000, 0x0000000710400000, 0x0000000710500000|  0%| F|  |TAMS 0x0000000710400000, 0x0000000710400000| Untracked 
| 119|0x0000000710500000, 0x0000000710500000, 0x0000000710600000|  0%| F|  |TAMS 0x0000000710500000, 0x0000000710500000| Untracked 
| 120|0x0000000710600000, 0x0000000710600000, 0x0000000710700000|  0%| F|  |TAMS 0x0000000710600000, 0x0000000710600000| Untracked 
| 121|0x0000000710700000, 0x0000000710700000, 0x0000000710800000|  0%| F|  |TAMS 0x0000000710700000, 0x0000000710700000| Untracked 
| 122|0x0000000710800000, 0x0000000710800000, 0x0000000710900000|  0%| F|  |TAMS 0x0000000710800000, 0x0000000710800000| Untracked 
| 123|0x0000000710900000, 0x0000000710900000, 0x0000000710a00000|  0%| F|  |TAMS 0x0000000710900000, 0x0000000710900000| Untracked 
| 124|0x0000000710a00000, 0x0000000710a00000, 0x0000000710b00000|  0%| F|  |TAMS 0x0000000710a00000, 0x0000000710a00000| Untracked 
| 125|0x0000000710b00000, 0x0000000710b00000, 0x0000000710c00000|  0%| F|  |TAMS 0x0000000710b00000, 0x0000000710b00000| Untracked 
| 126|0x0000000710c00000, 0x0000000710c00000, 0x0000000710d00000|  0%| F|  |TAMS 0x0000000710c00000, 0x0000000710c00000| Untracked 
| 127|0x0000000710d00000, 0x0000000710d00000, 0x0000000710e00000|  0%| F|  |TAMS 0x0000000710d00000, 0x0000000710d00000| Untracked 
| 128|0x0000000710e00000, 0x0000000710e00000, 0x0000000710f00000|  0%| F|  |TAMS 0x0000000710e00000, 0x0000000710e00000| Untracked 
| 129|0x0000000710f00000, 0x0000000710f00000, 0x0000000711000000|  0%| F|  |TAMS 0x0000000710f00000, 0x0000000710f00000| Untracked 
| 130|0x0000000711000000, 0x0000000711000000, 0x0000000711100000|  0%| F|  |TAMS 0x0000000711000000, 0x0000000711000000| Untracked 
| 131|0x0000000711100000, 0x0000000711100000, 0x0000000711200000|  0%| F|  |TAMS 0x0000000711100000, 0x0000000711100000| Untracked 
| 132|0x0000000711200000, 0x0000000711200000, 0x0000000711300000|  0%| F|  |TAMS 0x0000000711200000, 0x0000000711200000| Untracked 
| 133|0x0000000711300000, 0x0000000711300000, 0x0000000711400000|  0%| F|  |TAMS 0x0000000711300000, 0x0000000711300000| Untracked 
| 134|0x0000000711400000, 0x0000000711400000, 0x0000000711500000|  0%| F|  |TAMS 0x0000000711400000, 0x0000000711400000| Untracked 
| 135|0x0000000711500000, 0x0000000711500000, 0x0000000711600000|  0%| F|  |TAMS 0x0000000711500000, 0x0000000711500000| Untracked 
| 136|0x0000000711600000, 0x0000000711600000, 0x0000000711700000|  0%| F|  |TAMS 0x0000000711600000, 0x0000000711600000| Untracked 
| 137|0x0000000711700000, 0x0000000711700000, 0x0000000711800000|  0%| F|  |TAMS 0x0000000711700000, 0x0000000711700000| Untracked 
| 138|0x0000000711800000, 0x0000000711800000, 0x0000000711900000|  0%| F|  |TAMS 0x0000000711800000, 0x0000000711800000| Untracked 
| 139|0x0000000711900000, 0x0000000711900000, 0x0000000711a00000|  0%| F|  |TAMS 0x0000000711900000, 0x0000000711900000| Untracked 
| 140|0x0000000711a00000, 0x0000000711a00000, 0x0000000711b00000|  0%| F|  |TAMS 0x0000000711a00000, 0x0000000711a00000| Untracked 
| 141|0x0000000711b00000, 0x0000000711b00000, 0x0000000711c00000|  0%| F|  |TAMS 0x0000000711b00000, 0x0000000711b00000| Untracked 
| 142|0x0000000711c00000, 0x0000000711c00000, 0x0000000711d00000|  0%| F|  |TAMS 0x0000000711c00000, 0x0000000711c00000| Untracked 
| 143|0x0000000711d00000, 0x0000000711d00000, 0x0000000711e00000|  0%| F|  |TAMS 0x0000000711d00000, 0x0000000711d00000| Untracked 
| 144|0x0000000711e00000, 0x0000000711e00000, 0x0000000711f00000|  0%| F|  |TAMS 0x0000000711e00000, 0x0000000711e00000| Untracked 
| 145|0x0000000711f00000, 0x0000000711f00000, 0x0000000712000000|  0%| F|  |TAMS 0x0000000711f00000, 0x0000000711f00000| Untracked 
| 146|0x0000000712000000, 0x0000000712000000, 0x0000000712100000|  0%| F|  |TAMS 0x0000000712000000, 0x0000000712000000| Untracked 
| 147|0x0000000712100000, 0x0000000712100000, 0x0000000712200000|  0%| F|  |TAMS 0x0000000712100000, 0x0000000712100000| Untracked 
| 148|0x0000000712200000, 0x0000000712200000, 0x0000000712300000|  0%| F|  |TAMS 0x0000000712200000, 0x0000000712200000| Untracked 
| 149|0x0000000712300000, 0x0000000712300000, 0x0000000712400000|  0%| F|  |TAMS 0x0000000712300000, 0x0000000712300000| Untracked 
| 150|0x0000000712400000, 0x0000000712400000, 0x0000000712500000|  0%| F|  |TAMS 0x0000000712400000, 0x0000000712400000| Untracked 
| 151|0x0000000712500000, 0x0000000712500000, 0x0000000712600000|  0%| F|  |TAMS 0x0000000712500000, 0x0000000712500000| Untracked 
| 152|0x0000000712600000, 0x0000000712600000, 0x0000000712700000|  0%| F|  |TAMS 0x0000000712600000, 0x0000000712600000| Untracked 
| 153|0x0000000712700000, 0x0000000712700000, 0x0000000712800000|  0%| F|  |TAMS 0x0000000712700000, 0x0000000712700000| Untracked 
| 154|0x0000000712800000, 0x0000000712800000, 0x0000000712900000|  0%| F|  |TAMS 0x0000000712800000, 0x0000000712800000| Untracked 
| 155|0x0000000712900000, 0x0000000712900000, 0x0000000712a00000|  0%| F|  |TAMS 0x0000000712900000, 0x0000000712900000| Untracked 
| 156|0x0000000712a00000, 0x0000000712a00000, 0x0000000712b00000|  0%| F|  |TAMS 0x0000000712a00000, 0x0000000712a00000| Untracked 
| 157|0x0000000712b00000, 0x0000000712b00000, 0x0000000712c00000|  0%| F|  |TAMS 0x0000000712b00000, 0x0000000712b00000| Untracked 
| 158|0x0000000712c00000, 0x0000000712c00000, 0x0000000712d00000|  0%| F|  |TAMS 0x0000000712c00000, 0x0000000712c00000| Untracked 
| 159|0x0000000712d00000, 0x0000000712d00000, 0x0000000712e00000|  0%| F|  |TAMS 0x0000000712d00000, 0x0000000712d00000| Untracked 
| 160|0x0000000712e00000, 0x0000000712e00000, 0x0000000712f00000|  0%| F|  |TAMS 0x0000000712e00000, 0x0000000712e00000| Untracked 
| 161|0x0000000712f00000, 0x0000000712f00000, 0x0000000713000000|  0%| F|  |TAMS 0x0000000712f00000, 0x0000000712f00000| Untracked 
| 162|0x0000000713000000, 0x0000000713000000, 0x0000000713100000|  0%| F|  |TAMS 0x0000000713000000, 0x0000000713000000| Untracked 
| 163|0x0000000713100000, 0x0000000713100000, 0x0000000713200000|  0%| F|  |TAMS 0x0000000713100000, 0x0000000713100000| Untracked 
| 164|0x0000000713200000, 0x0000000713200000, 0x0000000713300000|  0%| F|  |TAMS 0x0000000713200000, 0x0000000713200000| Untracked 
| 165|0x0000000713300000, 0x0000000713300000, 0x0000000713400000|  0%| F|  |TAMS 0x0000000713300000, 0x0000000713300000| Untracked 
| 166|0x0000000713400000, 0x0000000713400000, 0x0000000713500000|  0%| F|  |TAMS 0x0000000713400000, 0x0000000713400000| Untracked 
| 167|0x0000000713500000, 0x0000000713500000, 0x0000000713600000|  0%| F|  |TAMS 0x0000000713500000, 0x0000000713500000| Untracked 
| 168|0x0000000713600000, 0x0000000713600000, 0x0000000713700000|  0%| F|  |TAMS 0x0000000713600000, 0x0000000713600000| Untracked 
| 169|0x0000000713700000, 0x0000000713700000, 0x0000000713800000|  0%| F|  |TAMS 0x0000000713700000, 0x0000000713700000| Untracked 
| 170|0x0000000713800000, 0x0000000713800000, 0x0000000713900000|  0%| F|  |TAMS 0x0000000713800000, 0x0000000713800000| Untracked 
| 171|0x0000000713900000, 0x0000000713900000, 0x0000000713a00000|  0%| F|  |TAMS 0x0000000713900000, 0x0000000713900000| Untracked 
| 172|0x0000000713a00000, 0x0000000713a00000, 0x0000000713b00000|  0%| F|  |TAMS 0x0000000713a00000, 0x0000000713a00000| Untracked 
| 173|0x0000000713b00000, 0x0000000713b00000, 0x0000000713c00000|  0%| F|  |TAMS 0x0000000713b00000, 0x0000000713b00000| Untracked 
| 174|0x0000000713c00000, 0x0000000713c00000, 0x0000000713d00000|  0%| F|  |TAMS 0x0000000713c00000, 0x0000000713c00000| Untracked 
| 175|0x0000000713d00000, 0x0000000713d00000, 0x0000000713e00000|  0%| F|  |TAMS 0x0000000713d00000, 0x0000000713d00000| Untracked 
| 176|0x0000000713e00000, 0x0000000713e00000, 0x0000000713f00000|  0%| F|  |TAMS 0x0000000713e00000, 0x0000000713e00000| Untracked 
| 177|0x0000000713f00000, 0x0000000713f00000, 0x0000000714000000|  0%| F|  |TAMS 0x0000000713f00000, 0x0000000713f00000| Untracked 
| 178|0x0000000714000000, 0x0000000714000000, 0x0000000714100000|  0%| F|  |TAMS 0x0000000714000000, 0x0000000714000000| Untracked 
| 179|0x0000000714100000, 0x0000000714100000, 0x0000000714200000|  0%| F|  |TAMS 0x0000000714100000, 0x0000000714100000| Untracked 
| 180|0x0000000714200000, 0x0000000714200000, 0x0000000714300000|  0%| F|  |TAMS 0x0000000714200000, 0x0000000714200000| Untracked 
| 181|0x0000000714300000, 0x0000000714300000, 0x0000000714400000|  0%| F|  |TAMS 0x0000000714300000, 0x0000000714300000| Untracked 
| 182|0x0000000714400000, 0x0000000714400000, 0x0000000714500000|  0%| F|  |TAMS 0x0000000714400000, 0x0000000714400000| Untracked 
| 183|0x0000000714500000, 0x0000000714500000, 0x0000000714600000|  0%| F|  |TAMS 0x0000000714500000, 0x0000000714500000| Untracked 
| 184|0x0000000714600000, 0x0000000714600000, 0x0000000714700000|  0%| F|  |TAMS 0x0000000714600000, 0x0000000714600000| Untracked 
| 185|0x0000000714700000, 0x0000000714700000, 0x0000000714800000|  0%| F|  |TAMS 0x0000000714700000, 0x0000000714700000| Untracked 
| 186|0x0000000714800000, 0x000000071487a530, 0x0000000714900000| 47%| S|CS|TAMS 0x0000000714800000, 0x0000000714800000| Complete 
| 187|0x0000000714900000, 0x0000000714a00000, 0x0000000714a00000|100%| S|CS|TAMS 0x0000000714900000, 0x0000000714900000| Complete 
| 188|0x0000000714a00000, 0x0000000714b00000, 0x0000000714b00000|100%| S|CS|TAMS 0x0000000714a00000, 0x0000000714a00000| Complete 
| 189|0x0000000714b00000, 0x0000000714c00000, 0x0000000714c00000|100%| S|CS|TAMS 0x0000000714b00000, 0x0000000714b00000| Complete 
| 190|0x0000000714c00000, 0x0000000714d00000, 0x0000000714d00000|100%| S|CS|TAMS 0x0000000714c00000, 0x0000000714c00000| Complete 
| 191|0x0000000714d00000, 0x0000000714e00000, 0x0000000714e00000|100%| S|CS|TAMS 0x0000000714d00000, 0x0000000714d00000| Complete 
| 192|0x0000000714e00000, 0x0000000714f00000, 0x0000000714f00000|100%| S|CS|TAMS 0x0000000714e00000, 0x0000000714e00000| Complete 
| 193|0x0000000714f00000, 0x0000000714f00000, 0x0000000715000000|  0%| F|  |TAMS 0x0000000714f00000, 0x0000000714f00000| Untracked 
| 194|0x0000000715000000, 0x0000000715000000, 0x0000000715100000|  0%| F|  |TAMS 0x0000000715000000, 0x0000000715000000| Untracked 
| 195|0x0000000715100000, 0x0000000715100000, 0x0000000715200000|  0%| F|  |TAMS 0x0000000715100000, 0x0000000715100000| Untracked 
| 196|0x0000000715200000, 0x0000000715200000, 0x0000000715300000|  0%| F|  |TAMS 0x0000000715200000, 0x0000000715200000| Untracked 
| 197|0x0000000715300000, 0x0000000715300000, 0x0000000715400000|  0%| F|  |TAMS 0x0000000715300000, 0x0000000715300000| Untracked 
| 198|0x0000000715400000, 0x0000000715400000, 0x0000000715500000|  0%| F|  |TAMS 0x0000000715400000, 0x0000000715400000| Untracked 
| 199|0x0000000715500000, 0x0000000715500000, 0x0000000715600000|  0%| F|  |TAMS 0x0000000715500000, 0x0000000715500000| Untracked 
| 200|0x0000000715600000, 0x0000000715600000, 0x0000000715700000|  0%| F|  |TAMS 0x0000000715600000, 0x0000000715600000| Untracked 
| 201|0x0000000715700000, 0x0000000715700000, 0x0000000715800000|  0%| F|  |TAMS 0x0000000715700000, 0x0000000715700000| Untracked 
| 202|0x0000000715800000, 0x0000000715800000, 0x0000000715900000|  0%| F|  |TAMS 0x0000000715800000, 0x0000000715800000| Untracked 
| 203|0x0000000715900000, 0x0000000715900000, 0x0000000715a00000|  0%| F|  |TAMS 0x0000000715900000, 0x0000000715900000| Untracked 
| 204|0x0000000715a00000, 0x0000000715a00000, 0x0000000715b00000|  0%| F|  |TAMS 0x0000000715a00000, 0x0000000715a00000| Untracked 
| 205|0x0000000715b00000, 0x0000000715b00000, 0x0000000715c00000|  0%| F|  |TAMS 0x0000000715b00000, 0x0000000715b00000| Untracked 
| 206|0x0000000715c00000, 0x0000000715c00000, 0x0000000715d00000|  0%| F|  |TAMS 0x0000000715c00000, 0x0000000715c00000| Untracked 
| 207|0x0000000715d00000, 0x0000000715d00000, 0x0000000715e00000|  0%| F|  |TAMS 0x0000000715d00000, 0x0000000715d00000| Untracked 
| 208|0x0000000715e00000, 0x0000000715e00000, 0x0000000715f00000|  0%| F|  |TAMS 0x0000000715e00000, 0x0000000715e00000| Untracked 
| 209|0x0000000715f00000, 0x0000000715f00000, 0x0000000716000000|  0%| F|  |TAMS 0x0000000715f00000, 0x0000000715f00000| Untracked 
| 210|0x0000000716000000, 0x0000000716000000, 0x0000000716100000|  0%| F|  |TAMS 0x0000000716000000, 0x0000000716000000| Untracked 
| 211|0x0000000716100000, 0x0000000716100000, 0x0000000716200000|  0%| F|  |TAMS 0x0000000716100000, 0x0000000716100000| Untracked 
| 212|0x0000000716200000, 0x0000000716200000, 0x0000000716300000|  0%| F|  |TAMS 0x0000000716200000, 0x0000000716200000| Untracked 
| 213|0x0000000716300000, 0x0000000716300000, 0x0000000716400000|  0%| F|  |TAMS 0x0000000716300000, 0x0000000716300000| Untracked 
| 214|0x0000000716400000, 0x0000000716400000, 0x0000000716500000|  0%| F|  |TAMS 0x0000000716400000, 0x0000000716400000| Untracked 
| 215|0x0000000716500000, 0x0000000716500000, 0x0000000716600000|  0%| F|  |TAMS 0x0000000716500000, 0x0000000716500000| Untracked 
| 216|0x0000000716600000, 0x0000000716600000, 0x0000000716700000|  0%| F|  |TAMS 0x0000000716600000, 0x0000000716600000| Untracked 
| 217|0x0000000716700000, 0x0000000716700000, 0x0000000716800000|  0%| F|  |TAMS 0x0000000716700000, 0x0000000716700000| Untracked 
| 218|0x0000000716800000, 0x0000000716800000, 0x0000000716900000|  0%| F|  |TAMS 0x0000000716800000, 0x0000000716800000| Untracked 
| 219|0x0000000716900000, 0x0000000716900000, 0x0000000716a00000|  0%| F|  |TAMS 0x0000000716900000, 0x0000000716900000| Untracked 
| 220|0x0000000716a00000, 0x0000000716a00000, 0x0000000716b00000|  0%| F|  |TAMS 0x0000000716a00000, 0x0000000716a00000| Untracked 
| 221|0x0000000716b00000, 0x0000000716b00000, 0x0000000716c00000|  0%| F|  |TAMS 0x0000000716b00000, 0x0000000716b00000| Untracked 
| 222|0x0000000716c00000, 0x0000000716c00000, 0x0000000716d00000|  0%| F|  |TAMS 0x0000000716c00000, 0x0000000716c00000| Untracked 
| 223|0x0000000716d00000, 0x0000000716d00000, 0x0000000716e00000|  0%| F|  |TAMS 0x0000000716d00000, 0x0000000716d00000| Untracked 
| 224|0x0000000716e00000, 0x0000000716e00000, 0x0000000716f00000|  0%| F|  |TAMS 0x0000000716e00000, 0x0000000716e00000| Untracked 
| 225|0x0000000716f00000, 0x0000000716f00000, 0x0000000717000000|  0%| F|  |TAMS 0x0000000716f00000, 0x0000000716f00000| Untracked 
| 226|0x0000000717000000, 0x0000000717000000, 0x0000000717100000|  0%| F|  |TAMS 0x0000000717000000, 0x0000000717000000| Untracked 
| 227|0x0000000717100000, 0x0000000717100000, 0x0000000717200000|  0%| F|  |TAMS 0x0000000717100000, 0x0000000717100000| Untracked 
| 228|0x0000000717200000, 0x0000000717200000, 0x0000000717300000|  0%| F|  |TAMS 0x0000000717200000, 0x0000000717200000| Untracked 
| 229|0x0000000717300000, 0x0000000717300000, 0x0000000717400000|  0%| F|  |TAMS 0x0000000717300000, 0x0000000717300000| Untracked 
| 230|0x0000000717400000, 0x0000000717400000, 0x0000000717500000|  0%| F|  |TAMS 0x0000000717400000, 0x0000000717400000| Untracked 
| 231|0x0000000717500000, 0x0000000717500000, 0x0000000717600000|  0%| F|  |TAMS 0x0000000717500000, 0x0000000717500000| Untracked 
| 232|0x0000000717600000, 0x0000000717600000, 0x0000000717700000|  0%| F|  |TAMS 0x0000000717600000, 0x0000000717600000| Untracked 
| 233|0x0000000717700000, 0x0000000717700000, 0x0000000717800000|  0%| F|  |TAMS 0x0000000717700000, 0x0000000717700000| Untracked 
| 234|0x0000000717800000, 0x0000000717800000, 0x0000000717900000|  0%| F|  |TAMS 0x0000000717800000, 0x0000000717800000| Untracked 
| 235|0x0000000717900000, 0x0000000717900000, 0x0000000717a00000|  0%| F|  |TAMS 0x0000000717900000, 0x0000000717900000| Untracked 
| 236|0x0000000717a00000, 0x0000000717a00000, 0x0000000717b00000|  0%| F|  |TAMS 0x0000000717a00000, 0x0000000717a00000| Untracked 
| 237|0x0000000717b00000, 0x0000000717b00000, 0x0000000717c00000|  0%| F|  |TAMS 0x0000000717b00000, 0x0000000717b00000| Untracked 
| 238|0x0000000717c00000, 0x0000000717c00000, 0x0000000717d00000|  0%| F|  |TAMS 0x0000000717c00000, 0x0000000717c00000| Untracked 
| 239|0x0000000717d00000, 0x0000000717d00000, 0x0000000717e00000|  0%| F|  |TAMS 0x0000000717d00000, 0x0000000717d00000| Untracked 
| 240|0x0000000717e00000, 0x0000000717e00000, 0x0000000717f00000|  0%| F|  |TAMS 0x0000000717e00000, 0x0000000717e00000| Untracked 
| 241|0x0000000717f00000, 0x0000000717f00000, 0x0000000718000000|  0%| F|  |TAMS 0x0000000717f00000, 0x0000000717f00000| Untracked 
| 242|0x0000000718000000, 0x0000000718000000, 0x0000000718100000|  0%| F|  |TAMS 0x0000000718000000, 0x0000000718000000| Untracked 
| 243|0x0000000718100000, 0x0000000718100000, 0x0000000718200000|  0%| F|  |TAMS 0x0000000718100000, 0x0000000718100000| Untracked 
| 244|0x0000000718200000, 0x0000000718200000, 0x0000000718300000|  0%| F|  |TAMS 0x0000000718200000, 0x0000000718200000| Untracked 
| 245|0x0000000718300000, 0x0000000718300000, 0x0000000718400000|  0%| F|  |TAMS 0x0000000718300000, 0x0000000718300000| Untracked 
| 246|0x0000000718400000, 0x0000000718400000, 0x0000000718500000|  0%| F|  |TAMS 0x0000000718400000, 0x0000000718400000| Untracked 
| 247|0x0000000718500000, 0x0000000718500000, 0x0000000718600000|  0%| F|  |TAMS 0x0000000718500000, 0x0000000718500000| Untracked 
| 248|0x0000000718600000, 0x0000000718600000, 0x0000000718700000|  0%| F|  |TAMS 0x0000000718600000, 0x0000000718600000| Untracked 
| 249|0x0000000718700000, 0x0000000718700000, 0x0000000718800000|  0%| F|  |TAMS 0x0000000718700000, 0x0000000718700000| Untracked 
| 250|0x0000000718800000, 0x0000000718800000, 0x0000000718900000|  0%| F|  |TAMS 0x0000000718800000, 0x0000000718800000| Untracked 
| 251|0x0000000718900000, 0x0000000718900000, 0x0000000718a00000|  0%| F|  |TAMS 0x0000000718900000, 0x0000000718900000| Untracked 
| 252|0x0000000718a00000, 0x0000000718a00000, 0x0000000718b00000|  0%| F|  |TAMS 0x0000000718a00000, 0x0000000718a00000| Untracked 
| 253|0x0000000718b00000, 0x0000000718b00000, 0x0000000718c00000|  0%| F|  |TAMS 0x0000000718b00000, 0x0000000718b00000| Untracked 
| 254|0x0000000718c00000, 0x0000000718c00000, 0x0000000718d00000|  0%| F|  |TAMS 0x0000000718c00000, 0x0000000718c00000| Untracked 
| 255|0x0000000718d00000, 0x0000000718d00000, 0x0000000718e00000|  0%| F|  |TAMS 0x0000000718d00000, 0x0000000718d00000| Untracked 
| 256|0x0000000718e00000, 0x0000000718e00000, 0x0000000718f00000|  0%| F|  |TAMS 0x0000000718e00000, 0x0000000718e00000| Untracked 
| 257|0x0000000718f00000, 0x0000000718f00000, 0x0000000719000000|  0%| F|  |TAMS 0x0000000718f00000, 0x0000000718f00000| Untracked 
| 258|0x0000000719000000, 0x0000000719000000, 0x0000000719100000|  0%| F|  |TAMS 0x0000000719000000, 0x0000000719000000| Untracked 
| 259|0x0000000719100000, 0x0000000719100000, 0x0000000719200000|  0%| F|  |TAMS 0x0000000719100000, 0x0000000719100000| Untracked 
| 260|0x0000000719200000, 0x0000000719200000, 0x0000000719300000|  0%| F|  |TAMS 0x0000000719200000, 0x0000000719200000| Untracked 
| 261|0x0000000719300000, 0x0000000719300000, 0x0000000719400000|  0%| F|  |TAMS 0x0000000719300000, 0x0000000719300000| Untracked 
| 262|0x0000000719400000, 0x0000000719400000, 0x0000000719500000|  0%| F|  |TAMS 0x0000000719400000, 0x0000000719400000| Untracked 
| 263|0x0000000719500000, 0x0000000719500000, 0x0000000719600000|  0%| F|  |TAMS 0x0000000719500000, 0x0000000719500000| Untracked 
| 264|0x0000000719600000, 0x0000000719600000, 0x0000000719700000|  0%| F|  |TAMS 0x0000000719600000, 0x0000000719600000| Untracked 
| 265|0x0000000719700000, 0x0000000719700000, 0x0000000719800000|  0%| F|  |TAMS 0x0000000719700000, 0x0000000719700000| Untracked 
| 266|0x0000000719800000, 0x0000000719800000, 0x0000000719900000|  0%| F|  |TAMS 0x0000000719800000, 0x0000000719800000| Untracked 
| 267|0x0000000719900000, 0x0000000719900000, 0x0000000719a00000|  0%| F|  |TAMS 0x0000000719900000, 0x0000000719900000| Untracked 
| 268|0x0000000719a00000, 0x0000000719a00000, 0x0000000719b00000|  0%| F|  |TAMS 0x0000000719a00000, 0x0000000719a00000| Untracked 
| 269|0x0000000719b00000, 0x0000000719b00000, 0x0000000719c00000|  0%| F|  |TAMS 0x0000000719b00000, 0x0000000719b00000| Untracked 
| 270|0x0000000719c00000, 0x0000000719c00000, 0x0000000719d00000|  0%| F|  |TAMS 0x0000000719c00000, 0x0000000719c00000| Untracked 
| 271|0x0000000719d00000, 0x0000000719d00000, 0x0000000719e00000|  0%| F|  |TAMS 0x0000000719d00000, 0x0000000719d00000| Untracked 
| 272|0x0000000719e00000, 0x0000000719e00000, 0x0000000719f00000|  0%| F|  |TAMS 0x0000000719e00000, 0x0000000719e00000| Untracked 
| 273|0x0000000719f00000, 0x0000000719f00000, 0x000000071a000000|  0%| F|  |TAMS 0x0000000719f00000, 0x0000000719f00000| Untracked 
| 274|0x000000071a000000, 0x000000071a000000, 0x000000071a100000|  0%| F|  |TAMS 0x000000071a000000, 0x000000071a000000| Untracked 
| 275|0x000000071a100000, 0x000000071a100000, 0x000000071a200000|  0%| F|  |TAMS 0x000000071a100000, 0x000000071a100000| Untracked 
| 276|0x000000071a200000, 0x000000071a200000, 0x000000071a300000|  0%| F|  |TAMS 0x000000071a200000, 0x000000071a200000| Untracked 
| 277|0x000000071a300000, 0x000000071a300000, 0x000000071a400000|  0%| F|  |TAMS 0x000000071a300000, 0x000000071a300000| Untracked 
| 278|0x000000071a400000, 0x000000071a400000, 0x000000071a500000|  0%| F|  |TAMS 0x000000071a400000, 0x000000071a400000| Untracked 
| 279|0x000000071a500000, 0x000000071a500000, 0x000000071a600000|  0%| F|  |TAMS 0x000000071a500000, 0x000000071a500000| Untracked 
| 280|0x000000071a600000, 0x000000071a600000, 0x000000071a700000|  0%| F|  |TAMS 0x000000071a600000, 0x000000071a600000| Untracked 
| 281|0x000000071a700000, 0x000000071a700000, 0x000000071a800000|  0%| F|  |TAMS 0x000000071a700000, 0x000000071a700000| Untracked 
| 282|0x000000071a800000, 0x000000071a800000, 0x000000071a900000|  0%| F|  |TAMS 0x000000071a800000, 0x000000071a800000| Untracked 
| 283|0x000000071a900000, 0x000000071a900000, 0x000000071aa00000|  0%| F|  |TAMS 0x000000071a900000, 0x000000071a900000| Untracked 
| 284|0x000000071aa00000, 0x000000071aa00000, 0x000000071ab00000|  0%| F|  |TAMS 0x000000071aa00000, 0x000000071aa00000| Untracked 
| 285|0x000000071ab00000, 0x000000071ab00000, 0x000000071ac00000|  0%| F|  |TAMS 0x000000071ab00000, 0x000000071ab00000| Untracked 
| 286|0x000000071ac00000, 0x000000071ac00000, 0x000000071ad00000|  0%| F|  |TAMS 0x000000071ac00000, 0x000000071ac00000| Untracked 
| 287|0x000000071ad00000, 0x000000071ae00000, 0x000000071ae00000|100%| E|  |TAMS 0x000000071ad00000, 0x000000071ad00000| Complete 
| 288|0x000000071ae00000, 0x000000071af00000, 0x000000071af00000|100%| E|CS|TAMS 0x000000071ae00000, 0x000000071ae00000| Complete 
| 289|0x000000071af00000, 0x000000071b000000, 0x000000071b000000|100%| E|CS|TAMS 0x000000071af00000, 0x000000071af00000| Complete 
| 290|0x000000071b000000, 0x000000071b100000, 0x000000071b100000|100%| E|CS|TAMS 0x000000071b000000, 0x000000071b000000| Complete 
| 291|0x000000071b100000, 0x000000071b200000, 0x000000071b200000|100%| E|CS|TAMS 0x000000071b100000, 0x000000071b100000| Complete 
| 292|0x000000071b200000, 0x000000071b300000, 0x000000071b300000|100%| E|CS|TAMS 0x000000071b200000, 0x000000071b200000| Complete 
| 293|0x000000071b300000, 0x000000071b400000, 0x000000071b400000|100%| E|CS|TAMS 0x000000071b300000, 0x000000071b300000| Complete 
| 294|0x000000071b400000, 0x000000071b500000, 0x000000071b500000|100%| E|CS|TAMS 0x000000071b400000, 0x000000071b400000| Complete 
| 295|0x000000071b500000, 0x000000071b600000, 0x000000071b600000|100%| E|CS|TAMS 0x000000071b500000, 0x000000071b500000| Complete 
| 296|0x000000071b600000, 0x000000071b700000, 0x000000071b700000|100%| E|CS|TAMS 0x000000071b600000, 0x000000071b600000| Complete 
| 297|0x000000071b700000, 0x000000071b800000, 0x000000071b800000|100%| E|CS|TAMS 0x000000071b700000, 0x000000071b700000| Complete 

Card table byte_map: [0x000001f253530000,0x000001f253cf0000] _byte_map_base: 0x000001f24fce9000

Marking Bits (Prev, Next): (CMBitMap*) 0x000001f23f81d1c0, (CMBitMap*) 0x000001f23f81d188
 Prev Bits: [0x000001f258280000, 0x000001f25c048000)
 Next Bits: [0x000001f2544b0000, 0x000001f258278000)

Polling page: 0x000001f23f8a0000

Metaspace:

Usage:
  Non-class:     52.90 MB capacity,    52.48 MB (>99%) used,   337.42 KB ( <1%) free+waste,    93.31 KB ( <1%) overhead. 
      Class:      6.94 MB capacity,     6.65 MB ( 96%) used,   250.95 KB (  4%) free+waste,    39.38 KB ( <1%) overhead. 
       Both:     59.84 MB capacity,    59.13 MB ( 99%) used,   588.38 KB ( <1%) free+waste,   132.69 KB ( <1%) overhead. 

Virtual space:
  Non-class space:       54.00 MB reserved,      53.05 MB ( 98%) committed 
      Class space:        1.00 GB reserved,       6.95 MB ( <1%) committed 
             Both:        1.05 GB reserved,      60.00 MB (  6%) committed 

Chunk freelists:
   Non-Class:  55.00 KB
       Class:  0 bytes
        Both:  55.00 KB

MaxMetaspaceSize: 17179869184.00 GB
CompressedClassSpaceSize: 1.00 GB
Initial GC threshold: 20.80 MB
Current GC threshold: 98.76 MB
CDS: off

CodeHeap 'non-profiled nmethods': size=120000Kb used=3921Kb max_used=3921Kb free=116078Kb
 bounds [0x000001f24add0000, 0x000001f24b1b0000, 0x000001f252300000]
CodeHeap 'profiled nmethods': size=120000Kb used=20583Kb max_used=20583Kb free=99416Kb
 bounds [0x000001f2438a0000, 0x000001f244cc0000, 0x000001f24add0000]
CodeHeap 'non-nmethods': size=5760Kb used=1302Kb max_used=1388Kb free=4457Kb
 bounds [0x000001f243300000, 0x000001f243570000, 0x000001f2438a0000]
 total_blobs=8151 nmethods=7566 adapters=496
 compilation: enabled
              stopped_count=0, restarted_count=0
 full_count=0

Compilation events (20 events):
Event: 12.962 Thread 0x000001f25f4dd800 7573       3       java.util.Collections$SingletonList::hashCode (11 bytes)
Event: 12.962 Thread 0x000001f25f4dd800 nmethod 7573 0x000001f244c8f490 code [0x000001f244c8f660, 0x000001f244c8f8e8]
Event: 12.963 Thread 0x000001f25f4dd800 7574       3       org.jetbrains.kotlin.resolve.calls.inference.components.FreshVariableNewTypeSubstitutor$Companion::getEmpty (4 bytes)
Event: 12.963 Thread 0x000001f25f4dd800 nmethod 7574 0x000001f244c8fa10 code [0x000001f244c8fbc0, 0x000001f244c8fd18]
Event: 12.963 Thread 0x000001f25f4dd800 7575       3       org.jetbrains.kotlin.resolve.calls.inference.components.FreshVariableNewTypeSubstitutor::access$getEmpty$cp (4 bytes)
Event: 12.964 Thread 0x000001f25f4dd800 nmethod 7575 0x000001f244c8fe10 code [0x000001f244c8ffc0, 0x000001f244c900b8]
Event: 12.965 Thread 0x000001f25f4dd800 7576       3       org.jetbrains.kotlin.types.TypeSubstitutionKt::replace (70 bytes)
Event: 12.967 Thread 0x000001f25f4dd800 nmethod 7576 0x000001f244c90190 code [0x000001f244c90540, 0x000001f244c91ac8]
Event: 12.967 Thread 0x000001f25f4dd800 7578       3       org.jetbrains.kotlin.resolve.calls.components.ClassicTypeSystemContextForCS::captureFromArguments (7 bytes)
Event: 12.967 Thread 0x000001f25f4dd800 nmethod 7578 0x000001f244c92190 code [0x000001f244c92340, 0x000001f244c92468]
Event: 12.967 Thread 0x000001f25f4dd800 7579       3       org.jetbrains.kotlin.resolve.calls.inference.model.NewConstraintSystemImpl::captureFromArguments (26 bytes)
Event: 12.969 Thread 0x000001f25f4dd800 nmethod 7579 0x000001f244c92510 code [0x000001f244c927c0, 0x000001f244c93308]
Event: 12.969 Thread 0x000001f25f4dd800 7581       3       org.jetbrains.kotlin.builtins.FunctionTypesKt::isFunctionType (42 bytes)
Event: 12.970 Thread 0x000001f25f4dd800 nmethod 7581 0x000001f244c93710 code [0x000001f244c93ac0, 0x000001f244c95058]
Event: 12.970 Thread 0x000001f25f4dd800 7580       3       org.jetbrains.kotlin.resolve.calls.components.ClassicTypeSystemContextForCS::supertypes (6 bytes)
Event: 12.971 Thread 0x000001f25f4dd800 nmethod 7580 0x000001f244c95690 code [0x000001f244c95840, 0x000001f244c95968]
Event: 12.971 Thread 0x000001f25f4dd800 7577       1       org.jetbrains.kotlin.builtins.functions.FunctionClassDescriptor$FunctionTypeConstructor::getDeclarationDescriptor (5 bytes)
Event: 12.971 Thread 0x000001f25f4dd800 nmethod 7577 0x000001f24b19ee10 code [0x000001f24b19efc0, 0x000001f24b19f078]
Event: 12.971 Thread 0x000001f25f4dd800 7582       3       org.jetbrains.kotlin.builtins.functions.FunctionClassDescriptor::getContainingDeclaration (8 bytes)
Event: 12.971 Thread 0x000001f25f4dd800 nmethod 7582 0x000001f244c95a10 code [0x000001f244c95bc0, 0x000001f244c95df8]

GC Heap History (14 events):
Event: 1.350 GC heap before
{Heap before GC invocations=0 (full 0):
 garbage-first heap   total 253952K, used 28672K [0x0000000708e00000, 0x0000000800000000)
  region size 1024K, 24 young (24576K), 0 survivors (0K)
 Metaspace       used 12328K, capacity 12458K, committed 12672K, reserved 1060864K
  class space    used 1104K, capacity 1149K, committed 1152K, reserved 1048576K
}
Event: 1.355 GC heap after
{Heap after GC invocations=1 (full 0):
 garbage-first heap   total 253952K, used 7316K [0x0000000708e00000, 0x0000000800000000)
  region size 1024K, 3 young (3072K), 3 survivors (3072K)
 Metaspace       used 12328K, capacity 12458K, committed 12672K, reserved 1060864K
  class space    used 1104K, capacity 1149K, committed 1152K, reserved 1048576K
}
Event: 2.668 GC heap before
{Heap before GC invocations=1 (full 0):
 garbage-first heap   total 253952K, used 43156K [0x0000000708e00000, 0x0000000800000000)
  region size 1024K, 39 young (39936K), 3 survivors (3072K)
 Metaspace       used 20888K, capacity 21088K, committed 21296K, reserved 1069056K
  class space    used 2199K, capacity 2309K, committed 2432K, reserved 1048576K
}
Event: 2.679 GC heap after
{Heap after GC invocations=2 (full 0):
 garbage-first heap   total 253952K, used 11388K [0x0000000708e00000, 0x0000000800000000)
  region size 1024K, 7 young (7168K), 7 survivors (7168K)
 Metaspace       used 20888K, capacity 21088K, committed 21296K, reserved 1069056K
  class space    used 2199K, capacity 2309K, committed 2432K, reserved 1048576K
}
Event: 4.740 GC heap before
{Heap before GC invocations=3 (full 0):
 garbage-first heap   total 253952K, used 65660K [0x0000000708e00000, 0x0000000800000000)
  region size 1024K, 54 young (55296K), 7 survivors (7168K)
 Metaspace       used 32342K, capacity 32796K, committed 32944K, reserved 1079296K
  class space    used 3844K, capacity 4038K, committed 4096K, reserved 1048576K
}
Event: 4.760 GC heap after
{Heap after GC invocations=4 (full 0):
 garbage-first heap   total 253952K, used 23274K [0x0000000708e00000, 0x0000000800000000)
  region size 1024K, 6 young (6144K), 6 survivors (6144K)
 Metaspace       used 32342K, capacity 32796K, committed 32944K, reserved 1079296K
  class space    used 3844K, capacity 4038K, committed 4096K, reserved 1048576K
}
Event: 5.276 GC heap before
{Heap before GC invocations=4 (full 0):
 garbage-first heap   total 253952K, used 35562K [0x0000000708e00000, 0x0000000800000000)
  region size 1024K, 19 young (19456K), 6 survivors (6144K)
 Metaspace       used 35428K, capacity 35848K, committed 35920K, reserved 1081344K
  class space    used 4399K, capacity 4585K, committed 4608K, reserved 1048576K
}
Event: 5.286 GC heap after
{Heap after GC invocations=5 (full 0):
 garbage-first heap   total 253952K, used 25201K [0x0000000708e00000, 0x0000000800000000)
  region size 1024K, 2 young (2048K), 2 survivors (2048K)
 Metaspace       used 35428K, capacity 35848K, committed 35920K, reserved 1081344K
  class space    used 4399K, capacity 4585K, committed 4608K, reserved 1048576K
}
Event: 7.788 GC heap before
{Heap before GC invocations=6 (full 0):
 garbage-first heap   total 253952K, used 92785K [0x0000000708e00000, 0x0000000800000000)
  region size 1024K, 68 young (69632K), 2 survivors (2048K)
 Metaspace       used 49305K, capacity 49878K, committed 50204K, reserved 1093632K
  class space    used 5829K, capacity 6058K, committed 6092K, reserved 1048576K
}
Event: 7.804 GC heap after
{Heap after GC invocations=7 (full 0):
 garbage-first heap   total 253952K, used 31824K [0x0000000708e00000, 0x0000000800000000)
  region size 1024K, 9 young (9216K), 9 survivors (9216K)
 Metaspace       used 49305K, capacity 49878K, committed 50204K, reserved 1093632K
  class space    used 5829K, capacity 6058K, committed 6092K, reserved 1048576K
}
Event: 10.653 GC heap before
{Heap before GC invocations=7 (full 0):
 garbage-first heap   total 253952K, used 134224K [0x0000000708e00000, 0x0000000800000000)
  region size 1024K, 108 young (110592K), 9 survivors (9216K)
 Metaspace       used 56888K, capacity 57507K, committed 57756K, reserved 1099776K
  class space    used 6475K, capacity 6710K, committed 6732K, reserved 1048576K
}
Event: 10.691 GC heap after
{Heap after GC invocations=8 (full 0):
 garbage-first heap   total 253952K, used 45646K [0x0000000708e00000, 0x0000000800000000)
  region size 1024K, 14 young (14336K), 14 survivors (14336K)
 Metaspace       used 56888K, capacity 57507K, committed 57756K, reserved 1099776K
  class space    used 6475K, capacity 6710K, committed 6732K, reserved 1048576K
}
Event: 12.124 GC heap before
{Heap before GC invocations=8 (full 0):
 garbage-first heap   total 253952K, used 100942K [0x0000000708e00000, 0x0000000800000000)
  region size 1024K, 69 young (70656K), 14 survivors (14336K)
 Metaspace       used 59659K, capacity 60266K, committed 60420K, reserved 1103872K
  class space    used 6760K, capacity 7030K, committed 7116K, reserved 1048576K
}
Event: 12.189 GC heap after
{Heap after GC invocations=9 (full 0):
 garbage-first heap   total 305152K, used 52949K [0x0000000708e00000, 0x0000000800000000)
  region size 1024K, 7 young (7168K), 7 survivors (7168K)
 Metaspace       used 59659K, capacity 60266K, committed 60420K, reserved 1103872K
  class space    used 6760K, capacity 7030K, committed 7116K, reserved 1048576K
}

Deoptimization events (20 events):
Event: 12.829 Thread 0x000001f23f7bc000 Uncommon trap: trap_request=0xffffffc6 fr.pc=0x000001f24aff964c relative=0x00000000000011ac
Event: 12.829 Thread 0x000001f23f7bc000 Uncommon trap: reason=bimorphic_or_optimized_type_check action=maybe_recompile pc=0x000001f24aff964c method=gnu.trove.TObjectHash.insertionIndex(Ljava/lang/Object;)I @ 30 c2
Event: 12.829 Thread 0x000001f23f7bc000 DEOPT PACKING pc=0x000001f24aff964c sp=0x000000339aefb730
Event: 12.829 Thread 0x000001f23f7bc000 DEOPT UNPACKING pc=0x000001f24334a1af sp=0x000000339aefb6e0 mode 2
Event: 12.862 Thread 0x000001f23f7bc000 Uncommon trap: trap_request=0xffffffde fr.pc=0x000001f24b18a2a0 relative=0x0000000000000fa0
Event: 12.862 Thread 0x000001f23f7bc000 Uncommon trap: reason=class_check action=maybe_recompile pc=0x000001f24b18a2a0 method=kotlin.collections.CollectionsKt___CollectionsKt.toSet(Ljava/lang/Iterable;)Ljava/util/Set; @ 58 c2
Event: 12.862 Thread 0x000001f23f7bc000 DEOPT PACKING pc=0x000001f24b18a2a0 sp=0x000000339aefa740
Event: 12.862 Thread 0x000001f23f7bc000 DEOPT UNPACKING pc=0x000001f24334a1af sp=0x000000339aefa720 mode 2
Event: 12.877 Thread 0x000001f23f7bc000 Uncommon trap: trap_request=0xffffffc6 fr.pc=0x000001f24b0a162c relative=0x000000000000008c
Event: 12.877 Thread 0x000001f23f7bc000 Uncommon trap: reason=bimorphic_or_optimized_type_check action=maybe_recompile pc=0x000001f24b0a162c method=org.jetbrains.kotlin.types.TypeConstructorSubstitution$Companion$createByConstructorsMap$1.isEmpty()Z @ 4 c2
Event: 12.877 Thread 0x000001f23f7bc000 DEOPT PACKING pc=0x000001f24b0a162c sp=0x000000339aefaf00
Event: 12.877 Thread 0x000001f23f7bc000 DEOPT UNPACKING pc=0x000001f24334a1af sp=0x000000339aefae88 mode 2
Event: 12.879 Thread 0x000001f23f7bc000 Uncommon trap: trap_request=0xffffffc6 fr.pc=0x000001f24b0a162c relative=0x000000000000008c
Event: 12.879 Thread 0x000001f23f7bc000 Uncommon trap: reason=bimorphic_or_optimized_type_check action=maybe_recompile pc=0x000001f24b0a162c method=org.jetbrains.kotlin.types.TypeConstructorSubstitution$Companion$createByConstructorsMap$1.isEmpty()Z @ 4 c2
Event: 12.879 Thread 0x000001f23f7bc000 DEOPT PACKING pc=0x000001f24b0a162c sp=0x000000339aefae90
Event: 12.879 Thread 0x000001f23f7bc000 DEOPT UNPACKING pc=0x000001f24334a1af sp=0x000000339aefae18 mode 2
Event: 12.958 Thread 0x000001f23f7bc000 Uncommon trap: trap_request=0xffffffc6 fr.pc=0x000001f24b03438c relative=0x00000000000006ec
Event: 12.958 Thread 0x000001f23f7bc000 Uncommon trap: reason=bimorphic_or_optimized_type_check action=maybe_recompile pc=0x000001f24b03438c method=org.jetbrains.kotlin.com.intellij.psi.impl.source.tree.TreeElement.rawRemoveUpToWithoutNotifications(Lorg/jetbrains/kotlin/com/intellij/psi/impl/so
Event: 12.958 Thread 0x000001f23f7bc000 DEOPT PACKING pc=0x000001f24b03438c sp=0x000000339aefb820
Event: 12.958 Thread 0x000001f23f7bc000 DEOPT UNPACKING pc=0x000001f24334a1af sp=0x000000339aefb7c0 mode 2

Classes redefined (0 events):
No events

Internal exceptions (20 events):
Event: 3.637 Thread 0x000001f23f7bc000 Exception <a 'java/lang/NoSuchMethodError'{0x0000000716fb6140}: 'void java.lang.invoke.DirectMethodHandle$Holder.invokeStaticInit(java.lang.Object, java.lang.Object)'> (0x0000000716fb6140) thrown at [./src/hotspot/share/interpreter/linkResolver.cpp, line 773]
Event: 3.939 Thread 0x000001f23f7bc000 Exception <a 'java/lang/NoSuchMethodError'{0x0000000716714760}: 'void java.lang.invoke.DirectMethodHandle$Holder.invokeVirtual(java.lang.Object, java.lang.Object)'> (0x0000000716714760) thrown at [./src/hotspot/share/interpreter/linkResolver.cpp, line 773]
Event: 3.958 Thread 0x000001f23f7bc000 Exception <a 'java/lang/NoSuchMethodError'{0x00000007167a7c18}: 'int java.lang.invoke.DirectMethodHandle$Holder.invokeVirtual(java.lang.Object, java.lang.Object)'> (0x00000007167a7c18) thrown at [./src/hotspot/share/interpreter/linkResolver.cpp, line 773]
Event: 5.546 Thread 0x000001f23f7bc000 Exception <a 'java/lang/NoSuchMethodError'{0x0000000717d69318}: 'java.lang.Object java.lang.invoke.DirectMethodHandle$Holder.invokeVirtual(java.lang.Object, java.lang.Object, java.lang.Object)'> (0x0000000717d69318) thrown at [./src/hotspot/share/interpreter/linkResolver.cpp, line 773]
Event: 6.929 Thread 0x000001f23f7bc000 Exception <a 'java/lang/NoSuchMethodError'{0x0000000715345360}: 'java.lang.Object java.lang.invoke.Invokers$Holder.linkToTargetMethod(java.lang.Object, int, java.lang.Object)'> (0x0000000715345360) thrown at [./src/hotspot/share/interpreter/linkResolver.cpp, line 773]
Event: 7.230 Thread 0x000001f23f7bc000 Exception <a 'java/lang/NoSuchMethodError'{0x0000000714f30fc8}: 'java.lang.Object java.lang.invoke.DirectMethodHandle$Holder.invokeStatic(java.lang.Object, java.lang.Object, java.lang.Object, int)'> (0x0000000714f30fc8) thrown at [./src/hotspot/share/interpreter/linkResolver.cpp, line 773]
Event: 7.230 Thread 0x000001f23f7bc000 Exception <a 'java/lang/NoSuchMethodError'{0x0000000714f34c38}: 'java.lang.Object java.lang.invoke.DirectMethodHandle$Holder.invokeSpecial(java.lang.Object, java.lang.Object, java.lang.Object, java.lang.Object, int)'> (0x0000000714f34c38) thrown at [./src/hotspot/share/interpreter/linkResolver.cpp, line 773]
Event: 7.231 Thread 0x000001f23f7bc000 Exception <a 'java/lang/NoSuchMethodError'{0x0000000714f37f48}: 'java.lang.Object java.lang.invoke.Invokers$Holder.linkToTargetMethod(java.lang.Object, java.lang.Object, int, java.lang.Object)'> (0x0000000714f37f48) thrown at [./src/hotspot/share/interpreter/linkResolver.cpp, line 773]
Event: 8.926 Thread 0x000001f23f7bc000 Exception <a 'java/lang/NoSuchMethodError'{0x0000000714a76ec8}: 'java.lang.Object java.lang.invoke.Invokers$Holder.linkToTargetMethod(java.lang.Object, java.lang.Object, java.lang.Object, java.lang.Object, java.lang.Object, java.lang.Object)'> (0x0000000714a76ec8) thrown at [./src/hotspot/share/interpreter/linkResolver.cpp, line 773]
Event: 8.999 Thread 0x000001f23f7bc000 Implicit null exception at 0x000001f24ae7b3f5 to 0x000001f24ae7b5dc
Event: 9.021 Thread 0x000001f23f7bc000 Implicit null exception at 0x000001f24af27d4c to 0x000001f24af27e34
Event: 9.858 Thread 0x000001f23f7bc000 Exception <a 'java/lang/NoSuchMethodError'{0x0000000712f5f608}: 'java.lang.Object java.lang.invoke.DirectMethodHandle$Holder.invokeStaticInit(java.lang.Object, java.lang.Object, java.lang.Object)'> (0x0000000712f5f608) thrown at [./src/hotspot/share/interpreter/linkResolver.cpp, line 773]
Event: 10.867 Thread 0x000001f23f7bc000 Exception <a 'java/lang/NoSuchMethodError'{0x0000000717f84ac0}: 'int java.lang.invoke.DirectMethodHandle$Holder.invokeStaticInit(java.lang.Object, int)'> (0x0000000717f84ac0) thrown at [./src/hotspot/share/interpreter/linkResolver.cpp, line 773]
Event: 10.899 Thread 0x000001f23f7bc000 Implicit null exception at 0x000001f24b0980dc to 0x000001f24b098a50
Event: 11.176 Thread 0x000001f23f7bc000 Exception <a 'java/lang/NoSuchMethodError'{0x00000007176274e0}: 'int java.lang.invoke.DirectMethodHandle$Holder.invokeInterface(java.lang.Object, java.lang.Object)'> (0x00000007176274e0) thrown at [./src/hotspot/share/interpreter/linkResolver.cpp, line 773]
Event: 11.456 Thread 0x000001f23f7bc000 Exception <a 'java/lang/NoSuchMethodError'{0x0000000715c826d0}: 'java.lang.Object java.lang.invoke.Invokers$Holder.linkToTargetMethod(java.lang.Object, java.lang.Object, java.lang.Object, int, int, java.lang.Object)'> (0x0000000715c826d0) thrown at [./src/hotspot/share/interpreter/linkResolver.cpp, line 773]
Event: 11.854 Thread 0x000001f23f7bc000 Exception <a 'java/lang/NoSuchMethodError'{0x0000000715510b30}: 'java.lang.Object java.lang.invoke.DirectMethodHandle$Holder.invokeInterface(java.lang.Object, java.lang.Object, java.lang.Object)'> (0x0000000715510b30) thrown at [./src/hotspot/share/interpreter/linkResolver.cpp, line 773]
Event: 11.854 Thread 0x000001f23f7bc000 Exception <a 'java/lang/IncompatibleClassChangeError'{0x0000000715513d60}: Found class java.lang.Object, but interface was expected> (0x0000000715513d60) thrown at [./src/hotspot/share/interpreter/linkResolver.cpp, line 839]
Event: 11.956 Thread 0x000001f23f7bc000 Exception <a 'java/lang/NoSuchMethodError'{0x0000000715102d80}: 'java.lang.Object java.lang.invoke.DirectMethodHandle$Holder.invokeStatic(java.lang.Object, int, java.lang.Object, java.lang.Object)'> (0x0000000715102d80) thrown at [./src/hotspot/share/interpreter/linkResolver.cpp, line 773]
Event: 12.015 Thread 0x000001f23f7bc000 Exception <a 'java/lang/NoSuchMethodError'{0x00000007151f0c98}: 'java.lang.Object java.lang.invoke.Invokers$Holder.linkToTargetMethod(java.lang.Object, java.lang.Object, java.lang.Object, java.lang.Object, java.lang.Object, java.lang.Object, java.lang.Object)'> (0x00000007151f0c98) thrown at [./src/hotspot/share/interpreter/linkResolver.cpp, line 773]

Events (20 events):
Event: 12.881 loading class org/jetbrains/kotlin/util/CheckResult$IllegalSignature
Event: 12.881 loading class org/jetbrains/kotlin/util/CheckResult$IllegalSignature done
Event: 12.895 loading class org/jetbrains/kotlin/resolve/checkers/PrimitiveNumericComparisonInfo
Event: 12.895 loading class org/jetbrains/kotlin/resolve/checkers/PrimitiveNumericComparisonInfo done
Event: 12.920 loading class org/jetbrains/kotlin/contracts/model/functors/AndFunctor
Event: 12.920 loading class org/jetbrains/kotlin/contracts/model/functors/AndFunctor done
Event: 12.921 loading class org/jetbrains/kotlin/contracts/model/functors/AbstractBinaryFunctor
Event: 12.921 loading class org/jetbrains/kotlin/contracts/model/functors/AbstractBinaryFunctor done
Event: 12.922 loading class org/jetbrains/kotlin/contracts/model/functors/AndFunctor$invokeWithReturningEffects$conditionWhenTrue$1
Event: 12.922 loading class org/jetbrains/kotlin/contracts/model/functors/AndFunctor$invokeWithReturningEffects$conditionWhenTrue$1 done
Event: 12.922 loading class org/jetbrains/kotlin/contracts/model/functors/FunctorsUtilsKt
Event: 12.922 loading class org/jetbrains/kotlin/contracts/model/functors/FunctorsUtilsKt done
Event: 12.923 loading class org/jetbrains/kotlin/contracts/model/functors/AndFunctor$invokeWithReturningEffects$conditionWhenFalse$1
Event: 12.923 loading class org/jetbrains/kotlin/contracts/model/functors/AndFunctor$invokeWithReturningEffects$conditionWhenFalse$1 done
Event: 12.968 Executing VM operation: ICBufferFull
Event: 12.968 Executing VM operation: ICBufferFull done
Event: 12.970 loading class org/jetbrains/kotlin/resolve/calls/inference/model/LowerPriorityToPreserveCompatibility
Event: 12.970 loading class org/jetbrains/kotlin/resolve/calls/inference/model/LowerPriorityToPreserveCompatibility done
Event: 12.971 loading class org/jetbrains/kotlin/resolve/FunctionDescriptorResolver$resolveValueParameters$containsErrorType$1
Event: 12.971 loading class org/jetbrains/kotlin/resolve/FunctionDescriptorResolver$resolveValueParameters$containsErrorType$1 done


Dynamic libraries:
0x00007ff778320000 - 0x00007ff77832a000 	C:\Program Files\Android\Android Studio\jre\bin\java.exe
0x00007ffd54770000 - 0x00007ffd54968000 	C:\Windows\SYSTEM32\ntdll.dll
0x00007ffd541a0000 - 0x00007ffd5425f000 	C:\Windows\System32\KERNEL32.DLL
0x00007ffd52300000 - 0x00007ffd525d2000 	C:\Windows\System32\KERNELBASE.dll
0x00007ffd52030000 - 0x00007ffd52130000 	C:\Windows\System32\ucrtbase.dll
0x00007ffd40450000 - 0x00007ffd40469000 	C:\Program Files\Android\Android Studio\jre\bin\jli.dll
0x00007ffd4f5e0000 - 0x00007ffd4f5f7000 	C:\Program Files\Android\Android Studio\jre\bin\VCRUNTIME140.dll
0x00007ffd531e0000 - 0x00007ffd53381000 	C:\Windows\System32\USER32.dll
0x00007ffd51e70000 - 0x00007ffd51e92000 	C:\Windows\System32\win32u.dll
0x00007ffd41630000 - 0x00007ffd418ca000 	C:\Windows\WinSxS\amd64_microsoft.windows.common-controls_6595b64144ccf1df_6.0.19041.1110_none_60b5254171f9507e\COMCTL32.dll
0x00007ffd52bf0000 - 0x00007ffd52c1b000 	C:\Windows\System32\GDI32.dll
0x00007ffd53780000 - 0x00007ffd5381e000 	C:\Windows\System32\msvcrt.dll
0x00007ffd52680000 - 0x00007ffd5278f000 	C:\Windows\System32\gdi32full.dll
0x00007ffd525e0000 - 0x00007ffd5267d000 	C:\Windows\System32\msvcp_win.dll
0x00007ffd53820000 - 0x00007ffd53850000 	C:\Windows\System32\IMM32.DLL
0x00007ffd3caf0000 - 0x00007ffd3cb8d000 	C:\Program Files\Android\Android Studio\jre\bin\msvcp140.dll
0x00007ffd0ea50000 - 0x00007ffd0f552000 	C:\Program Files\Android\Android Studio\jre\bin\server\jvm.dll
0x00007ffd527e0000 - 0x00007ffd5288e000 	C:\Windows\System32\ADVAPI32.dll
0x00007ffd54470000 - 0x00007ffd5450c000 	C:\Windows\System32\sechost.dll
0x00007ffd52c20000 - 0x00007ffd52d44000 	C:\Windows\System32\RPCRT4.dll
0x00007ffd527d0000 - 0x00007ffd527d8000 	C:\Windows\System32\PSAPI.DLL
0x00007ffd3b210000 - 0x00007ffd3b219000 	C:\Windows\SYSTEM32\WSOCK32.dll
0x00007ffd45990000 - 0x00007ffd459b7000 	C:\Windows\SYSTEM32\WINMM.dll
0x00007ffd53850000 - 0x00007ffd538bb000 	C:\Windows\System32\WS2_32.dll
0x00007ffd4ac60000 - 0x00007ffd4ac6a000 	C:\Windows\SYSTEM32\VERSION.dll
0x00007ffd4fc50000 - 0x00007ffd4fc62000 	C:\Windows\SYSTEM32\kernel.appcore.dll
0x00007ffd2a340000 - 0x00007ffd2a351000 	C:\Program Files\Android\Android Studio\jre\bin\verify.dll
0x00007ffd44bf0000 - 0x00007ffd44dd4000 	C:\Windows\SYSTEM32\DBGHELP.DLL
0x00007ffd40a20000 - 0x00007ffd40a55000 	C:\Windows\SYSTEM32\dbgcore.DLL
0x00007ffd51f50000 - 0x00007ffd51fd2000 	C:\Windows\System32\bcryptPrimitives.dll
0x00007ffd29b30000 - 0x00007ffd29b59000 	C:\Program Files\Android\Android Studio\jre\bin\java.dll
0x00007ffd2b8a0000 - 0x00007ffd2b8ab000 	C:\Program Files\Android\Android Studio\jre\bin\jimage.dll
0x00007ffd25590000 - 0x00007ffd255a8000 	C:\Program Files\Android\Android Studio\jre\bin\zip.dll
0x00007ffd538c0000 - 0x00007ffd54005000 	C:\Windows\System32\SHELL32.dll
0x00007ffd4ff30000 - 0x00007ffd506c2000 	C:\Windows\SYSTEM32\windows.storage.dll
0x00007ffd52890000 - 0x00007ffd52be5000 	C:\Windows\System32\combase.dll
0x00007ffd51860000 - 0x00007ffd51890000 	C:\Windows\SYSTEM32\Wldp.dll
0x00007ffd540f0000 - 0x00007ffd5419d000 	C:\Windows\System32\SHCORE.dll
0x00007ffd54090000 - 0x00007ffd540e5000 	C:\Windows\System32\shlwapi.dll
0x00007ffd51db0000 - 0x00007ffd51dcf000 	C:\Windows\SYSTEM32\profapi.dll
0x00007ffd20350000 - 0x00007ffd2036a000 	C:\Program Files\Android\Android Studio\jre\bin\net.dll
0x00007ffd4aaf0000 - 0x00007ffd4abfa000 	C:\Windows\SYSTEM32\WINHTTP.dll
0x00007ffd51550000 - 0x00007ffd515ba000 	C:\Windows\system32\mswsock.dll
0x00007ffd20330000 - 0x00007ffd20344000 	C:\Program Files\Android\Android Studio\jre\bin\nio.dll

dbghelp: loaded successfully - version: 4.0.5 - missing functions: none
symbol engine: initialized successfully - sym options: 0x614 - pdb path: .;C:\Program Files\Android\Android Studio\jre\bin;C:\Windows\SYSTEM32;C:\Windows\WinSxS\amd64_microsoft.windows.common-controls_6595b64144ccf1df_6.0.19041.1110_none_60b5254171f9507e;C:\Program Files\Android\Android Studio\jre\bin\server

VM Arguments:
java_command: org.jetbrains.kotlin.cli.jvm.K2JVMCompiler @C:\Users\TUF\AndroidStudioProjects\MyAbsent\app\build\20230329_13720030395444705949.compiler.options
java_class_path (initial): C:\Users\TUF\.gradle\caches\modules-2\files-2.1\org.jetbrains.kotlin\kotlin-compiler-embeddable\1.7.20\8db18559a581dd2c36ddfd5046af145650f5b126\kotlin-compiler-embeddable-1.7.20.jar;C:\Users\TUF\.gradle\caches\modules-2\files-2.1\org.jetbrains.kotlin\kotlin-reflect\1.7.20\12b2501e33bb6373e8e347c86d85481863629381\kotlin-reflect-1.7.20.jar;C:\Users\TUF\.gradle\caches\modules-2\files-2.1\org.jetbrains.kotlin\kotlin-stdlib\1.7.20\726594ea9ba2beb2ee113647fefa9a10f9fabe52\kotlin-stdlib-1.7.20.jar;C:\Users\TUF\.gradle\caches\modules-2\files-2.1\org.jetbrains.kotlin\kotlin-script-runtime\1.7.20\bcd1cc6f865e632550357fcc59f5ffd532615a8\kotlin-script-runtime-1.7.20.jar;C:\Users\TUF\.gradle\caches\modules-2\files-2.1\org.jetbrains.kotlin\kotlin-daemon-embeddable\1.7.20\1e24355adad8d529d75d5b19eab55484057431ba\kotlin-daemon-embeddable-1.7.20.jar;C:\Users\TUF\.gradle\caches\modules-2\files-2.1\org.jetbrains.intellij.deps\trove4j\1.0.20200330\3afb14d5f9ceb459d724e907a21145e8ff394f02\trove4j-1.0.20200330.jar;C:\Users\TUF\.gradle\caches\modules-2\files-2.1\net.java.dev.jna\jna\5.6.0\330f2244e9030119ab3030fc3fededc86713d9cc\jna-5.6.0.jar;C:\Users\TUF\.gradle\caches\modules-2\files-2.1\org.jetbrains.kotlin\kotlin-stdlib-common\1.7.20\e15351bdaf9fa06f009be5da7a202e4184f00ae3\kotlin-stdlib-common-1.7.20.jar;C:\Users\TUF\.gradle\caches\modules-2\files-2.1\org.jetbrains\annotations\13.0\919f0dfe192fb4e063e7dacadee7f8bb9a2672a9\annotations-13.0.jar
Launcher Type: SUN_STANDARD

[Global flags]
     intx CICompilerCount                          = 4                                         {product} {ergonomic}
     uint ConcGCThreads                            = 2                                         {product} {ergonomic}
     uint G1ConcRefinementThreads                  = 8                                         {product} {ergonomic}
   size_t G1HeapRegionSize                         = 1048576                                   {product} {ergonomic}
    uintx GCDrainStackTargetSize                   = 64                                        {product} {ergonomic}
   size_t InitialHeapSize                          = 260046848                                 {product} {ergonomic}
   size_t MarkStackSize                            = 4194304                                   {product} {ergonomic}
   size_t MaxHeapSize                              = 4146069504                                {product} {ergonomic}
   size_t MaxNewSize                               = 2487222272                                {product} {ergonomic}
   size_t MinHeapDeltaBytes                        = 1048576                                   {product} {ergonomic}
    uintx NonNMethodCodeHeapSize                   = 5836300                                {pd product} {ergonomic}
    uintx NonProfiledCodeHeapSize                  = 122910970                              {pd product} {ergonomic}
    uintx ProfiledCodeHeapSize                     = 122910970                              {pd product} {ergonomic}
    uintx ReservedCodeCacheSize                    = 251658240                              {pd product} {ergonomic}
     bool SegmentedCodeCache                       = true                                      {product} {ergonomic}
     bool UseCompressedClassPointers               = true                                 {lp64_product} {ergonomic}
     bool UseCompressedOops                        = true                                 {lp64_product} {ergonomic}
     bool UseG1GC                                  = true                                      {product} {ergonomic}
     bool UseLargePagesIndividualAllocation        = false                                  {pd product} {ergonomic}

Logging:
Log output configuration:
 #0: stdout all=warning uptime,level,tags
 #1: stderr all=off uptime,level,tags

Environment Variables:
JAVA_HOME=C:\Users\TUF\AppData\Local\Programs\Zulu Ver 11
PATH=C:\Program Files (x86)\Common Files\Oracle\Java\javapath;C:\ProgramData\Oracle\Java\javapath;C:\Program Files (x86)\Common Files\Intel\Shared Libraries\redist\intel64\compiler;C:\Windows\system32;C:\Windows;C:\Windows\System32\Wbem;C:\Windows\System32\WindowsPowerShell\v1.0\;C:\Windows\System32\OpenSSH\;C:\Program Files (x86)\HP\Common\HPDestPlgIn\;C:\Program Files\Microsoft SQL Server\150\Tools\Binn\;C:\Program Files\dotnet\;C:\Program Files\NVIDIA Corporation\NVIDIA NvDLISR;C:\Program Files\nodejs\;C:\Users\TUF\AppData\Local\Programs\Zulu Ver 11\bin;C:\Program Files\Git\cmd;C:\Program Files (x86)\NVIDIA Corporation\PhysX\Common;C:\ProgramData\ComposerSetup\bin;C:\xampp\php;C:\Users\TUF\AppData\Local\Programs\Visual Studio Code\Microsoft VS Code\bin;C:\Program Files (x86)\HP\Common\HPDestPlgIn\;C:\Users\TUF\.dotnet\tools;C:\Users\TUF\AppData\Roaming\npm;D:\Hasil Unduhan\Program\SpeedTest Ookla;C:\Users\TUF\AppData\Roaming\Composer\vendor\bin
USERNAME=TUF
OS=Windows_NT
PROCESSOR_IDENTIFIER=AMD64 Family 23 Model 24 Stepping 1, AuthenticAMD



---------------  S Y S T E M  ---------------

OS: Windows 10 , 64 bit Build 19041 (10.0.19041.2546)
OS uptime: 2 days 2:01 hours

CPU:total 8 (initial active 8) (8 cores per cpu, 2 threads per core) family 23 model 24 stepping 1 microcode 0x0, cmov, cx8, fxsr, mmx, sse, sse2, sse3, ssse3, sse4.1, sse4.2, popcnt, avx, avx2, aes, clmul, mmxext, 3dnowpref, lzcnt, sse4a, ht, tsc, tscinvbit, tscinv, bmi1, bmi2, adx, sha, fma

Memory: 4k page, system-wide physical 15809M (3131M free)
TotalPageFile size 17857M (AvailPageFile size 1M)
current process WorkingSet (physical memory assigned to process): 366M, peak: 366M
current process commit charge ("private bytes"): 526M, peak: 527M

vm_info: OpenJDK 64-Bit Server VM (11.0.13+0-b1751.21-8125866) for windows-amd64 JRE (11.0.13+0-b1751.21-8125866), built on Feb  2 2022 03:00:22 by "builder" with MS VC++ 14.0 (VS2015)

END.
